Building DAG of jobs...
MissingInputException in rule all in file /group/ctbrowngrp2/scratch/annie/2024-pigparadigm/workflow/Snakefile_m, line 16:
Missing input files for rule all:
    affected files:
        ../results/compare_human/csv/bariatricusxSRR8960980.csv
        ../results/compare_human/csv/bariatricusxSRR8960631.csv
        ../results/compare_human/csv/ecolixSRR8960915.csv
        ../results/compare_human/csv/bariatricusxSRR8960303.csv
        ../results/compare_human/csv/RUG472xSRR8960303.csv
        ../results/compare_human/csv/lamylovorusxSRR8960440.csv
        ../results/compare_human/csv/RUG472xSRR8960980.csv
        ../results/compare_human/csv/bariatricusxSRR8960200.csv
        ../results/compare_human/csv/RUG472xSRR8960631.csv
        ../results/compare_human/csv/lamylovorusxSRR8960980.csv
        ../results/compare_human/csv/lreuterixSRR8960200.csv
        ../results/compare_human/csv/ecolixSRR8960631.csv
        ../results/compare_human/csv/ecolixSRR11125655.csv
        ../results/compare_human/csv/lamylovorusxSRR8960721.csv
        ../results/compare_human/csv/RUG472xSRR8960440.csv
        ../results/compare_human/csv/ecolixSRR8960721.csv
        ../results/compare_human/csv/lreuterixSRR8960631.csv
        ../results/compare_human/csv/lamylovorusxSRR8960631.csv
        ../results/compare_human/csv/lreuterixSRR8960303.csv
        ../results/compare_human/csv/lamylovorusxSRR8960200.csv
        ../results/compare_human/csv/lreuterixSRR8960915.csv
        ../results/compare_human/csv/RUG472xSRR8960721.csv
        ../results/compare_human/csv/bariatricusxSRR11125655.csv
        ../results/compare_human/csv/ecolixSRR8960326.csv
        ../results/compare_human/csv/lamylovorusxSRR8960731.csv
        ../results/compare_human/csv/ecolixSRR8960440.csv
        ../results/compare_human/csv/bariatricusxSRR8960721.csv
        ../results/compare_human/csv/ecolixSRR8960980.csv
        ../results/compare_human/csv/RUG472xSRR8960326.csv
        ../results/compare_human/csv/RUG472xSRR8960915.csv
        ../results/compare_human/csv/bariatricusxSRR8960326.csv
        ../results/compare_human/csv/lreuterixSRR8960731.csv
        ../results/compare_human/csv/ecolixSRR8960200.csv
        ../results/compare_human/csv/ecolixSRR8960731.csv
        ../results/compare_human/csv/RUG472xSRR8960200.csv
        ../results/compare_human/csv/ecolixSRR8960303.csv
        ../results/compare_human/csv/lreuterixSRR8960721.csv
        ../results/compare_human/csv/lreuterixSRR8960440.csv
        ../results/compare_human/csv/lreuterixSRR11125655.csv
        ../results/compare_human/csv/lamylovorusxSRR11125655.csv
        ../results/compare_human/csv/lreuterixSRR8960980.csv
        ../results/compare_human/csv/RUG472xSRR8960731.csv
        ../results/compare_human/csv/lamylovorusxSRR8960303.csv
        ../results/compare_human/csv/RUG472xSRR11125655.csv
        ../results/compare_human/csv/lreuterixSRR8960326.csv
        ../results/compare_human/csv/bariatricusxSRR8960440.csv
        ../results/compare_human/csv/bariatricusxSRR8960731.csv
        ../results/compare_human/csv/lamylovorusxSRR8960915.csv
        ../results/compare_human/csv/bariatricusxSRR8960915.csv
        ../results/compare_human/csv/lamylovorusxSRR8960326.csv
