Building DAG of jobs...
Using shell: /usr/bin/bash
Provided cores: 1 (use --cores to define parallelism)
Rules claiming more threads will be scaled down.
Job stats:
job             count
------------  -------
all                 1
pick_species        5
total               6

Select jobs to execute...
Execute 1 jobs...

[Fri Jul 19 11:21:18 2024]
localrule pick_species:
    output: ../results/pangenome/Blautia_A_sp003471165.csv
    jobid: 5
    reason: Missing output files: ../results/pangenome/Blautia_A_sp003471165.csv; Code has changed since last execution; Params have changed since last execution
    wildcards: species=Blautia_A_sp003471165
    resources: tmpdir=/tmp

Activating conda environment: branchwater
[Fri Jul 19 11:21:38 2024]
Finished job 5.
1 of 6 steps (17%) done
Select jobs to execute...
Execute 1 jobs...

[Fri Jul 19 11:21:38 2024]
localrule pick_species:
    output: ../results/pangenome/Dysosmobacter_sp019417795.csv
    jobid: 1
    reason: Missing output files: ../results/pangenome/Dysosmobacter_sp019417795.csv
    wildcards: species=Dysosmobacter_sp019417795
    resources: tmpdir=/tmp

Activating conda environment: branchwater
[Fri Jul 19 11:21:56 2024]
Finished job 1.
2 of 6 steps (33%) done
Select jobs to execute...
Execute 1 jobs...

[Fri Jul 19 11:21:56 2024]
localrule pick_species:
    output: ../results/pangenome/Onthomonas_sp900758315.csv
    jobid: 2
    reason: Missing output files: ../results/pangenome/Onthomonas_sp900758315.csv
    wildcards: species=Onthomonas_sp900758315
    resources: tmpdir=/tmp

Activating conda environment: branchwater
[Fri Jul 19 11:22:12 2024]
Finished job 2.
3 of 6 steps (50%) done
Select jobs to execute...
Execute 1 jobs...

[Fri Jul 19 11:22:12 2024]
localrule pick_species:
    output: ../results/pangenome/Gemmiger_formicilis.csv
    jobid: 4
    reason: Missing output files: ../results/pangenome/Gemmiger_formicilis.csv
    wildcards: species=Gemmiger_formicilis
    resources: tmpdir=/tmp

Activating conda environment: branchwater
[Fri Jul 19 11:22:26 2024]
Finished job 4.
4 of 6 steps (67%) done
Select jobs to execute...
Execute 1 jobs...

[Fri Jul 19 11:22:26 2024]
localrule pick_species:
    output: ../results/pangenome/Escherichia_coli.csv
    jobid: 3
    reason: Missing output files: ../results/pangenome/Escherichia_coli.csv
    wildcards: species=Escherichia_coli
    resources: tmpdir=/tmp

Activating conda environment: branchwater
[Fri Jul 19 11:22:42 2024]
Finished job 3.
5 of 6 steps (83%) done
Select jobs to execute...
Execute 1 jobs...

[Fri Jul 19 11:22:42 2024]
localrule all:
    input: ../results/pangenome/Dysosmobacter_sp019417795.csv, ../results/pangenome/Onthomonas_sp900758315.csv, ../results/pangenome/Escherichia_coli.csv, ../results/pangenome/Gemmiger_formicilis.csv, ../results/pangenome/Blautia_A_sp003471165.csv
    jobid: 0
    reason: Input files updated by another job: ../results/pangenome/Escherichia_coli.csv, ../results/pangenome/Gemmiger_formicilis.csv, ../results/pangenome/Onthomonas_sp900758315.csv, ../results/pangenome/Blautia_A_sp003471165.csv, ../results/pangenome/Dysosmobacter_sp019417795.csv
    resources: tmpdir=/tmp

[Fri Jul 19 11:22:42 2024]
Finished job 0.
6 of 6 steps (100%) done
Complete log: .snakemake/log/2024-07-19T112115.527638.snakemake.log
