Building DAG of jobs...
Using shell: /usr/bin/bash
Provided cores: 4
Rules claiming more threads will be scaled down.
Provided resources: mem_mb=20000
Job stats:
job         count
--------  -------
all             1
classify      100
total         101

Select jobs to execute...

[Wed Jul  3 15:40:01 2024]
rule classify:
    input: ../results/viral_pangenomic_test/Cluster_1570.rankt.csv, ../results/sourmash/sketches/read_s100/SRR8960303.sig.gz
    output: ../results/viral_pangenomic_test/classify/Cluster_1570xSRR8960303.txt
    jobid: 14
    reason: Missing output files: ../results/viral_pangenomic_test/classify/Cluster_1570xSRR8960303.txt
    wildcards: ident=Cluster_1570, metag=SRR8960303
    resources: tmpdir=/tmp

Activating conda environment: branchwater

[Wed Jul  3 15:40:03 2024]
rule classify:
    input: ../results/viral_pangenomic_test/Cluster_4249.rankt.csv, ../results/sourmash/sketches/read_s100/SRR11125655.sig.gz
    output: ../results/viral_pangenomic_test/classify/Cluster_4249xSRR11125655.txt
    jobid: 39
    reason: Missing output files: ../results/viral_pangenomic_test/classify/Cluster_4249xSRR11125655.txt
    wildcards: ident=Cluster_4249, metag=SRR11125655
    resources: tmpdir=/tmp

Activating conda environment: branchwater

[Wed Jul  3 15:40:03 2024]
rule classify:
    input: ../results/viral_pangenomic_test/Cluster_5352.rankt.csv, ../results/sourmash/sketches/read_s100/SRR8960721.sig.gz
    output: ../results/viral_pangenomic_test/classify/Cluster_5352xSRR8960721.txt
    jobid: 91
    reason: Missing output files: ../results/viral_pangenomic_test/classify/Cluster_5352xSRR8960721.txt
    wildcards: ident=Cluster_5352, metag=SRR8960721
    resources: tmpdir=/tmp

Activating conda environment: branchwater

[Wed Jul  3 15:40:03 2024]
rule classify:
    input: ../results/viral_pangenomic_test/Cluster_1570.rankt.csv, ../results/sourmash/sketches/read_s100/SRR11125655.sig.gz
    output: ../results/viral_pangenomic_test/classify/Cluster_1570xSRR11125655.txt
    jobid: 11
    reason: Missing output files: ../results/viral_pangenomic_test/classify/Cluster_1570xSRR11125655.txt
    wildcards: ident=Cluster_1570, metag=SRR11125655
    resources: tmpdir=/tmp

Activating conda environment: branchwater
[Wed Jul  3 15:40:47 2024]
Finished job 39.
1 of 101 steps (1%) done
Select jobs to execute...

[Wed Jul  3 15:40:47 2024]
rule classify:
    input: ../results/viral_pangenomic_test/Cluster_13353.rankt.csv, ../results/sourmash/sketches/read_s100/SRR8960440.sig.gz
    output: ../results/viral_pangenomic_test/classify/Cluster_13353xSRR8960440.txt
    jobid: 132
    reason: Missing output files: ../results/viral_pangenomic_test/classify/Cluster_13353xSRR8960440.txt
    wildcards: ident=Cluster_13353, metag=SRR8960440
    resources: tmpdir=/tmp

Activating conda environment: branchwater
[Wed Jul  3 15:40:47 2024]
Finished job 11.
2 of 101 steps (2%) done
Select jobs to execute...

[Wed Jul  3 15:40:47 2024]
rule classify:
    input: ../results/viral_pangenomic_test/Cluster_1919.rankt.csv, ../results/sourmash/sketches/read_s100/SRR8960200.sig.gz
    output: ../results/viral_pangenomic_test/classify/Cluster_1919xSRR8960200.txt
    jobid: 55
    reason: Missing output files: ../results/viral_pangenomic_test/classify/Cluster_1919xSRR8960200.txt
    wildcards: ident=Cluster_1919, metag=SRR8960200
    resources: tmpdir=/tmp

Activating conda environment: branchwater
[Wed Jul  3 15:41:02 2024]
Finished job 14.
3 of 101 steps (3%) done
Select jobs to execute...

[Wed Jul  3 15:41:02 2024]
rule classify:
    input: ../results/viral_pangenomic_test/Cluster_265.rankt.csv, ../results/sourmash/sketches/read_s100/SRR8960915.sig.gz
    output: ../results/viral_pangenomic_test/classify/Cluster_265xSRR8960915.txt
    jobid: 107
    reason: Missing output files: ../results/viral_pangenomic_test/classify/Cluster_265xSRR8960915.txt
    wildcards: ident=Cluster_265, metag=SRR8960915
    resources: tmpdir=/tmp

Activating conda environment: branchwater
[Wed Jul  3 15:41:07 2024]
Finished job 91.
4 of 101 steps (4%) done
Select jobs to execute...

[Wed Jul  3 15:41:07 2024]
rule classify:
    input: ../results/viral_pangenomic_test/Cluster_4249.rankt.csv, ../results/sourmash/sketches/read_s100/SRR8960980.sig.gz
    output: ../results/viral_pangenomic_test/classify/Cluster_4249xSRR8960980.txt
    jobid: 29
    reason: Missing output files: ../results/viral_pangenomic_test/classify/Cluster_4249xSRR8960980.txt
    wildcards: ident=Cluster_4249, metag=SRR8960980
    resources: tmpdir=/tmp

Activating conda environment: branchwater
[Wed Jul  3 15:41:38 2024]
Finished job 29.
5 of 101 steps (5%) done
Select jobs to execute...

[Wed Jul  3 15:41:38 2024]
rule classify:
    input: ../results/viral_pangenomic_test/Cluster_2.rankt.csv, ../results/sourmash/sketches/read_s100/SRR8960631.sig.gz
    output: ../results/viral_pangenomic_test/classify/Cluster_2xSRR8960631.txt
    jobid: 80
    reason: Missing output files: ../results/viral_pangenomic_test/classify/Cluster_2xSRR8960631.txt
    wildcards: ident=Cluster_2, metag=SRR8960631
    resources: tmpdir=/tmp

Activating conda environment: branchwater
[Wed Jul  3 15:41:48 2024]
Finished job 132.
6 of 101 steps (6%) done
Select jobs to execute...

[Wed Jul  3 15:41:48 2024]
rule classify:
    input: ../results/viral_pangenomic_test/Cluster_2.rankt.csv, ../results/sourmash/sketches/read_s100/SRR11125655.sig.gz
    output: ../results/viral_pangenomic_test/classify/Cluster_2xSRR11125655.txt
    jobid: 81
    reason: Missing output files: ../results/viral_pangenomic_test/classify/Cluster_2xSRR11125655.txt
    wildcards: ident=Cluster_2, metag=SRR11125655
    resources: tmpdir=/tmp

Activating conda environment: branchwater
[Wed Jul  3 15:41:56 2024]
Finished job 55.
7 of 101 steps (7%) done
Select jobs to execute...

[Wed Jul  3 15:41:56 2024]
rule classify:
    input: ../results/viral_pangenomic_test/Cluster_13353.rankt.csv, ../results/sourmash/sketches/read_s100/SRR8960721.sig.gz
    output: ../results/viral_pangenomic_test/classify/Cluster_13353xSRR8960721.txt
    jobid: 133
    reason: Missing output files: ../results/viral_pangenomic_test/classify/Cluster_13353xSRR8960721.txt
    wildcards: ident=Cluster_13353, metag=SRR8960721
    resources: tmpdir=/tmp

Activating conda environment: branchwater
[Wed Jul  3 15:42:06 2024]
Finished job 107.
8 of 101 steps (8%) done
Select jobs to execute...

[Wed Jul  3 15:42:06 2024]
rule classify:
    input: ../results/viral_pangenomic_test/Cluster_1919.rankt.csv, ../results/sourmash/sketches/read_s100/SRR8960303.sig.gz
    output: ../results/viral_pangenomic_test/classify/Cluster_1919xSRR8960303.txt
    jobid: 56
    reason: Missing output files: ../results/viral_pangenomic_test/classify/Cluster_1919xSRR8960303.txt
    wildcards: ident=Cluster_1919, metag=SRR8960303
    resources: tmpdir=/tmp

Activating conda environment: branchwater
[Wed Jul  3 15:42:27 2024]
Finished job 81.
9 of 101 steps (9%) done
Select jobs to execute...

[Wed Jul  3 15:42:27 2024]
rule classify:
    input: ../results/viral_pangenomic_test/Cluster_325.rankt.csv, ../results/sourmash/sketches/read_s100/SRR8960200.sig.gz
    output: ../results/viral_pangenomic_test/classify/Cluster_325xSRR8960200.txt
    jobid: 125
    reason: Missing output files: ../results/viral_pangenomic_test/classify/Cluster_325xSRR8960200.txt
    wildcards: ident=Cluster_325, metag=SRR8960200
    resources: tmpdir=/tmp

Activating conda environment: branchwater
[Wed Jul  3 15:42:39 2024]
Finished job 80.
10 of 101 steps (10%) done
Select jobs to execute...

[Wed Jul  3 15:42:39 2024]
rule classify:
    input: ../results/viral_pangenomic_test/Cluster_325.rankt.csv, ../results/sourmash/sketches/read_s100/SRR8960303.sig.gz
    output: ../results/viral_pangenomic_test/classify/Cluster_325xSRR8960303.txt
    jobid: 126
    reason: Missing output files: ../results/viral_pangenomic_test/classify/Cluster_325xSRR8960303.txt
    wildcards: ident=Cluster_325, metag=SRR8960303
    resources: tmpdir=/tmp

Activating conda environment: branchwater
[Wed Jul  3 15:43:00 2024]
Finished job 133.
11 of 101 steps (11%) done
Select jobs to execute...

[Wed Jul  3 15:43:00 2024]
rule classify:
    input: ../results/viral_pangenomic_test/Cluster_980.rankt.csv, ../results/sourmash/sketches/read_s100/SRR8960440.sig.gz
    output: ../results/viral_pangenomic_test/classify/Cluster_980xSRR8960440.txt
    jobid: 20
    reason: Missing output files: ../results/viral_pangenomic_test/classify/Cluster_980xSRR8960440.txt
    wildcards: ident=Cluster_980, metag=SRR8960440
    resources: tmpdir=/tmp

Activating conda environment: branchwater
[Wed Jul  3 15:43:10 2024]
Finished job 56.
12 of 101 steps (12%) done
Select jobs to execute...

[Wed Jul  3 15:43:10 2024]
rule classify:
    input: ../results/viral_pangenomic_test/Cluster_13353.rankt.csv, ../results/sourmash/sketches/read_s100/SRR8960980.sig.gz
    output: ../results/viral_pangenomic_test/classify/Cluster_13353xSRR8960980.txt
    jobid: 127
    reason: Missing output files: ../results/viral_pangenomic_test/classify/Cluster_13353xSRR8960980.txt
    wildcards: ident=Cluster_13353, metag=SRR8960980
    resources: tmpdir=/tmp

Activating conda environment: branchwater
[Wed Jul  3 15:43:35 2024]
Finished job 125.
13 of 101 steps (13%) done
Select jobs to execute...

[Wed Jul  3 15:43:35 2024]
rule classify:
    input: ../results/viral_pangenomic_test/Cluster_29.rankt.csv, ../results/sourmash/sketches/read_s100/SRR8960980.sig.gz
    output: ../results/viral_pangenomic_test/classify/Cluster_29xSRR8960980.txt
    jobid: 57
    reason: Missing output files: ../results/viral_pangenomic_test/classify/Cluster_29xSRR8960980.txt
    wildcards: ident=Cluster_29, metag=SRR8960980
    resources: tmpdir=/tmp

Activating conda environment: branchwater
[Wed Jul  3 15:43:38 2024]
Finished job 127.
14 of 101 steps (14%) done
Select jobs to execute...

[Wed Jul  3 15:43:38 2024]
rule classify:
    input: ../results/viral_pangenomic_test/Cluster_265.rankt.csv, ../results/sourmash/sketches/read_s100/SRR11125655.sig.gz
    output: ../results/viral_pangenomic_test/classify/Cluster_265xSRR11125655.txt
    jobid: 109
    reason: Missing output files: ../results/viral_pangenomic_test/classify/Cluster_265xSRR11125655.txt
    wildcards: ident=Cluster_265, metag=SRR11125655
    resources: tmpdir=/tmp

Activating conda environment: branchwater
[Wed Jul  3 15:43:41 2024]
Finished job 126.
15 of 101 steps (15%) done
Select jobs to execute...

[Wed Jul  3 15:43:41 2024]
rule classify:
    input: ../results/viral_pangenomic_test/Cluster_2.rankt.csv, ../results/sourmash/sketches/read_s100/SRR8960200.sig.gz
    output: ../results/viral_pangenomic_test/classify/Cluster_2xSRR8960200.txt
    jobid: 83
    reason: Missing output files: ../results/viral_pangenomic_test/classify/Cluster_2xSRR8960200.txt
    wildcards: ident=Cluster_2, metag=SRR8960200
    resources: tmpdir=/tmp

Activating conda environment: branchwater
[Wed Jul  3 15:43:56 2024]
Finished job 20.
16 of 101 steps (16%) done
Select jobs to execute...

[Wed Jul  3 15:43:56 2024]
rule classify:
    input: ../results/viral_pangenomic_test/Cluster_13353.rankt.csv, ../results/sourmash/sketches/read_s100/SRR8960915.sig.gz
    output: ../results/viral_pangenomic_test/classify/Cluster_13353xSRR8960915.txt
    jobid: 135
    reason: Missing output files: ../results/viral_pangenomic_test/classify/Cluster_13353xSRR8960915.txt
    wildcards: ident=Cluster_13353, metag=SRR8960915
    resources: tmpdir=/tmp

Activating conda environment: branchwater
[Wed Jul  3 15:44:05 2024]
Finished job 57.
17 of 101 steps (17%) done
Select jobs to execute...

[Wed Jul  3 15:44:05 2024]
rule classify:
    input: ../results/viral_pangenomic_test/Cluster_13353.rankt.csv, ../results/sourmash/sketches/read_s100/SRR8960326.sig.gz
    output: ../results/viral_pangenomic_test/classify/Cluster_13353xSRR8960326.txt
    jobid: 134
    reason: Missing output files: ../results/viral_pangenomic_test/classify/Cluster_13353xSRR8960326.txt
    wildcards: ident=Cluster_13353, metag=SRR8960326
    resources: tmpdir=/tmp

Activating conda environment: branchwater
[Wed Jul  3 15:44:16 2024]
Finished job 109.
18 of 101 steps (18%) done
Select jobs to execute...

[Wed Jul  3 15:44:16 2024]
rule classify:
    input: ../results/viral_pangenomic_test/Cluster_265.rankt.csv, ../results/sourmash/sketches/read_s100/SRR8960731.sig.gz
    output: ../results/viral_pangenomic_test/classify/Cluster_265xSRR8960731.txt
    jobid: 110
    reason: Missing output files: ../results/viral_pangenomic_test/classify/Cluster_265xSRR8960731.txt
    wildcards: ident=Cluster_265, metag=SRR8960731
    resources: tmpdir=/tmp

Activating conda environment: branchwater
[Wed Jul  3 15:44:48 2024]
Finished job 83.
19 of 101 steps (19%) done
Select jobs to execute...

[Wed Jul  3 15:44:48 2024]
rule classify:
    input: ../results/viral_pangenomic_test/Cluster_2.rankt.csv, ../results/sourmash/sketches/read_s100/SRR8960303.sig.gz
    output: ../results/viral_pangenomic_test/classify/Cluster_2xSRR8960303.txt
    jobid: 84
    reason: Missing output files: ../results/viral_pangenomic_test/classify/Cluster_2xSRR8960303.txt
    wildcards: ident=Cluster_2, metag=SRR8960303
    resources: tmpdir=/tmp

Activating conda environment: branchwater
[Wed Jul  3 15:44:59 2024]
Finished job 135.
20 of 101 steps (20%) done
Select jobs to execute...

[Wed Jul  3 15:44:59 2024]
rule classify:
    input: ../results/viral_pangenomic_test/Cluster_13353.rankt.csv, ../results/sourmash/sketches/read_s100/SRR8960631.sig.gz
    output: ../results/viral_pangenomic_test/classify/Cluster_13353xSRR8960631.txt
    jobid: 136
    reason: Missing output files: ../results/viral_pangenomic_test/classify/Cluster_13353xSRR8960631.txt
    wildcards: ident=Cluster_13353, metag=SRR8960631
    resources: tmpdir=/tmp

Activating conda environment: branchwater
[Wed Jul  3 15:45:13 2024]
Finished job 134.
21 of 101 steps (21%) done
Select jobs to execute...

[Wed Jul  3 15:45:13 2024]
rule classify:
    input: ../results/viral_pangenomic_test/Cluster_980.rankt.csv, ../results/sourmash/sketches/read_s100/SRR8960980.sig.gz
    output: ../results/viral_pangenomic_test/classify/Cluster_980xSRR8960980.txt
    jobid: 15
    reason: Missing output files: ../results/viral_pangenomic_test/classify/Cluster_980xSRR8960980.txt
    wildcards: ident=Cluster_980, metag=SRR8960980
    resources: tmpdir=/tmp

Activating conda environment: branchwater
[Wed Jul  3 15:45:18 2024]
Finished job 110.
22 of 101 steps (22%) done
Select jobs to execute...

[Wed Jul  3 15:45:18 2024]
rule classify:
    input: ../results/viral_pangenomic_test/Cluster_29.rankt.csv, ../results/sourmash/sketches/read_s100/SRR11125655.sig.gz
    output: ../results/viral_pangenomic_test/classify/Cluster_29xSRR11125655.txt
    jobid: 67
    reason: Missing output files: ../results/viral_pangenomic_test/classify/Cluster_29xSRR11125655.txt
    wildcards: ident=Cluster_29, metag=SRR11125655
    resources: tmpdir=/tmp

Activating conda environment: branchwater
[Wed Jul  3 15:45:42 2024]
Finished job 15.
23 of 101 steps (23%) done
Select jobs to execute...

[Wed Jul  3 15:45:42 2024]
rule classify:
    input: ../results/viral_pangenomic_test/Cluster_325.rankt.csv, ../results/sourmash/sketches/read_s100/SRR8960721.sig.gz
    output: ../results/viral_pangenomic_test/classify/Cluster_325xSRR8960721.txt
    jobid: 119
    reason: Missing output files: ../results/viral_pangenomic_test/classify/Cluster_325xSRR8960721.txt
    wildcards: ident=Cluster_325, metag=SRR8960721
    resources: tmpdir=/tmp

Activating conda environment: branchwater
[Wed Jul  3 15:45:51 2024]
Finished job 84.
24 of 101 steps (24%) done
Select jobs to execute...

[Wed Jul  3 15:45:51 2024]
rule classify:
    input: ../results/viral_pangenomic_test/Cluster_1919.rankt.csv, ../results/sourmash/sketches/read_s100/SRR8960731.sig.gz
    output: ../results/viral_pangenomic_test/classify/Cluster_1919xSRR8960731.txt
    jobid: 54
    reason: Missing output files: ../results/viral_pangenomic_test/classify/Cluster_1919xSRR8960731.txt
    wildcards: ident=Cluster_1919, metag=SRR8960731
    resources: tmpdir=/tmp

Activating conda environment: branchwater
[Wed Jul  3 15:45:59 2024]
Finished job 136.
25 of 101 steps (25%) done
Select jobs to execute...

[Wed Jul  3 15:45:59 2024]
rule classify:
    input: ../results/viral_pangenomic_test/Cluster_13353.rankt.csv, ../results/sourmash/sketches/read_s100/SRR8960200.sig.gz
    output: ../results/viral_pangenomic_test/classify/Cluster_13353xSRR8960200.txt
    jobid: 139
    reason: Missing output files: ../results/viral_pangenomic_test/classify/Cluster_13353xSRR8960200.txt
    wildcards: ident=Cluster_13353, metag=SRR8960200
    resources: tmpdir=/tmp

Activating conda environment: branchwater
[Wed Jul  3 15:46:00 2024]
Finished job 67.
26 of 101 steps (26%) done
Select jobs to execute...

[Wed Jul  3 15:46:00 2024]
rule classify:
    input: ../results/viral_pangenomic_test/Cluster_265.rankt.csv, ../results/sourmash/sketches/read_s100/SRR8960326.sig.gz
    output: ../results/viral_pangenomic_test/classify/Cluster_265xSRR8960326.txt
    jobid: 106
    reason: Missing output files: ../results/viral_pangenomic_test/classify/Cluster_265xSRR8960326.txt
    wildcards: ident=Cluster_265, metag=SRR8960326
    resources: tmpdir=/tmp

Activating conda environment: branchwater
[Wed Jul  3 15:46:48 2024]
Finished job 119.
27 of 101 steps (27%) done
Select jobs to execute...

[Wed Jul  3 15:46:48 2024]
rule classify:
    input: ../results/viral_pangenomic_test/Cluster_4249.rankt.csv, ../results/sourmash/sketches/read_s100/SRR8960200.sig.gz
    output: ../results/viral_pangenomic_test/classify/Cluster_4249xSRR8960200.txt
    jobid: 41
    reason: Missing output files: ../results/viral_pangenomic_test/classify/Cluster_4249xSRR8960200.txt
    wildcards: ident=Cluster_4249, metag=SRR8960200
    resources: tmpdir=/tmp

Activating conda environment: branchwater
[Wed Jul  3 15:46:55 2024]
Finished job 54.
28 of 101 steps (28%) done
Select jobs to execute...

[Wed Jul  3 15:46:56 2024]
rule classify:
    input: ../results/viral_pangenomic_test/Cluster_5352.rankt.csv, ../results/sourmash/sketches/read_s100/SRR8960915.sig.gz
    output: ../results/viral_pangenomic_test/classify/Cluster_5352xSRR8960915.txt
    jobid: 93
    reason: Missing output files: ../results/viral_pangenomic_test/classify/Cluster_5352xSRR8960915.txt
    wildcards: ident=Cluster_5352, metag=SRR8960915
    resources: tmpdir=/tmp

Activating conda environment: branchwater
[Wed Jul  3 15:47:05 2024]
Finished job 139.
29 of 101 steps (29%) done
Select jobs to execute...

[Wed Jul  3 15:47:05 2024]
rule classify:
    input: ../results/viral_pangenomic_test/Cluster_325.rankt.csv, ../results/sourmash/sketches/read_s100/SRR8960980.sig.gz
    output: ../results/viral_pangenomic_test/classify/Cluster_325xSRR8960980.txt
    jobid: 113
    reason: Missing output files: ../results/viral_pangenomic_test/classify/Cluster_325xSRR8960980.txt
    wildcards: ident=Cluster_325, metag=SRR8960980
    resources: tmpdir=/tmp

Activating conda environment: branchwater
[Wed Jul  3 15:47:09 2024]
Finished job 106.
30 of 101 steps (30%) done
Select jobs to execute...

[Wed Jul  3 15:47:09 2024]
rule classify:
    input: ../results/viral_pangenomic_test/Cluster_980.rankt.csv, ../results/sourmash/sketches/read_s100/SRR8960303.sig.gz
    output: ../results/viral_pangenomic_test/classify/Cluster_980xSRR8960303.txt
    jobid: 28
    reason: Missing output files: ../results/viral_pangenomic_test/classify/Cluster_980xSRR8960303.txt
    wildcards: ident=Cluster_980, metag=SRR8960303
    resources: tmpdir=/tmp

Activating conda environment: branchwater
[Wed Jul  3 15:47:35 2024]
Finished job 113.
31 of 101 steps (31%) done
Select jobs to execute...

[Wed Jul  3 15:47:35 2024]
rule classify:
    input: ../results/viral_pangenomic_test/Cluster_29.rankt.csv, ../results/sourmash/sketches/read_s100/SRR8960200.sig.gz
    output: ../results/viral_pangenomic_test/classify/Cluster_29xSRR8960200.txt
    jobid: 69
    reason: Missing output files: ../results/viral_pangenomic_test/classify/Cluster_29xSRR8960200.txt
    wildcards: ident=Cluster_29, metag=SRR8960200
    resources: tmpdir=/tmp

Activating conda environment: branchwater
[Wed Jul  3 15:47:57 2024]
Finished job 93.
32 of 101 steps (32%) done
Select jobs to execute...

[Wed Jul  3 15:47:57 2024]
rule classify:
    input: ../results/viral_pangenomic_test/Cluster_325.rankt.csv, ../results/sourmash/sketches/read_s100/SRR8960915.sig.gz
    output: ../results/viral_pangenomic_test/classify/Cluster_325xSRR8960915.txt
    jobid: 121
    reason: Missing output files: ../results/viral_pangenomic_test/classify/Cluster_325xSRR8960915.txt
    wildcards: ident=Cluster_325, metag=SRR8960915
    resources: tmpdir=/tmp

Activating conda environment: branchwater
[Wed Jul  3 15:47:57 2024]
Finished job 41.
33 of 101 steps (33%) done
Select jobs to execute...

[Wed Jul  3 15:47:57 2024]
rule classify:
    input: ../results/viral_pangenomic_test/Cluster_2.rankt.csv, ../results/sourmash/sketches/read_s100/SRR8960721.sig.gz
    output: ../results/viral_pangenomic_test/classify/Cluster_2xSRR8960721.txt
    jobid: 77
    reason: Missing output files: ../results/viral_pangenomic_test/classify/Cluster_2xSRR8960721.txt
    wildcards: ident=Cluster_2, metag=SRR8960721
    resources: tmpdir=/tmp

Activating conda environment: branchwater
[Wed Jul  3 15:48:12 2024]
Finished job 28.
34 of 101 steps (34%) done
Select jobs to execute...

[Wed Jul  3 15:48:12 2024]
rule classify:
    input: ../results/viral_pangenomic_test/Cluster_265.rankt.csv, ../results/sourmash/sketches/read_s100/SRR8960631.sig.gz
    output: ../results/viral_pangenomic_test/classify/Cluster_265xSRR8960631.txt
    jobid: 108
    reason: Missing output files: ../results/viral_pangenomic_test/classify/Cluster_265xSRR8960631.txt
    wildcards: ident=Cluster_265, metag=SRR8960631
    resources: tmpdir=/tmp

Activating conda environment: branchwater
[Wed Jul  3 15:48:41 2024]
Finished job 69.
35 of 101 steps (35%) done
Select jobs to execute...

[Wed Jul  3 15:48:42 2024]
rule classify:
    input: ../results/viral_pangenomic_test/Cluster_980.rankt.csv, ../results/sourmash/sketches/read_s100/SRR8960326.sig.gz
    output: ../results/viral_pangenomic_test/classify/Cluster_980xSRR8960326.txt
    jobid: 22
    reason: Missing output files: ../results/viral_pangenomic_test/classify/Cluster_980xSRR8960326.txt
    wildcards: ident=Cluster_980, metag=SRR8960326
    resources: tmpdir=/tmp

Activating conda environment: branchwater
[Wed Jul  3 15:49:03 2024]
Finished job 121.
36 of 101 steps (36%) done
Select jobs to execute...

[Wed Jul  3 15:49:03 2024]
rule classify:
    input: ../results/viral_pangenomic_test/Cluster_5352.rankt.csv, ../results/sourmash/sketches/read_s100/SRR8960440.sig.gz
    output: ../results/viral_pangenomic_test/classify/Cluster_5352xSRR8960440.txt
    jobid: 90
    reason: Missing output files: ../results/viral_pangenomic_test/classify/Cluster_5352xSRR8960440.txt
    wildcards: ident=Cluster_5352, metag=SRR8960440
    resources: tmpdir=/tmp

Activating conda environment: branchwater
[Wed Jul  3 15:49:03 2024]
Finished job 77.
37 of 101 steps (37%) done
Select jobs to execute...

[Wed Jul  3 15:49:03 2024]
rule classify:
    input: ../results/viral_pangenomic_test/Cluster_4249.rankt.csv, ../results/sourmash/sketches/read_s100/SRR8960721.sig.gz
    output: ../results/viral_pangenomic_test/classify/Cluster_4249xSRR8960721.txt
    jobid: 35
    reason: Missing output files: ../results/viral_pangenomic_test/classify/Cluster_4249xSRR8960721.txt
    wildcards: ident=Cluster_4249, metag=SRR8960721
    resources: tmpdir=/tmp

Activating conda environment: branchwater
[Wed Jul  3 15:49:12 2024]
Finished job 108.
38 of 101 steps (38%) done
Select jobs to execute...

[Wed Jul  3 15:49:12 2024]
rule classify:
    input: ../results/viral_pangenomic_test/Cluster_1919.rankt.csv, ../results/sourmash/sketches/read_s100/SRR8960980.sig.gz
    output: ../results/viral_pangenomic_test/classify/Cluster_1919xSRR8960980.txt
    jobid: 43
    reason: Missing output files: ../results/viral_pangenomic_test/classify/Cluster_1919xSRR8960980.txt
    wildcards: ident=Cluster_1919, metag=SRR8960980
    resources: tmpdir=/tmp

Activating conda environment: branchwater
[Wed Jul  3 15:49:42 2024]
Finished job 43.
39 of 101 steps (39%) done
Select jobs to execute...

[Wed Jul  3 15:49:42 2024]
rule classify:
    input: ../results/viral_pangenomic_test/Cluster_1919.rankt.csv, ../results/sourmash/sketches/read_s100/SRR8960440.sig.gz
    output: ../results/viral_pangenomic_test/classify/Cluster_1919xSRR8960440.txt
    jobid: 48
    reason: Missing output files: ../results/viral_pangenomic_test/classify/Cluster_1919xSRR8960440.txt
    wildcards: ident=Cluster_1919, metag=SRR8960440
    resources: tmpdir=/tmp

Activating conda environment: branchwater
[Wed Jul  3 15:49:51 2024]
Finished job 22.
40 of 101 steps (40%) done
Select jobs to execute...

[Wed Jul  3 15:49:51 2024]
rule classify:
    input: ../results/viral_pangenomic_test/Cluster_5352.rankt.csv, ../results/sourmash/sketches/read_s100/SRR11125655.sig.gz
    output: ../results/viral_pangenomic_test/classify/Cluster_5352xSRR11125655.txt
    jobid: 95
    reason: Missing output files: ../results/viral_pangenomic_test/classify/Cluster_5352xSRR11125655.txt
    wildcards: ident=Cluster_5352, metag=SRR11125655
    resources: tmpdir=/tmp

Activating conda environment: branchwater
[Wed Jul  3 15:50:03 2024]
Finished job 90.
41 of 101 steps (41%) done
Select jobs to execute...

[Wed Jul  3 15:50:03 2024]
rule classify:
    input: ../results/viral_pangenomic_test/Cluster_1570.rankt.csv, ../results/sourmash/sketches/read_s100/SRR8960915.sig.gz
    output: ../results/viral_pangenomic_test/classify/Cluster_1570xSRR8960915.txt
    jobid: 9
    reason: Missing output files: ../results/viral_pangenomic_test/classify/Cluster_1570xSRR8960915.txt
    wildcards: ident=Cluster_1570, metag=SRR8960915
    resources: tmpdir=/tmp

Activating conda environment: branchwater
[Wed Jul  3 15:50:08 2024]
Finished job 35.
42 of 101 steps (42%) done
Select jobs to execute...

[Wed Jul  3 15:50:08 2024]
rule classify:
    input: ../results/viral_pangenomic_test/Cluster_2.rankt.csv, ../results/sourmash/sketches/read_s100/SRR8960731.sig.gz
    output: ../results/viral_pangenomic_test/classify/Cluster_2xSRR8960731.txt
    jobid: 82
    reason: Missing output files: ../results/viral_pangenomic_test/classify/Cluster_2xSRR8960731.txt
    wildcards: ident=Cluster_2, metag=SRR8960731
    resources: tmpdir=/tmp

Activating conda environment: branchwater
[Wed Jul  3 15:50:28 2024]
Error in rule classify:
    jobid: 95
    input: ../results/viral_pangenomic_test/Cluster_5352.rankt.csv, ../results/sourmash/sketches/read_s100/SRR11125655.sig.gz
    output: ../results/viral_pangenomic_test/classify/Cluster_5352xSRR11125655.txt
    conda-env: branchwater
    shell:
         
        sourmash scripts pangenome_classify         ../results/sourmash/sketches/read_s100/SRR11125655.sig.gz ../results/viral_pangenomic_test/Cluster_5352.rankt.csv -k 21 --scaled 100 > ../results/viral_pangenomic_test/classify/Cluster_5352xSRR11125655.txt
        
        (one of the commands exited with non-zero exit code; note that snakemake uses bash strict mode!)

Removing output files of failed job classify since they might be corrupted:
../results/viral_pangenomic_test/classify/Cluster_5352xSRR11125655.txt
Select jobs to execute...

[Wed Jul  3 15:50:28 2024]
rule classify:
    input: ../results/viral_pangenomic_test/Cluster_5352.rankt.csv, ../results/sourmash/sketches/read_s100/SRR8960631.sig.gz
    output: ../results/viral_pangenomic_test/classify/Cluster_5352xSRR8960631.txt
    jobid: 94
    reason: Missing output files: ../results/viral_pangenomic_test/classify/Cluster_5352xSRR8960631.txt
    wildcards: ident=Cluster_5352, metag=SRR8960631
    resources: tmpdir=/tmp

Activating conda environment: branchwater
[Wed Jul  3 15:50:39 2024]
Finished job 48.
43 of 101 steps (43%) done
Select jobs to execute...

[Wed Jul  3 15:50:39 2024]
rule classify:
    input: ../results/viral_pangenomic_test/Cluster_29.rankt.csv, ../results/sourmash/sketches/read_s100/SRR8960326.sig.gz
    output: ../results/viral_pangenomic_test/classify/Cluster_29xSRR8960326.txt
    jobid: 64
    reason: Missing output files: ../results/viral_pangenomic_test/classify/Cluster_29xSRR8960326.txt
    wildcards: ident=Cluster_29, metag=SRR8960326
    resources: tmpdir=/tmp

Activating conda environment: branchwater
[Wed Jul  3 15:51:05 2024]
Finished job 9.
44 of 101 steps (44%) done
Select jobs to execute...

[Wed Jul  3 15:51:05 2024]
rule classify:
    input: ../results/viral_pangenomic_test/Cluster_4249.rankt.csv, ../results/sourmash/sketches/read_s100/SRR8960303.sig.gz
    output: ../results/viral_pangenomic_test/classify/Cluster_4249xSRR8960303.txt
    jobid: 42
    reason: Missing output files: ../results/viral_pangenomic_test/classify/Cluster_4249xSRR8960303.txt
    wildcards: ident=Cluster_4249, metag=SRR8960303
    resources: tmpdir=/tmp

Activating conda environment: branchwater
[Wed Jul  3 15:51:14 2024]
Finished job 82.
45 of 101 steps (45%) done
Select jobs to execute...

[Wed Jul  3 15:51:14 2024]
rule classify:
    input: ../results/viral_pangenomic_test/Cluster_1570.rankt.csv, ../results/sourmash/sketches/read_s100/SRR8960631.sig.gz
    output: ../results/viral_pangenomic_test/classify/Cluster_1570xSRR8960631.txt
    jobid: 10
    reason: Missing output files: ../results/viral_pangenomic_test/classify/Cluster_1570xSRR8960631.txt
    wildcards: ident=Cluster_1570, metag=SRR8960631
    resources: tmpdir=/tmp

Activating conda environment: branchwater
[Wed Jul  3 15:51:24 2024]
Finished job 94.
46 of 101 steps (46%) done
Select jobs to execute...

[Wed Jul  3 15:51:24 2024]
rule classify:
    input: ../results/viral_pangenomic_test/Cluster_325.rankt.csv, ../results/sourmash/sketches/read_s100/SRR8960326.sig.gz
    output: ../results/viral_pangenomic_test/classify/Cluster_325xSRR8960326.txt
    jobid: 120
    reason: Missing output files: ../results/viral_pangenomic_test/classify/Cluster_325xSRR8960326.txt
    wildcards: ident=Cluster_325, metag=SRR8960326
    resources: tmpdir=/tmp

Activating conda environment: branchwater
[Wed Jul  3 15:51:52 2024]
Finished job 64.
47 of 101 steps (47%) done
Select jobs to execute...

[Wed Jul  3 15:51:52 2024]
rule classify:
    input: ../results/viral_pangenomic_test/Cluster_29.rankt.csv, ../results/sourmash/sketches/read_s100/SRR8960440.sig.gz
    output: ../results/viral_pangenomic_test/classify/Cluster_29xSRR8960440.txt
    jobid: 62
    reason: Missing output files: ../results/viral_pangenomic_test/classify/Cluster_29xSRR8960440.txt
    wildcards: ident=Cluster_29, metag=SRR8960440
    resources: tmpdir=/tmp

Activating conda environment: branchwater
[Wed Jul  3 15:52:09 2024]
Finished job 42.
48 of 101 steps (48%) done
Select jobs to execute...

[Wed Jul  3 15:52:09 2024]
rule classify:
    input: ../results/viral_pangenomic_test/Cluster_325.rankt.csv, ../results/sourmash/sketches/read_s100/SRR8960731.sig.gz
    output: ../results/viral_pangenomic_test/classify/Cluster_325xSRR8960731.txt
    jobid: 124
    reason: Missing output files: ../results/viral_pangenomic_test/classify/Cluster_325xSRR8960731.txt
    wildcards: ident=Cluster_325, metag=SRR8960731
    resources: tmpdir=/tmp

Activating conda environment: branchwater
[Wed Jul  3 15:52:13 2024]
Finished job 10.
49 of 101 steps (49%) done
Select jobs to execute...

[Wed Jul  3 15:52:13 2024]
rule classify:
    input: ../results/viral_pangenomic_test/Cluster_13353.rankt.csv, ../results/sourmash/sketches/read_s100/SRR11125655.sig.gz
    output: ../results/viral_pangenomic_test/classify/Cluster_13353xSRR11125655.txt
    jobid: 137
    reason: Missing output files: ../results/viral_pangenomic_test/classify/Cluster_13353xSRR11125655.txt
    wildcards: ident=Cluster_13353, metag=SRR11125655
    resources: tmpdir=/tmp

Activating conda environment: branchwater
[Wed Jul  3 15:52:31 2024]
Finished job 120.
50 of 101 steps (50%) done
Select jobs to execute...

[Wed Jul  3 15:52:31 2024]
rule classify:
    input: ../results/viral_pangenomic_test/Cluster_4249.rankt.csv, ../results/sourmash/sketches/read_s100/SRR8960326.sig.gz
    output: ../results/viral_pangenomic_test/classify/Cluster_4249xSRR8960326.txt
    jobid: 36
    reason: Missing output files: ../results/viral_pangenomic_test/classify/Cluster_4249xSRR8960326.txt
    wildcards: ident=Cluster_4249, metag=SRR8960326
    resources: tmpdir=/tmp

Activating conda environment: branchwater
[Wed Jul  3 15:52:49 2024]
Finished job 137.
51 of 101 steps (50%) done
Select jobs to execute...

[Wed Jul  3 15:52:49 2024]
rule classify:
    input: ../results/viral_pangenomic_test/Cluster_980.rankt.csv, ../results/sourmash/sketches/read_s100/SRR8960915.sig.gz
    output: ../results/viral_pangenomic_test/classify/Cluster_980xSRR8960915.txt
    jobid: 23
    reason: Missing output files: ../results/viral_pangenomic_test/classify/Cluster_980xSRR8960915.txt
    wildcards: ident=Cluster_980, metag=SRR8960915
    resources: tmpdir=/tmp

Activating conda environment: branchwater
[Wed Jul  3 15:52:53 2024]
Finished job 62.
52 of 101 steps (51%) done
Select jobs to execute...

[Wed Jul  3 15:52:53 2024]
rule classify:
    input: ../results/viral_pangenomic_test/Cluster_1919.rankt.csv, ../results/sourmash/sketches/read_s100/SRR8960721.sig.gz
    output: ../results/viral_pangenomic_test/classify/Cluster_1919xSRR8960721.txt
    jobid: 49
    reason: Missing output files: ../results/viral_pangenomic_test/classify/Cluster_1919xSRR8960721.txt
    wildcards: ident=Cluster_1919, metag=SRR8960721
    resources: tmpdir=/tmp

Activating conda environment: branchwater
[Wed Jul  3 15:53:14 2024]
Finished job 124.
53 of 101 steps (52%) done
Select jobs to execute...

[Wed Jul  3 15:53:14 2024]
rule classify:
    input: ../results/viral_pangenomic_test/Cluster_29.rankt.csv, ../results/sourmash/sketches/read_s100/SRR8960303.sig.gz
    output: ../results/viral_pangenomic_test/classify/Cluster_29xSRR8960303.txt
    jobid: 70
    reason: Missing output files: ../results/viral_pangenomic_test/classify/Cluster_29xSRR8960303.txt
    wildcards: ident=Cluster_29, metag=SRR8960303
    resources: tmpdir=/tmp

Activating conda environment: branchwater
[Wed Jul  3 15:53:39 2024]
Finished job 36.
54 of 101 steps (53%) done
Select jobs to execute...

[Wed Jul  3 15:53:39 2024]
rule classify:
    input: ../results/viral_pangenomic_test/Cluster_29.rankt.csv, ../results/sourmash/sketches/read_s100/SRR8960731.sig.gz
    output: ../results/viral_pangenomic_test/classify/Cluster_29xSRR8960731.txt
    jobid: 68
    reason: Missing output files: ../results/viral_pangenomic_test/classify/Cluster_29xSRR8960731.txt
    wildcards: ident=Cluster_29, metag=SRR8960731
    resources: tmpdir=/tmp

Activating conda environment: branchwater
[Wed Jul  3 15:53:49 2024]
Finished job 23.
55 of 101 steps (54%) done
Select jobs to execute...

[Wed Jul  3 15:53:49 2024]
rule classify:
    input: ../results/viral_pangenomic_test/Cluster_325.rankt.csv, ../results/sourmash/sketches/read_s100/SRR8960631.sig.gz
    output: ../results/viral_pangenomic_test/classify/Cluster_325xSRR8960631.txt
    jobid: 122
    reason: Missing output files: ../results/viral_pangenomic_test/classify/Cluster_325xSRR8960631.txt
    wildcards: ident=Cluster_325, metag=SRR8960631
    resources: tmpdir=/tmp

Activating conda environment: branchwater
[Wed Jul  3 15:53:57 2024]
Finished job 49.
56 of 101 steps (55%) done
Select jobs to execute...

[Wed Jul  3 15:53:57 2024]
rule classify:
    input: ../results/viral_pangenomic_test/Cluster_13353.rankt.csv, ../results/sourmash/sketches/read_s100/SRR8960303.sig.gz
    output: ../results/viral_pangenomic_test/classify/Cluster_13353xSRR8960303.txt
    jobid: 140
    reason: Missing output files: ../results/viral_pangenomic_test/classify/Cluster_13353xSRR8960303.txt
    wildcards: ident=Cluster_13353, metag=SRR8960303
    resources: tmpdir=/tmp

Activating conda environment: branchwater
[Wed Jul  3 15:54:21 2024]
Finished job 70.
57 of 101 steps (56%) done
Select jobs to execute...

[Wed Jul  3 15:54:21 2024]
rule classify:
    input: ../results/viral_pangenomic_test/Cluster_5352.rankt.csv, ../results/sourmash/sketches/read_s100/SRR8960731.sig.gz
    output: ../results/viral_pangenomic_test/classify/Cluster_5352xSRR8960731.txt
    jobid: 96
    reason: Missing output files: ../results/viral_pangenomic_test/classify/Cluster_5352xSRR8960731.txt
    wildcards: ident=Cluster_5352, metag=SRR8960731
    resources: tmpdir=/tmp

Activating conda environment: branchwater
[Wed Jul  3 15:54:43 2024]
Finished job 68.
58 of 101 steps (57%) done
Select jobs to execute...

[Wed Jul  3 15:54:43 2024]
rule classify:
    input: ../results/viral_pangenomic_test/Cluster_980.rankt.csv, ../results/sourmash/sketches/read_s100/SRR8960721.sig.gz
    output: ../results/viral_pangenomic_test/classify/Cluster_980xSRR8960721.txt
    jobid: 21
    reason: Missing output files: ../results/viral_pangenomic_test/classify/Cluster_980xSRR8960721.txt
    wildcards: ident=Cluster_980, metag=SRR8960721
    resources: tmpdir=/tmp

Activating conda environment: branchwater
[Wed Jul  3 15:54:48 2024]
Finished job 122.
59 of 101 steps (58%) done
Select jobs to execute...

[Wed Jul  3 15:54:48 2024]
rule classify:
    input: ../results/viral_pangenomic_test/Cluster_29.rankt.csv, ../results/sourmash/sketches/read_s100/SRR8960721.sig.gz
    output: ../results/viral_pangenomic_test/classify/Cluster_29xSRR8960721.txt
    jobid: 63
    reason: Missing output files: ../results/viral_pangenomic_test/classify/Cluster_29xSRR8960721.txt
    wildcards: ident=Cluster_29, metag=SRR8960721
    resources: tmpdir=/tmp

Activating conda environment: branchwater
[Wed Jul  3 15:54:59 2024]
Finished job 140.
60 of 101 steps (59%) done
Select jobs to execute...

[Wed Jul  3 15:54:59 2024]
rule classify:
    input: ../results/viral_pangenomic_test/Cluster_4249.rankt.csv, ../results/sourmash/sketches/read_s100/SRR8960440.sig.gz
    output: ../results/viral_pangenomic_test/classify/Cluster_4249xSRR8960440.txt
    jobid: 34
    reason: Missing output files: ../results/viral_pangenomic_test/classify/Cluster_4249xSRR8960440.txt
    wildcards: ident=Cluster_4249, metag=SRR8960440
    resources: tmpdir=/tmp

Activating conda environment: branchwater
[Wed Jul  3 15:55:22 2024]
Finished job 96.
61 of 101 steps (60%) done
Select jobs to execute...

[Wed Jul  3 15:55:22 2024]
rule classify:
    input: ../results/viral_pangenomic_test/Cluster_1919.rankt.csv, ../results/sourmash/sketches/read_s100/SRR8960326.sig.gz
    output: ../results/viral_pangenomic_test/classify/Cluster_1919xSRR8960326.txt
    jobid: 50
    reason: Missing output files: ../results/viral_pangenomic_test/classify/Cluster_1919xSRR8960326.txt
    wildcards: ident=Cluster_1919, metag=SRR8960326
    resources: tmpdir=/tmp

Activating conda environment: branchwater
[Wed Jul  3 15:55:50 2024]
Finished job 21.
62 of 101 steps (61%) done
Select jobs to execute...

[Wed Jul  3 15:55:50 2024]
rule classify:
    input: ../results/viral_pangenomic_test/Cluster_1570.rankt.csv, ../results/sourmash/sketches/read_s100/SRR8960326.sig.gz
    output: ../results/viral_pangenomic_test/classify/Cluster_1570xSRR8960326.txt
    jobid: 8
    reason: Missing output files: ../results/viral_pangenomic_test/classify/Cluster_1570xSRR8960326.txt
    wildcards: ident=Cluster_1570, metag=SRR8960326
    resources: tmpdir=/tmp

Activating conda environment: branchwater
[Wed Jul  3 15:55:55 2024]
Finished job 34.
63 of 101 steps (62%) done
Select jobs to execute...

[Wed Jul  3 15:55:55 2024]
rule classify:
    input: ../results/viral_pangenomic_test/Cluster_4249.rankt.csv, ../results/sourmash/sketches/read_s100/SRR8960915.sig.gz
    output: ../results/viral_pangenomic_test/classify/Cluster_4249xSRR8960915.txt
    jobid: 37
    reason: Missing output files: ../results/viral_pangenomic_test/classify/Cluster_4249xSRR8960915.txt
    wildcards: ident=Cluster_4249, metag=SRR8960915
    resources: tmpdir=/tmp

Activating conda environment: branchwater
[Wed Jul  3 15:55:55 2024]
Finished job 63.
64 of 101 steps (63%) done
Select jobs to execute...

[Wed Jul  3 15:55:55 2024]
rule classify:
    input: ../results/viral_pangenomic_test/Cluster_5352.rankt.csv, ../results/sourmash/sketches/read_s100/SRR8960303.sig.gz
    output: ../results/viral_pangenomic_test/classify/Cluster_5352xSRR8960303.txt
    jobid: 98
    reason: Missing output files: ../results/viral_pangenomic_test/classify/Cluster_5352xSRR8960303.txt
    wildcards: ident=Cluster_5352, metag=SRR8960303
    resources: tmpdir=/tmp

Activating conda environment: branchwater
[Wed Jul  3 15:56:29 2024]
Finished job 50.
65 of 101 steps (64%) done
Select jobs to execute...

[Wed Jul  3 15:56:29 2024]
rule classify:
    input: ../results/viral_pangenomic_test/Cluster_5352.rankt.csv, ../results/sourmash/sketches/read_s100/SRR8960980.sig.gz
    output: ../results/viral_pangenomic_test/classify/Cluster_5352xSRR8960980.txt
    jobid: 85
    reason: Missing output files: ../results/viral_pangenomic_test/classify/Cluster_5352xSRR8960980.txt
    wildcards: ident=Cluster_5352, metag=SRR8960980
    resources: tmpdir=/tmp

Activating conda environment: branchwater
[Wed Jul  3 15:56:57 2024]
Finished job 85.
66 of 101 steps (65%) done
Select jobs to execute...

[Wed Jul  3 15:56:57 2024]
rule classify:
    input: ../results/viral_pangenomic_test/Cluster_1570.rankt.csv, ../results/sourmash/sketches/read_s100/SRR8960200.sig.gz
    output: ../results/viral_pangenomic_test/classify/Cluster_1570xSRR8960200.txt
    jobid: 13
    reason: Missing output files: ../results/viral_pangenomic_test/classify/Cluster_1570xSRR8960200.txt
    wildcards: ident=Cluster_1570, metag=SRR8960200
    resources: tmpdir=/tmp

Activating conda environment: branchwater
[Wed Jul  3 15:56:58 2024]
Finished job 98.
67 of 101 steps (66%) done
Select jobs to execute...

[Wed Jul  3 15:56:58 2024]
rule classify:
    input: ../results/viral_pangenomic_test/Cluster_29.rankt.csv, ../results/sourmash/sketches/read_s100/SRR8960915.sig.gz
    output: ../results/viral_pangenomic_test/classify/Cluster_29xSRR8960915.txt
    jobid: 65
    reason: Missing output files: ../results/viral_pangenomic_test/classify/Cluster_29xSRR8960915.txt
    wildcards: ident=Cluster_29, metag=SRR8960915
    resources: tmpdir=/tmp

Activating conda environment: branchwater
[Wed Jul  3 15:57:00 2024]
Finished job 37.
68 of 101 steps (67%) done
Select jobs to execute...

[Wed Jul  3 15:57:00 2024]
rule classify:
    input: ../results/viral_pangenomic_test/Cluster_1570.rankt.csv, ../results/sourmash/sketches/read_s100/SRR8960980.sig.gz
    output: ../results/viral_pangenomic_test/classify/Cluster_1570xSRR8960980.txt
    jobid: 1
    reason: Missing output files: ../results/viral_pangenomic_test/classify/Cluster_1570xSRR8960980.txt
    wildcards: ident=Cluster_1570, metag=SRR8960980
    resources: tmpdir=/tmp

Activating conda environment: branchwater
[Wed Jul  3 15:57:00 2024]
Finished job 8.
69 of 101 steps (68%) done
Select jobs to execute...

[Wed Jul  3 15:57:00 2024]
rule classify:
    input: ../results/viral_pangenomic_test/Cluster_1919.rankt.csv, ../results/sourmash/sketches/read_s100/SRR8960631.sig.gz
    output: ../results/viral_pangenomic_test/classify/Cluster_1919xSRR8960631.txt
    jobid: 52
    reason: Missing output files: ../results/viral_pangenomic_test/classify/Cluster_1919xSRR8960631.txt
    wildcards: ident=Cluster_1919, metag=SRR8960631
    resources: tmpdir=/tmp

Activating conda environment: branchwater
[Wed Jul  3 15:57:29 2024]
Finished job 1.
70 of 101 steps (69%) done
Select jobs to execute...

[Wed Jul  3 15:57:29 2024]
rule classify:
    input: ../results/viral_pangenomic_test/Cluster_265.rankt.csv, ../results/sourmash/sketches/read_s100/SRR8960440.sig.gz
    output: ../results/viral_pangenomic_test/classify/Cluster_265xSRR8960440.txt
    jobid: 104
    reason: Missing output files: ../results/viral_pangenomic_test/classify/Cluster_265xSRR8960440.txt
    wildcards: ident=Cluster_265, metag=SRR8960440
    resources: tmpdir=/tmp

Activating conda environment: branchwater
[Wed Jul  3 15:58:00 2024]
Finished job 52.
71 of 101 steps (70%) done
Select jobs to execute...

[Wed Jul  3 15:58:00 2024]
rule classify:
    input: ../results/viral_pangenomic_test/Cluster_980.rankt.csv, ../results/sourmash/sketches/read_s100/SRR8960731.sig.gz
    output: ../results/viral_pangenomic_test/classify/Cluster_980xSRR8960731.txt
    jobid: 26
    reason: Missing output files: ../results/viral_pangenomic_test/classify/Cluster_980xSRR8960731.txt
    wildcards: ident=Cluster_980, metag=SRR8960731
    resources: tmpdir=/tmp

Activating conda environment: branchwater
[Wed Jul  3 15:58:01 2024]
Finished job 13.
72 of 101 steps (71%) done
Select jobs to execute...

[Wed Jul  3 15:58:01 2024]
rule classify:
    input: ../results/viral_pangenomic_test/Cluster_2.rankt.csv, ../results/sourmash/sketches/read_s100/SRR8960326.sig.gz
    output: ../results/viral_pangenomic_test/classify/Cluster_2xSRR8960326.txt
    jobid: 78
    reason: Missing output files: ../results/viral_pangenomic_test/classify/Cluster_2xSRR8960326.txt
    wildcards: ident=Cluster_2, metag=SRR8960326
    resources: tmpdir=/tmp

Activating conda environment: branchwater
[Wed Jul  3 15:58:02 2024]
Finished job 65.
73 of 101 steps (72%) done
Select jobs to execute...

[Wed Jul  3 15:58:02 2024]
rule classify:
    input: ../results/viral_pangenomic_test/Cluster_1570.rankt.csv, ../results/sourmash/sketches/read_s100/SRR8960440.sig.gz
    output: ../results/viral_pangenomic_test/classify/Cluster_1570xSRR8960440.txt
    jobid: 6
    reason: Missing output files: ../results/viral_pangenomic_test/classify/Cluster_1570xSRR8960440.txt
    wildcards: ident=Cluster_1570, metag=SRR8960440
    resources: tmpdir=/tmp

Activating conda environment: branchwater
[Wed Jul  3 15:58:28 2024]
Finished job 104.
74 of 101 steps (73%) done
Select jobs to execute...

[Wed Jul  3 15:58:28 2024]
rule classify:
    input: ../results/viral_pangenomic_test/Cluster_265.rankt.csv, ../results/sourmash/sketches/read_s100/SRR8960303.sig.gz
    output: ../results/viral_pangenomic_test/classify/Cluster_265xSRR8960303.txt
    jobid: 112
    reason: Missing output files: ../results/viral_pangenomic_test/classify/Cluster_265xSRR8960303.txt
    wildcards: ident=Cluster_265, metag=SRR8960303
    resources: tmpdir=/tmp

Activating conda environment: branchwater
[Wed Jul  3 15:59:01 2024]
Finished job 6.
75 of 101 steps (74%) done
Select jobs to execute...

[Wed Jul  3 15:59:01 2024]
rule classify:
    input: ../results/viral_pangenomic_test/Cluster_265.rankt.csv, ../results/sourmash/sketches/read_s100/SRR8960980.sig.gz
    output: ../results/viral_pangenomic_test/classify/Cluster_265xSRR8960980.txt
    jobid: 99
    reason: Missing output files: ../results/viral_pangenomic_test/classify/Cluster_265xSRR8960980.txt
    wildcards: ident=Cluster_265, metag=SRR8960980
    resources: tmpdir=/tmp

Activating conda environment: branchwater
[Wed Jul  3 15:59:01 2024]
Finished job 26.
76 of 101 steps (75%) done
Select jobs to execute...

[Wed Jul  3 15:59:02 2024]
rule classify:
    input: ../results/viral_pangenomic_test/Cluster_13353.rankt.csv, ../results/sourmash/sketches/read_s100/SRR8960731.sig.gz
    output: ../results/viral_pangenomic_test/classify/Cluster_13353xSRR8960731.txt
    jobid: 138
    reason: Missing output files: ../results/viral_pangenomic_test/classify/Cluster_13353xSRR8960731.txt
    wildcards: ident=Cluster_13353, metag=SRR8960731
    resources: tmpdir=/tmp

Activating conda environment: branchwater
[Wed Jul  3 15:59:14 2024]
Finished job 78.
77 of 101 steps (76%) done
Select jobs to execute...

[Wed Jul  3 15:59:14 2024]
rule classify:
    input: ../results/viral_pangenomic_test/Cluster_325.rankt.csv, ../results/sourmash/sketches/read_s100/SRR8960440.sig.gz
    output: ../results/viral_pangenomic_test/classify/Cluster_325xSRR8960440.txt
    jobid: 118
    reason: Missing output files: ../results/viral_pangenomic_test/classify/Cluster_325xSRR8960440.txt
    wildcards: ident=Cluster_325, metag=SRR8960440
    resources: tmpdir=/tmp

Activating conda environment: branchwater
[Wed Jul  3 15:59:32 2024]
Finished job 112.
78 of 101 steps (77%) done
Select jobs to execute...

[Wed Jul  3 15:59:32 2024]
rule classify:
    input: ../results/viral_pangenomic_test/Cluster_1570.rankt.csv, ../results/sourmash/sketches/read_s100/SRR8960721.sig.gz
    output: ../results/viral_pangenomic_test/classify/Cluster_1570xSRR8960721.txt
    jobid: 7
    reason: Missing output files: ../results/viral_pangenomic_test/classify/Cluster_1570xSRR8960721.txt
    wildcards: ident=Cluster_1570, metag=SRR8960721
    resources: tmpdir=/tmp

Activating conda environment: branchwater
[Wed Jul  3 15:59:33 2024]
Finished job 99.
79 of 101 steps (78%) done
Select jobs to execute...

[Wed Jul  3 15:59:33 2024]
rule classify:
    input: ../results/viral_pangenomic_test/Cluster_4249.rankt.csv, ../results/sourmash/sketches/read_s100/SRR8960731.sig.gz
    output: ../results/viral_pangenomic_test/classify/Cluster_4249xSRR8960731.txt
    jobid: 40
    reason: Missing output files: ../results/viral_pangenomic_test/classify/Cluster_4249xSRR8960731.txt
    wildcards: ident=Cluster_4249, metag=SRR8960731
    resources: tmpdir=/tmp

Activating conda environment: branchwater
[Wed Jul  3 16:00:04 2024]
Finished job 138.
80 of 101 steps (79%) done
Select jobs to execute...

[Wed Jul  3 16:00:04 2024]
rule classify:
    input: ../results/viral_pangenomic_test/Cluster_5352.rankt.csv, ../results/sourmash/sketches/read_s100/SRR8960326.sig.gz
    output: ../results/viral_pangenomic_test/classify/Cluster_5352xSRR8960326.txt
    jobid: 92
    reason: Missing output files: ../results/viral_pangenomic_test/classify/Cluster_5352xSRR8960326.txt
    wildcards: ident=Cluster_5352, metag=SRR8960326
    resources: tmpdir=/tmp

Activating conda environment: branchwater
[Wed Jul  3 16:00:12 2024]
Finished job 118.
81 of 101 steps (80%) done
Select jobs to execute...

[Wed Jul  3 16:00:12 2024]
rule classify:
    input: ../results/viral_pangenomic_test/Cluster_1919.rankt.csv, ../results/sourmash/sketches/read_s100/SRR8960915.sig.gz
    output: ../results/viral_pangenomic_test/classify/Cluster_1919xSRR8960915.txt
    jobid: 51
    reason: Missing output files: ../results/viral_pangenomic_test/classify/Cluster_1919xSRR8960915.txt
    wildcards: ident=Cluster_1919, metag=SRR8960915
    resources: tmpdir=/tmp

Activating conda environment: branchwater
[Wed Jul  3 16:00:33 2024]
Finished job 40.
82 of 101 steps (81%) done
Select jobs to execute...

[Wed Jul  3 16:00:33 2024]
rule classify:
    input: ../results/viral_pangenomic_test/Cluster_4249.rankt.csv, ../results/sourmash/sketches/read_s100/SRR8960631.sig.gz
    output: ../results/viral_pangenomic_test/classify/Cluster_4249xSRR8960631.txt
    jobid: 38
    reason: Missing output files: ../results/viral_pangenomic_test/classify/Cluster_4249xSRR8960631.txt
    wildcards: ident=Cluster_4249, metag=SRR8960631
    resources: tmpdir=/tmp

Activating conda environment: branchwater
[Wed Jul  3 16:00:35 2024]
Finished job 7.
83 of 101 steps (82%) done
Select jobs to execute...

[Wed Jul  3 16:00:35 2024]
rule classify:
    input: ../results/viral_pangenomic_test/Cluster_29.rankt.csv, ../results/sourmash/sketches/read_s100/SRR8960631.sig.gz
    output: ../results/viral_pangenomic_test/classify/Cluster_29xSRR8960631.txt
    jobid: 66
    reason: Missing output files: ../results/viral_pangenomic_test/classify/Cluster_29xSRR8960631.txt
    wildcards: ident=Cluster_29, metag=SRR8960631
    resources: tmpdir=/tmp

Activating conda environment: branchwater
[Wed Jul  3 16:01:09 2024]
Finished job 92.
84 of 101 steps (83%) done
Select jobs to execute...

[Wed Jul  3 16:01:09 2024]
rule classify:
    input: ../results/viral_pangenomic_test/Cluster_265.rankt.csv, ../results/sourmash/sketches/read_s100/SRR8960721.sig.gz
    output: ../results/viral_pangenomic_test/classify/Cluster_265xSRR8960721.txt
    jobid: 105
    reason: Missing output files: ../results/viral_pangenomic_test/classify/Cluster_265xSRR8960721.txt
    wildcards: ident=Cluster_265, metag=SRR8960721
    resources: tmpdir=/tmp

Activating conda environment: branchwater
[Wed Jul  3 16:01:14 2024]
Finished job 51.
85 of 101 steps (84%) done
Select jobs to execute...

[Wed Jul  3 16:01:14 2024]
rule classify:
    input: ../results/viral_pangenomic_test/Cluster_1919.rankt.csv, ../results/sourmash/sketches/read_s100/SRR11125655.sig.gz
    output: ../results/viral_pangenomic_test/classify/Cluster_1919xSRR11125655.txt
    jobid: 53
    reason: Missing output files: ../results/viral_pangenomic_test/classify/Cluster_1919xSRR11125655.txt
    wildcards: ident=Cluster_1919, metag=SRR11125655
    resources: tmpdir=/tmp

Activating conda environment: branchwater
[Wed Jul  3 16:01:31 2024]
Finished job 38.
86 of 101 steps (85%) done
Select jobs to execute...

[Wed Jul  3 16:01:31 2024]
rule classify:
    input: ../results/viral_pangenomic_test/Cluster_2.rankt.csv, ../results/sourmash/sketches/read_s100/SRR8960915.sig.gz
    output: ../results/viral_pangenomic_test/classify/Cluster_2xSRR8960915.txt
    jobid: 79
    reason: Missing output files: ../results/viral_pangenomic_test/classify/Cluster_2xSRR8960915.txt
    wildcards: ident=Cluster_2, metag=SRR8960915
    resources: tmpdir=/tmp

Activating conda environment: branchwater
[Wed Jul  3 16:01:35 2024]
Finished job 66.
87 of 101 steps (86%) done
Select jobs to execute...

[Wed Jul  3 16:01:35 2024]
rule classify:
    input: ../results/viral_pangenomic_test/Cluster_980.rankt.csv, ../results/sourmash/sketches/read_s100/SRR8960200.sig.gz
    output: ../results/viral_pangenomic_test/classify/Cluster_980xSRR8960200.txt
    jobid: 27
    reason: Missing output files: ../results/viral_pangenomic_test/classify/Cluster_980xSRR8960200.txt
    wildcards: ident=Cluster_980, metag=SRR8960200
    resources: tmpdir=/tmp

Activating conda environment: branchwater
[Wed Jul  3 16:01:49 2024]
Finished job 53.
88 of 101 steps (87%) done
Select jobs to execute...

[Wed Jul  3 16:01:49 2024]
rule classify:
    input: ../results/viral_pangenomic_test/Cluster_980.rankt.csv, ../results/sourmash/sketches/read_s100/SRR11125655.sig.gz
    output: ../results/viral_pangenomic_test/classify/Cluster_980xSRR11125655.txt
    jobid: 25
    reason: Missing output files: ../results/viral_pangenomic_test/classify/Cluster_980xSRR11125655.txt
    wildcards: ident=Cluster_980, metag=SRR11125655
    resources: tmpdir=/tmp

Activating conda environment: branchwater
[Wed Jul  3 16:02:13 2024]
Finished job 105.
89 of 101 steps (88%) done
Select jobs to execute...

[Wed Jul  3 16:02:13 2024]
rule classify:
    input: ../results/viral_pangenomic_test/Cluster_1570.rankt.csv, ../results/sourmash/sketches/read_s100/SRR8960731.sig.gz
    output: ../results/viral_pangenomic_test/classify/Cluster_1570xSRR8960731.txt
    jobid: 12
    reason: Missing output files: ../results/viral_pangenomic_test/classify/Cluster_1570xSRR8960731.txt
    wildcards: ident=Cluster_1570, metag=SRR8960731
    resources: tmpdir=/tmp

Activating conda environment: branchwater
[Wed Jul  3 16:02:28 2024]
Finished job 25.
90 of 101 steps (89%) done
Select jobs to execute...

[Wed Jul  3 16:02:28 2024]
rule classify:
    input: ../results/viral_pangenomic_test/Cluster_5352.rankt.csv, ../results/sourmash/sketches/read_s100/SRR8960200.sig.gz
    output: ../results/viral_pangenomic_test/classify/Cluster_5352xSRR8960200.txt
    jobid: 97
    reason: Missing output files: ../results/viral_pangenomic_test/classify/Cluster_5352xSRR8960200.txt
    wildcards: ident=Cluster_5352, metag=SRR8960200
    resources: tmpdir=/tmp

Activating conda environment: branchwater
[Wed Jul  3 16:02:33 2024]
Finished job 79.
91 of 101 steps (90%) done
Select jobs to execute...

[Wed Jul  3 16:02:33 2024]
rule classify:
    input: ../results/viral_pangenomic_test/Cluster_2.rankt.csv, ../results/sourmash/sketches/read_s100/SRR8960980.sig.gz
    output: ../results/viral_pangenomic_test/classify/Cluster_2xSRR8960980.txt
    jobid: 71
    reason: Missing output files: ../results/viral_pangenomic_test/classify/Cluster_2xSRR8960980.txt
    wildcards: ident=Cluster_2, metag=SRR8960980
    resources: tmpdir=/tmp

Activating conda environment: branchwater
[Wed Jul  3 16:02:39 2024]
Finished job 27.
92 of 101 steps (91%) done
Select jobs to execute...

[Wed Jul  3 16:02:39 2024]
rule classify:
    input: ../results/viral_pangenomic_test/Cluster_325.rankt.csv, ../results/sourmash/sketches/read_s100/SRR11125655.sig.gz
    output: ../results/viral_pangenomic_test/classify/Cluster_325xSRR11125655.txt
    jobid: 123
    reason: Missing output files: ../results/viral_pangenomic_test/classify/Cluster_325xSRR11125655.txt
    wildcards: ident=Cluster_325, metag=SRR11125655
    resources: tmpdir=/tmp

Activating conda environment: branchwater
[Wed Jul  3 16:03:04 2024]
Finished job 71.
93 of 101 steps (92%) done
Select jobs to execute...

[Wed Jul  3 16:03:04 2024]
rule classify:
    input: ../results/viral_pangenomic_test/Cluster_2.rankt.csv, ../results/sourmash/sketches/read_s100/SRR8960440.sig.gz
    output: ../results/viral_pangenomic_test/classify/Cluster_2xSRR8960440.txt
    jobid: 76
    reason: Missing output files: ../results/viral_pangenomic_test/classify/Cluster_2xSRR8960440.txt
    wildcards: ident=Cluster_2, metag=SRR8960440
    resources: tmpdir=/tmp

Activating conda environment: branchwater
[Wed Jul  3 16:03:14 2024]
Finished job 12.
94 of 101 steps (93%) done
Select jobs to execute...

[Wed Jul  3 16:03:14 2024]
rule classify:
    input: ../results/viral_pangenomic_test/Cluster_265.rankt.csv, ../results/sourmash/sketches/read_s100/SRR8960200.sig.gz
    output: ../results/viral_pangenomic_test/classify/Cluster_265xSRR8960200.txt
    jobid: 111
    reason: Missing output files: ../results/viral_pangenomic_test/classify/Cluster_265xSRR8960200.txt
    wildcards: ident=Cluster_265, metag=SRR8960200
    resources: tmpdir=/tmp

Activating conda environment: branchwater
[Wed Jul  3 16:03:17 2024]
Finished job 123.
95 of 101 steps (94%) done
Select jobs to execute...

[Wed Jul  3 16:03:17 2024]
rule classify:
    input: ../results/viral_pangenomic_test/Cluster_980.rankt.csv, ../results/sourmash/sketches/read_s100/SRR8960631.sig.gz
    output: ../results/viral_pangenomic_test/classify/Cluster_980xSRR8960631.txt
    jobid: 24
    reason: Missing output files: ../results/viral_pangenomic_test/classify/Cluster_980xSRR8960631.txt
    wildcards: ident=Cluster_980, metag=SRR8960631
    resources: tmpdir=/tmp

Activating conda environment: branchwater
[Wed Jul  3 16:03:31 2024]
Finished job 97.
96 of 101 steps (95%) done
[Wed Jul  3 16:04:01 2024]
Finished job 76.
97 of 101 steps (96%) done
[Wed Jul  3 16:04:04 2024]
Finished job 111.
98 of 101 steps (97%) done
[Wed Jul  3 16:04:12 2024]
Finished job 24.
99 of 101 steps (98%) done
Exiting because a job execution failed. Look above for error message
Complete log: .snakemake/log/2024-07-03T154000.523054.snakemake.log
