Building DAG of jobs...
Using shell: /usr/bin/bash
Provided cores: 4
Rules claiming more threads will be scaled down.
Provided resources: mem_mb=20000
Job stats:
job         count
--------  -------
all             1
classify       50
total          51

Select jobs to execute...

[Mon Jul  8 16:31:41 2024]
rule classify:
    input: ../results/microbial_pangenomic_test/lamylovorus.rankt.csv, /group/ctbrowngrp/irber/data/wort-data/wort-sra/sigs/SRR21986384.sig
    output: ../results/microbial_pangenomic_test/classify/lamylovorusxSRR21986384.txt
    jobid: 34
    reason: Missing output files: ../results/microbial_pangenomic_test/classify/lamylovorusxSRR21986384.txt
    wildcards: ident=lamylovorus, metag=SRR21986384
    resources: tmpdir=/tmp

Activating conda environment: branchwater

[Mon Jul  8 16:31:43 2024]
rule classify:
    input: ../results/microbial_pangenomic_test/lreuteri.rankt.csv, /group/ctbrowngrp/irber/data/wort-data/wort-sra/sigs/SRR21986384.sig
    output: ../results/microbial_pangenomic_test/classify/lreuterixSRR21986384.txt
    jobid: 21
    reason: Missing output files: ../results/microbial_pangenomic_test/classify/lreuterixSRR21986384.txt
    wildcards: ident=lreuteri, metag=SRR21986384
    resources: tmpdir=/tmp

Activating conda environment: branchwater

[Mon Jul  8 16:31:43 2024]
rule classify:
    input: ../results/microbial_pangenomic_test/bariatricus.rankt.csv, /group/ctbrowngrp/irber/data/wort-data/wort-sra/sigs/SRR21986388.sig
    output: ../results/microbial_pangenomic_test/classify/bariatricusxSRR21986388.txt
    jobid: 12
    reason: Missing output files: ../results/microbial_pangenomic_test/classify/bariatricusxSRR21986388.txt
    wildcards: ident=bariatricus, metag=SRR21986388
    resources: tmpdir=/tmp

Activating conda environment: branchwater

[Mon Jul  8 16:31:43 2024]
rule classify:
    input: ../results/microbial_pangenomic_test/RUG472.rankt.csv, /group/ctbrowngrp/irber/data/wort-data/wort-sra/sigs/SRR21986381.sig
    output: ../results/microbial_pangenomic_test/classify/RUG472xSRR21986381.txt
    jobid: 57
    reason: Missing output files: ../results/microbial_pangenomic_test/classify/RUG472xSRR21986381.txt
    wildcards: ident=RUG472, metag=SRR21986381
    resources: tmpdir=/tmp

Activating conda environment: branchwater
[Mon Jul  8 16:31:55 2024]
Finished job 57.
1 of 51 steps (2%) done
Select jobs to execute...

[Mon Jul  8 16:31:55 2024]
rule classify:
    input: ../results/microbial_pangenomic_test/lreuteri.rankt.csv, /group/ctbrowngrp/irber/data/wort-data/wort-sra/sigs/SRR21986382.sig
    output: ../results/microbial_pangenomic_test/classify/lreuterixSRR21986382.txt
    jobid: 19
    reason: Missing output files: ../results/microbial_pangenomic_test/classify/lreuterixSRR21986382.txt
    wildcards: ident=lreuteri, metag=SRR21986382
    resources: tmpdir=/tmp

Activating conda environment: branchwater
[Mon Jul  8 16:31:55 2024]
Finished job 34.
2 of 51 steps (4%) done
[Mon Jul  8 16:31:55 2024]
Finished job 21.
3 of 51 steps (6%) done
[Mon Jul  8 16:31:55 2024]
Finished job 12.
4 of 51 steps (8%) done
Select jobs to execute...

[Mon Jul  8 16:31:55 2024]
rule classify:
    input: ../results/microbial_pangenomic_test/bariatricus.rankt.csv, /group/ctbrowngrp/irber/data/wort-data/wort-sra/sigs/SRR21986380.sig
    output: ../results/microbial_pangenomic_test/classify/bariatricusxSRR21986380.txt
    jobid: 1
    reason: Missing output files: ../results/microbial_pangenomic_test/classify/bariatricusxSRR21986380.txt
    wildcards: ident=bariatricus, metag=SRR21986380
    resources: tmpdir=/tmp

Activating conda environment: branchwater

[Mon Jul  8 16:31:55 2024]
rule classify:
    input: ../results/microbial_pangenomic_test/lreuteri.rankt.csv, /group/ctbrowngrp/irber/data/wort-data/wort-sra/sigs/SRR21986385.sig
    output: ../results/microbial_pangenomic_test/classify/lreuterixSRR21986385.txt
    jobid: 22
    reason: Missing output files: ../results/microbial_pangenomic_test/classify/lreuterixSRR21986385.txt
    wildcards: ident=lreuteri, metag=SRR21986385
    resources: tmpdir=/tmp

Activating conda environment: branchwater

[Mon Jul  8 16:31:55 2024]
rule classify:
    input: ../results/microbial_pangenomic_test/ecoli.rankt.csv, /group/ctbrowngrp/irber/data/wort-data/wort-sra/sigs/SRR21986386.sig
    output: ../results/microbial_pangenomic_test/classify/ecolixSRR21986386.txt
    jobid: 49
    reason: Missing output files: ../results/microbial_pangenomic_test/classify/ecolixSRR21986386.txt
    wildcards: ident=ecoli, metag=SRR21986386
    resources: tmpdir=/tmp

Select jobs to execute...
Activating conda environment: branchwater
[Mon Jul  8 16:32:02 2024]
Finished job 1.
5 of 51 steps (10%) done

[Mon Jul  8 16:32:02 2024]
rule classify:
    input: ../results/microbial_pangenomic_test/RUG472.rankt.csv, /group/ctbrowngrp/irber/data/wort-data/wort-sra/sigs/SRR21986388.sig
    output: ../results/microbial_pangenomic_test/classify/RUG472xSRR21986388.txt
    jobid: 64
    reason: Missing output files: ../results/microbial_pangenomic_test/classify/RUG472xSRR21986388.txt
    wildcards: ident=RUG472, metag=SRR21986388
    resources: tmpdir=/tmp

Activating conda environment: branchwater
[Mon Jul  8 16:32:02 2024]
Finished job 19.
6 of 51 steps (12%) done
Select jobs to execute...

[Mon Jul  8 16:32:02 2024]
rule classify:
    input: ../results/microbial_pangenomic_test/lamylovorus.rankt.csv, /group/ctbrowngrp/irber/data/wort-data/wort-sra/sigs/SRR21986380.sig
    output: ../results/microbial_pangenomic_test/classify/lamylovorusxSRR21986380.txt
    jobid: 27
    reason: Missing output files: ../results/microbial_pangenomic_test/classify/lamylovorusxSRR21986380.txt
    wildcards: ident=lamylovorus, metag=SRR21986380
    resources: tmpdir=/tmp

Activating conda environment: branchwater
[Mon Jul  8 16:32:02 2024]
Finished job 22.
7 of 51 steps (14%) done
Select jobs to execute...

[Mon Jul  8 16:32:02 2024]
rule classify:
    input: ../results/microbial_pangenomic_test/lreuteri.rankt.csv, /group/ctbrowngrp/irber/data/wort-data/wort-sra/sigs/SRR21986389.sig
    output: ../results/microbial_pangenomic_test/classify/lreuterixSRR21986389.txt
    jobid: 26
    reason: Missing output files: ../results/microbial_pangenomic_test/classify/lreuterixSRR21986389.txt
    wildcards: ident=lreuteri, metag=SRR21986389
    resources: tmpdir=/tmp

Activating conda environment: branchwater
[Mon Jul  8 16:32:03 2024]
Finished job 49.
8 of 51 steps (16%) done
Select jobs to execute...

[Mon Jul  8 16:32:03 2024]
rule classify:
    input: ../results/microbial_pangenomic_test/lreuteri.rankt.csv, /group/ctbrowngrp/irber/data/wort-data/wort-sra/sigs/SRR21986383.sig
    output: ../results/microbial_pangenomic_test/classify/lreuterixSRR21986383.txt
    jobid: 20
    reason: Missing output files: ../results/microbial_pangenomic_test/classify/lreuterixSRR21986383.txt
    wildcards: ident=lreuteri, metag=SRR21986383
    resources: tmpdir=/tmp

Activating conda environment: branchwater
[Mon Jul  8 16:32:08 2024]
Finished job 26.
9 of 51 steps (18%) done
Select jobs to execute...

[Mon Jul  8 16:32:08 2024]
rule classify:
    input: ../results/microbial_pangenomic_test/bariatricus.rankt.csv, /group/ctbrowngrp/irber/data/wort-data/wort-sra/sigs/SRR21986387.sig
    output: ../results/microbial_pangenomic_test/classify/bariatricusxSRR21986387.txt
    jobid: 11
    reason: Missing output files: ../results/microbial_pangenomic_test/classify/bariatricusxSRR21986387.txt
    wildcards: ident=bariatricus, metag=SRR21986387
    resources: tmpdir=/tmp

Activating conda environment: branchwater
[Mon Jul  8 16:32:08 2024]
Finished job 27.
10 of 51 steps (20%) done
Select jobs to execute...

[Mon Jul  8 16:32:09 2024]
rule classify:
    input: ../results/microbial_pangenomic_test/bariatricus.rankt.csv, /group/ctbrowngrp/irber/data/wort-data/wort-sra/sigs/SRR21986381.sig
    output: ../results/microbial_pangenomic_test/classify/bariatricusxSRR21986381.txt
    jobid: 5
    reason: Missing output files: ../results/microbial_pangenomic_test/classify/bariatricusxSRR21986381.txt
    wildcards: ident=bariatricus, metag=SRR21986381
    resources: tmpdir=/tmp

Activating conda environment: branchwater
[Mon Jul  8 16:32:09 2024]
Finished job 64.
11 of 51 steps (22%) done
Select jobs to execute...

[Mon Jul  8 16:32:09 2024]
rule classify:
    input: ../results/microbial_pangenomic_test/lamylovorus.rankt.csv, /group/ctbrowngrp/irber/data/wort-data/wort-sra/sigs/SRR21986383.sig
    output: ../results/microbial_pangenomic_test/classify/lamylovorusxSRR21986383.txt
    jobid: 33
    reason: Missing output files: ../results/microbial_pangenomic_test/classify/lamylovorusxSRR21986383.txt
    wildcards: ident=lamylovorus, metag=SRR21986383
    resources: tmpdir=/tmp

Activating conda environment: branchwater
[Mon Jul  8 16:32:09 2024]
Finished job 20.
12 of 51 steps (24%) done
Select jobs to execute...

[Mon Jul  8 16:32:09 2024]
rule classify:
    input: ../results/microbial_pangenomic_test/RUG472.rankt.csv, /group/ctbrowngrp/irber/data/wort-data/wort-sra/sigs/SRR21986389.sig
    output: ../results/microbial_pangenomic_test/classify/RUG472xSRR21986389.txt
    jobid: 65
    reason: Missing output files: ../results/microbial_pangenomic_test/classify/RUG472xSRR21986389.txt
    wildcards: ident=RUG472, metag=SRR21986389
    resources: tmpdir=/tmp

Activating conda environment: branchwater
[Mon Jul  8 16:32:15 2024]
Finished job 11.
13 of 51 steps (25%) done
Select jobs to execute...

[Mon Jul  8 16:32:15 2024]
rule classify:
    input: ../results/microbial_pangenomic_test/ecoli.rankt.csv, /group/ctbrowngrp/irber/data/wort-data/wort-sra/sigs/SRR21986385.sig
    output: ../results/microbial_pangenomic_test/classify/ecolixSRR21986385.txt
    jobid: 48
    reason: Missing output files: ../results/microbial_pangenomic_test/classify/ecolixSRR21986385.txt
    wildcards: ident=ecoli, metag=SRR21986385
    resources: tmpdir=/tmp

Activating conda environment: branchwater
[Mon Jul  8 16:32:15 2024]
Finished job 5.
14 of 51 steps (27%) done
Select jobs to execute...

[Mon Jul  8 16:32:15 2024]
rule classify:
    input: ../results/microbial_pangenomic_test/ecoli.rankt.csv, /group/ctbrowngrp/irber/data/wort-data/wort-sra/sigs/SRR21986387.sig
    output: ../results/microbial_pangenomic_test/classify/ecolixSRR21986387.txt
    jobid: 50
    reason: Missing output files: ../results/microbial_pangenomic_test/classify/ecolixSRR21986387.txt
    wildcards: ident=ecoli, metag=SRR21986387
    resources: tmpdir=/tmp

Activating conda environment: branchwater
[Mon Jul  8 16:32:16 2024]
Error in rule classify:
    jobid: 65
    input: ../results/microbial_pangenomic_test/RUG472.rankt.csv, /group/ctbrowngrp/irber/data/wort-data/wort-sra/sigs/SRR21986389.sig
    output: ../results/microbial_pangenomic_test/classify/RUG472xSRR21986389.txt
    conda-env: branchwater
    shell:
         
        sourmash scripts pangenome_classify         /group/ctbrowngrp/irber/data/wort-data/wort-sra/sigs/SRR21986389.sig ../results/microbial_pangenomic_test/RUG472.rankt.csv -k 21  > ../results/microbial_pangenomic_test/classify/RUG472xSRR21986389.txt
        
        (one of the commands exited with non-zero exit code; note that snakemake uses bash strict mode!)

Removing output files of failed job classify since they might be corrupted:
../results/microbial_pangenomic_test/classify/RUG472xSRR21986389.txt
Select jobs to execute...

[Mon Jul  8 16:32:16 2024]
rule classify:
    input: ../results/microbial_pangenomic_test/ecoli.rankt.csv, /group/ctbrowngrp/irber/data/wort-data/wort-sra/sigs/SRR21986389.sig
    output: ../results/microbial_pangenomic_test/classify/ecolixSRR21986389.txt
    jobid: 52
    reason: Missing output files: ../results/microbial_pangenomic_test/classify/ecolixSRR21986389.txt
    wildcards: ident=ecoli, metag=SRR21986389
    resources: tmpdir=/tmp

Activating conda environment: branchwater
[Mon Jul  8 16:32:17 2024]
Finished job 33.
15 of 51 steps (29%) done
Select jobs to execute...

[Mon Jul  8 16:32:17 2024]
rule classify:
    input: ../results/microbial_pangenomic_test/lamylovorus.rankt.csv, /group/ctbrowngrp/irber/data/wort-data/wort-sra/sigs/SRR21986387.sig
    output: ../results/microbial_pangenomic_test/classify/lamylovorusxSRR21986387.txt
    jobid: 37
    reason: Missing output files: ../results/microbial_pangenomic_test/classify/lamylovorusxSRR21986387.txt
    wildcards: ident=lamylovorus, metag=SRR21986387
    resources: tmpdir=/tmp

Activating conda environment: branchwater
[Mon Jul  8 16:32:23 2024]
Finished job 50.
16 of 51 steps (31%) done
Select jobs to execute...

[Mon Jul  8 16:32:23 2024]
rule classify:
    input: ../results/microbial_pangenomic_test/RUG472.rankt.csv, /group/ctbrowngrp/irber/data/wort-data/wort-sra/sigs/SRR21986384.sig
    output: ../results/microbial_pangenomic_test/classify/RUG472xSRR21986384.txt
    jobid: 60
    reason: Missing output files: ../results/microbial_pangenomic_test/classify/RUG472xSRR21986384.txt
    wildcards: ident=RUG472, metag=SRR21986384
    resources: tmpdir=/tmp

Activating conda environment: branchwater
[Mon Jul  8 16:32:24 2024]
Finished job 52.
17 of 51 steps (33%) done
Select jobs to execute...

[Mon Jul  8 16:32:24 2024]
rule classify:
    input: ../results/microbial_pangenomic_test/ecoli.rankt.csv, /group/ctbrowngrp/irber/data/wort-data/wort-sra/sigs/SRR21986382.sig
    output: ../results/microbial_pangenomic_test/classify/ecolixSRR21986382.txt
    jobid: 45
    reason: Missing output files: ../results/microbial_pangenomic_test/classify/ecolixSRR21986382.txt
    wildcards: ident=ecoli, metag=SRR21986382
    resources: tmpdir=/tmp

Activating conda environment: branchwater
[Mon Jul  8 16:32:24 2024]
Finished job 48.
18 of 51 steps (35%) done
Select jobs to execute...

[Mon Jul  8 16:32:24 2024]
rule classify:
    input: ../results/microbial_pangenomic_test/bariatricus.rankt.csv, /group/ctbrowngrp/irber/data/wort-data/wort-sra/sigs/SRR21986384.sig
    output: ../results/microbial_pangenomic_test/classify/bariatricusxSRR21986384.txt
    jobid: 8
    reason: Missing output files: ../results/microbial_pangenomic_test/classify/bariatricusxSRR21986384.txt
    wildcards: ident=bariatricus, metag=SRR21986384
    resources: tmpdir=/tmp

Activating conda environment: branchwater
[Mon Jul  8 16:32:25 2024]
Finished job 37.
19 of 51 steps (37%) done
Select jobs to execute...

[Mon Jul  8 16:32:25 2024]
rule classify:
    input: ../results/microbial_pangenomic_test/RUG472.rankt.csv, /group/ctbrowngrp/irber/data/wort-data/wort-sra/sigs/SRR21986380.sig
    output: ../results/microbial_pangenomic_test/classify/RUG472xSRR21986380.txt
    jobid: 53
    reason: Missing output files: ../results/microbial_pangenomic_test/classify/RUG472xSRR21986380.txt
    wildcards: ident=RUG472, metag=SRR21986380
    resources: tmpdir=/tmp

Activating conda environment: branchwater
[Mon Jul  8 16:32:30 2024]
Finished job 60.
20 of 51 steps (39%) done
Select jobs to execute...

[Mon Jul  8 16:32:30 2024]
rule classify:
    input: ../results/microbial_pangenomic_test/lamylovorus.rankt.csv, /group/ctbrowngrp/irber/data/wort-data/wort-sra/sigs/SRR21986388.sig
    output: ../results/microbial_pangenomic_test/classify/lamylovorusxSRR21986388.txt
    jobid: 38
    reason: Missing output files: ../results/microbial_pangenomic_test/classify/lamylovorusxSRR21986388.txt
    wildcards: ident=lamylovorus, metag=SRR21986388
    resources: tmpdir=/tmp

Activating conda environment: branchwater
[Mon Jul  8 16:32:31 2024]
Finished job 8.
21 of 51 steps (41%) done
Select jobs to execute...

[Mon Jul  8 16:32:31 2024]
rule classify:
    input: ../results/microbial_pangenomic_test/lreuteri.rankt.csv, /group/ctbrowngrp/irber/data/wort-data/wort-sra/sigs/SRR21986386.sig
    output: ../results/microbial_pangenomic_test/classify/lreuterixSRR21986386.txt
    jobid: 23
    reason: Missing output files: ../results/microbial_pangenomic_test/classify/lreuterixSRR21986386.txt
    wildcards: ident=lreuteri, metag=SRR21986386
    resources: tmpdir=/tmp

Activating conda environment: branchwater
[Mon Jul  8 16:32:31 2024]
Finished job 53.
22 of 51 steps (43%) done
Select jobs to execute...

[Mon Jul  8 16:32:31 2024]
rule classify:
    input: ../results/microbial_pangenomic_test/RUG472.rankt.csv, /group/ctbrowngrp/irber/data/wort-data/wort-sra/sigs/SRR21986385.sig
    output: ../results/microbial_pangenomic_test/classify/RUG472xSRR21986385.txt
    jobid: 61
    reason: Missing output files: ../results/microbial_pangenomic_test/classify/RUG472xSRR21986385.txt
    wildcards: ident=RUG472, metag=SRR21986385
    resources: tmpdir=/tmp

Activating conda environment: branchwater
[Mon Jul  8 16:32:33 2024]
Finished job 45.
23 of 51 steps (45%) done
Select jobs to execute...

[Mon Jul  8 16:32:33 2024]
rule classify:
    input: ../results/microbial_pangenomic_test/ecoli.rankt.csv, /group/ctbrowngrp/irber/data/wort-data/wort-sra/sigs/SRR21986383.sig
    output: ../results/microbial_pangenomic_test/classify/ecolixSRR21986383.txt
    jobid: 46
    reason: Missing output files: ../results/microbial_pangenomic_test/classify/ecolixSRR21986383.txt
    wildcards: ident=ecoli, metag=SRR21986383
    resources: tmpdir=/tmp

Activating conda environment: branchwater
[Mon Jul  8 16:32:38 2024]
Finished job 38.
24 of 51 steps (47%) done
Select jobs to execute...

[Mon Jul  8 16:32:38 2024]
rule classify:
    input: ../results/microbial_pangenomic_test/lamylovorus.rankt.csv, /group/ctbrowngrp/irber/data/wort-data/wort-sra/sigs/SRR21986381.sig
    output: ../results/microbial_pangenomic_test/classify/lamylovorusxSRR21986381.txt
    jobid: 31
    reason: Missing output files: ../results/microbial_pangenomic_test/classify/lamylovorusxSRR21986381.txt
    wildcards: ident=lamylovorus, metag=SRR21986381
    resources: tmpdir=/tmp

Activating conda environment: branchwater
[Mon Jul  8 16:32:38 2024]
Finished job 23.
25 of 51 steps (49%) done
Select jobs to execute...

[Mon Jul  8 16:32:38 2024]
rule classify:
    input: ../results/microbial_pangenomic_test/bariatricus.rankt.csv, /group/ctbrowngrp/irber/data/wort-data/wort-sra/sigs/SRR21986385.sig
    output: ../results/microbial_pangenomic_test/classify/bariatricusxSRR21986385.txt
    jobid: 9
    reason: Missing output files: ../results/microbial_pangenomic_test/classify/bariatricusxSRR21986385.txt
    wildcards: ident=bariatricus, metag=SRR21986385
    resources: tmpdir=/tmp

Activating conda environment: branchwater
[Mon Jul  8 16:32:40 2024]
Finished job 61.
26 of 51 steps (51%) done
Select jobs to execute...

[Mon Jul  8 16:32:40 2024]
rule classify:
    input: ../results/microbial_pangenomic_test/lamylovorus.rankt.csv, /group/ctbrowngrp/irber/data/wort-data/wort-sra/sigs/SRR21986389.sig
    output: ../results/microbial_pangenomic_test/classify/lamylovorusxSRR21986389.txt
    jobid: 39
    reason: Missing output files: ../results/microbial_pangenomic_test/classify/lamylovorusxSRR21986389.txt
    wildcards: ident=lamylovorus, metag=SRR21986389
    resources: tmpdir=/tmp

Activating conda environment: branchwater
[Mon Jul  8 16:32:42 2024]
Finished job 46.
27 of 51 steps (53%) done
Select jobs to execute...

[Mon Jul  8 16:32:42 2024]
rule classify:
    input: ../results/microbial_pangenomic_test/lreuteri.rankt.csv, /group/ctbrowngrp/irber/data/wort-data/wort-sra/sigs/SRR21986387.sig
    output: ../results/microbial_pangenomic_test/classify/lreuterixSRR21986387.txt
    jobid: 24
    reason: Missing output files: ../results/microbial_pangenomic_test/classify/lreuterixSRR21986387.txt
    wildcards: ident=lreuteri, metag=SRR21986387
    resources: tmpdir=/tmp

Activating conda environment: branchwater
[Mon Jul  8 16:32:46 2024]
Finished job 31.
28 of 51 steps (55%) done
Select jobs to execute...

[Mon Jul  8 16:32:46 2024]
rule classify:
    input: ../results/microbial_pangenomic_test/lamylovorus.rankt.csv, /group/ctbrowngrp/irber/data/wort-data/wort-sra/sigs/SRR21986385.sig
    output: ../results/microbial_pangenomic_test/classify/lamylovorusxSRR21986385.txt
    jobid: 35
    reason: Missing output files: ../results/microbial_pangenomic_test/classify/lamylovorusxSRR21986385.txt
    wildcards: ident=lamylovorus, metag=SRR21986385
    resources: tmpdir=/tmp

Activating conda environment: branchwater
[Mon Jul  8 16:32:47 2024]
Error in rule classify:
    jobid: 39
    input: ../results/microbial_pangenomic_test/lamylovorus.rankt.csv, /group/ctbrowngrp/irber/data/wort-data/wort-sra/sigs/SRR21986389.sig
    output: ../results/microbial_pangenomic_test/classify/lamylovorusxSRR21986389.txt
    conda-env: branchwater
    shell:
         
        sourmash scripts pangenome_classify         /group/ctbrowngrp/irber/data/wort-data/wort-sra/sigs/SRR21986389.sig ../results/microbial_pangenomic_test/lamylovorus.rankt.csv -k 21  > ../results/microbial_pangenomic_test/classify/lamylovorusxSRR21986389.txt
        
        (one of the commands exited with non-zero exit code; note that snakemake uses bash strict mode!)

Removing output files of failed job classify since they might be corrupted:
../results/microbial_pangenomic_test/classify/lamylovorusxSRR21986389.txt
Select jobs to execute...

[Mon Jul  8 16:32:47 2024]
rule classify:
    input: ../results/microbial_pangenomic_test/bariatricus.rankt.csv, /group/ctbrowngrp/irber/data/wort-data/wort-sra/sigs/SRR21986389.sig
    output: ../results/microbial_pangenomic_test/classify/bariatricusxSRR21986389.txt
    jobid: 13
    reason: Missing output files: ../results/microbial_pangenomic_test/classify/bariatricusxSRR21986389.txt
    wildcards: ident=bariatricus, metag=SRR21986389
    resources: tmpdir=/tmp

Activating conda environment: branchwater
[Mon Jul  8 16:32:47 2024]
Finished job 9.
29 of 51 steps (57%) done
Select jobs to execute...

[Mon Jul  8 16:32:47 2024]
rule classify:
    input: ../results/microbial_pangenomic_test/RUG472.rankt.csv, /group/ctbrowngrp/irber/data/wort-data/wort-sra/sigs/SRR21986382.sig
    output: ../results/microbial_pangenomic_test/classify/RUG472xSRR21986382.txt
    jobid: 58
    reason: Missing output files: ../results/microbial_pangenomic_test/classify/RUG472xSRR21986382.txt
    wildcards: ident=RUG472, metag=SRR21986382
    resources: tmpdir=/tmp

Activating conda environment: branchwater
[Mon Jul  8 16:32:49 2024]
Finished job 24.
30 of 51 steps (59%) done
Select jobs to execute...

[Mon Jul  8 16:32:49 2024]
rule classify:
    input: ../results/microbial_pangenomic_test/lreuteri.rankt.csv, /group/ctbrowngrp/irber/data/wort-data/wort-sra/sigs/SRR21986388.sig
    output: ../results/microbial_pangenomic_test/classify/lreuterixSRR21986388.txt
    jobid: 25
    reason: Missing output files: ../results/microbial_pangenomic_test/classify/lreuterixSRR21986388.txt
    wildcards: ident=lreuteri, metag=SRR21986388
    resources: tmpdir=/tmp

Activating conda environment: branchwater
[Mon Jul  8 16:32:53 2024]
Error in rule classify:
    jobid: 13
    input: ../results/microbial_pangenomic_test/bariatricus.rankt.csv, /group/ctbrowngrp/irber/data/wort-data/wort-sra/sigs/SRR21986389.sig
    output: ../results/microbial_pangenomic_test/classify/bariatricusxSRR21986389.txt
    conda-env: branchwater
    shell:
         
        sourmash scripts pangenome_classify         /group/ctbrowngrp/irber/data/wort-data/wort-sra/sigs/SRR21986389.sig ../results/microbial_pangenomic_test/bariatricus.rankt.csv -k 21  > ../results/microbial_pangenomic_test/classify/bariatricusxSRR21986389.txt
        
        (one of the commands exited with non-zero exit code; note that snakemake uses bash strict mode!)

Removing output files of failed job classify since they might be corrupted:
../results/microbial_pangenomic_test/classify/bariatricusxSRR21986389.txt
Select jobs to execute...

[Mon Jul  8 16:32:53 2024]
rule classify:
    input: ../results/microbial_pangenomic_test/lreuteri.rankt.csv, /group/ctbrowngrp/irber/data/wort-data/wort-sra/sigs/SRR21986380.sig
    output: ../results/microbial_pangenomic_test/classify/lreuterixSRR21986380.txt
    jobid: 14
    reason: Missing output files: ../results/microbial_pangenomic_test/classify/lreuterixSRR21986380.txt
    wildcards: ident=lreuteri, metag=SRR21986380
    resources: tmpdir=/tmp

Activating conda environment: branchwater
[Mon Jul  8 16:32:54 2024]
Finished job 58.
31 of 51 steps (61%) done
Select jobs to execute...

[Mon Jul  8 16:32:54 2024]
rule classify:
    input: ../results/microbial_pangenomic_test/RUG472.rankt.csv, /group/ctbrowngrp/irber/data/wort-data/wort-sra/sigs/SRR21986383.sig
    output: ../results/microbial_pangenomic_test/classify/RUG472xSRR21986383.txt
    jobid: 59
    reason: Missing output files: ../results/microbial_pangenomic_test/classify/RUG472xSRR21986383.txt
    wildcards: ident=RUG472, metag=SRR21986383
    resources: tmpdir=/tmp

Activating conda environment: branchwater
[Mon Jul  8 16:32:55 2024]
Finished job 35.
32 of 51 steps (63%) done
Select jobs to execute...

[Mon Jul  8 16:32:55 2024]
rule classify:
    input: ../results/microbial_pangenomic_test/ecoli.rankt.csv, /group/ctbrowngrp/irber/data/wort-data/wort-sra/sigs/SRR21986381.sig
    output: ../results/microbial_pangenomic_test/classify/ecolixSRR21986381.txt
    jobid: 44
    reason: Missing output files: ../results/microbial_pangenomic_test/classify/ecolixSRR21986381.txt
    wildcards: ident=ecoli, metag=SRR21986381
    resources: tmpdir=/tmp

Activating conda environment: branchwater
[Mon Jul  8 16:32:58 2024]
Finished job 25.
33 of 51 steps (65%) done
Select jobs to execute...

[Mon Jul  8 16:32:58 2024]
rule classify:
    input: ../results/microbial_pangenomic_test/lreuteri.rankt.csv, /group/ctbrowngrp/irber/data/wort-data/wort-sra/sigs/SRR21986381.sig
    output: ../results/microbial_pangenomic_test/classify/lreuterixSRR21986381.txt
    jobid: 18
    reason: Missing output files: ../results/microbial_pangenomic_test/classify/lreuterixSRR21986381.txt
    wildcards: ident=lreuteri, metag=SRR21986381
    resources: tmpdir=/tmp

Activating conda environment: branchwater
[Mon Jul  8 16:33:02 2024]
Finished job 14.
34 of 51 steps (67%) done
Select jobs to execute...

[Mon Jul  8 16:33:02 2024]
rule classify:
    input: ../results/microbial_pangenomic_test/RUG472.rankt.csv, /group/ctbrowngrp/irber/data/wort-data/wort-sra/sigs/SRR21986387.sig
    output: ../results/microbial_pangenomic_test/classify/RUG472xSRR21986387.txt
    jobid: 63
    reason: Missing output files: ../results/microbial_pangenomic_test/classify/RUG472xSRR21986387.txt
    wildcards: ident=RUG472, metag=SRR21986387
    resources: tmpdir=/tmp

Activating conda environment: branchwater
[Mon Jul  8 16:33:03 2024]
Finished job 59.
35 of 51 steps (69%) done
Select jobs to execute...

[Mon Jul  8 16:33:03 2024]
rule classify:
    input: ../results/microbial_pangenomic_test/ecoli.rankt.csv, /group/ctbrowngrp/irber/data/wort-data/wort-sra/sigs/SRR21986380.sig
    output: ../results/microbial_pangenomic_test/classify/ecolixSRR21986380.txt
    jobid: 40
    reason: Missing output files: ../results/microbial_pangenomic_test/classify/ecolixSRR21986380.txt
    wildcards: ident=ecoli, metag=SRR21986380
    resources: tmpdir=/tmp

Activating conda environment: branchwater
[Mon Jul  8 16:33:04 2024]
Finished job 44.
36 of 51 steps (71%) done
Select jobs to execute...

[Mon Jul  8 16:33:04 2024]
rule classify:
    input: ../results/microbial_pangenomic_test/bariatricus.rankt.csv, /group/ctbrowngrp/irber/data/wort-data/wort-sra/sigs/SRR21986386.sig
    output: ../results/microbial_pangenomic_test/classify/bariatricusxSRR21986386.txt
    jobid: 10
    reason: Missing output files: ../results/microbial_pangenomic_test/classify/bariatricusxSRR21986386.txt
    wildcards: ident=bariatricus, metag=SRR21986386
    resources: tmpdir=/tmp

Activating conda environment: branchwater
[Mon Jul  8 16:33:05 2024]
Finished job 18.
37 of 51 steps (73%) done
Select jobs to execute...

[Mon Jul  8 16:33:05 2024]
rule classify:
    input: ../results/microbial_pangenomic_test/lamylovorus.rankt.csv, /group/ctbrowngrp/irber/data/wort-data/wort-sra/sigs/SRR21986386.sig
    output: ../results/microbial_pangenomic_test/classify/lamylovorusxSRR21986386.txt
    jobid: 36
    reason: Missing output files: ../results/microbial_pangenomic_test/classify/lamylovorusxSRR21986386.txt
    wildcards: ident=lamylovorus, metag=SRR21986386
    resources: tmpdir=/tmp

Activating conda environment: branchwater
[Mon Jul  8 16:33:09 2024]
Finished job 63.
38 of 51 steps (75%) done
Select jobs to execute...

[Mon Jul  8 16:33:09 2024]
rule classify:
    input: ../results/microbial_pangenomic_test/ecoli.rankt.csv, /group/ctbrowngrp/irber/data/wort-data/wort-sra/sigs/SRR21986388.sig
    output: ../results/microbial_pangenomic_test/classify/ecolixSRR21986388.txt
    jobid: 51
    reason: Missing output files: ../results/microbial_pangenomic_test/classify/ecolixSRR21986388.txt
    wildcards: ident=ecoli, metag=SRR21986388
    resources: tmpdir=/tmp

Activating conda environment: branchwater
[Mon Jul  8 16:33:11 2024]
Finished job 40.
39 of 51 steps (76%) done
Select jobs to execute...

[Mon Jul  8 16:33:11 2024]
rule classify:
    input: ../results/microbial_pangenomic_test/bariatricus.rankt.csv, /group/ctbrowngrp/irber/data/wort-data/wort-sra/sigs/SRR21986382.sig
    output: ../results/microbial_pangenomic_test/classify/bariatricusxSRR21986382.txt
    jobid: 6
    reason: Missing output files: ../results/microbial_pangenomic_test/classify/bariatricusxSRR21986382.txt
    wildcards: ident=bariatricus, metag=SRR21986382
    resources: tmpdir=/tmp

Activating conda environment: branchwater
[Mon Jul  8 16:33:11 2024]
Finished job 10.
40 of 51 steps (78%) done
Select jobs to execute...

[Mon Jul  8 16:33:11 2024]
rule classify:
    input: ../results/microbial_pangenomic_test/lamylovorus.rankt.csv, /group/ctbrowngrp/irber/data/wort-data/wort-sra/sigs/SRR21986382.sig
    output: ../results/microbial_pangenomic_test/classify/lamylovorusxSRR21986382.txt
    jobid: 32
    reason: Missing output files: ../results/microbial_pangenomic_test/classify/lamylovorusxSRR21986382.txt
    wildcards: ident=lamylovorus, metag=SRR21986382
    resources: tmpdir=/tmp

Activating conda environment: branchwater
[Mon Jul  8 16:33:12 2024]
Finished job 36.
41 of 51 steps (80%) done
Select jobs to execute...

[Mon Jul  8 16:33:12 2024]
rule classify:
    input: ../results/microbial_pangenomic_test/ecoli.rankt.csv, /group/ctbrowngrp/irber/data/wort-data/wort-sra/sigs/SRR21986384.sig
    output: ../results/microbial_pangenomic_test/classify/ecolixSRR21986384.txt
    jobid: 47
    reason: Missing output files: ../results/microbial_pangenomic_test/classify/ecolixSRR21986384.txt
    wildcards: ident=ecoli, metag=SRR21986384
    resources: tmpdir=/tmp

Activating conda environment: branchwater
[Mon Jul  8 16:33:17 2024]
Finished job 51.
42 of 51 steps (82%) done
Select jobs to execute...

[Mon Jul  8 16:33:17 2024]
rule classify:
    input: ../results/microbial_pangenomic_test/bariatricus.rankt.csv, /group/ctbrowngrp/irber/data/wort-data/wort-sra/sigs/SRR21986383.sig
    output: ../results/microbial_pangenomic_test/classify/bariatricusxSRR21986383.txt
    jobid: 7
    reason: Missing output files: ../results/microbial_pangenomic_test/classify/bariatricusxSRR21986383.txt
    wildcards: ident=bariatricus, metag=SRR21986383
    resources: tmpdir=/tmp

Activating conda environment: branchwater
[Mon Jul  8 16:33:19 2024]
Finished job 6.
43 of 51 steps (84%) done
Select jobs to execute...

[Mon Jul  8 16:33:19 2024]
rule classify:
    input: ../results/microbial_pangenomic_test/RUG472.rankt.csv, /group/ctbrowngrp/irber/data/wort-data/wort-sra/sigs/SRR21986386.sig
    output: ../results/microbial_pangenomic_test/classify/RUG472xSRR21986386.txt
    jobid: 62
    reason: Missing output files: ../results/microbial_pangenomic_test/classify/RUG472xSRR21986386.txt
    wildcards: ident=RUG472, metag=SRR21986386
    resources: tmpdir=/tmp

Activating conda environment: branchwater
[Mon Jul  8 16:33:19 2024]
Finished job 32.
44 of 51 steps (86%) done
[Mon Jul  8 16:33:21 2024]
Finished job 47.
45 of 51 steps (88%) done
[Mon Jul  8 16:33:25 2024]
Finished job 62.
46 of 51 steps (90%) done
[Mon Jul  8 16:33:25 2024]
Finished job 7.
47 of 51 steps (92%) done
Exiting because a job execution failed. Look above for error message
Complete log: .snakemake/log/2024-07-08T163139.870581.snakemake.log
