Building DAG of jobs...
Using shell: /usr/bin/bash
Provided cores: 1 (use --cores to define parallelism)
Rules claiming more threads will be scaled down.
Job stats:
job             count
------------  -------
all                 1
pang_sketch         6
pick_species        5
total              12

Select jobs to execute...
Execute 1 jobs...

[Fri Jul 19 11:56:40 2024]
localrule pick_species:
    output: ../results/pangenome/Faecalibacterium_prausnitzii_E.csv
    jobid: 8
    reason: Missing output files: ../results/pangenome/Faecalibacterium_prausnitzii_E.csv; Software environment definition has changed since last execution
    wildcards: species=Faecalibacterium_prausnitzii_E
    resources: tmpdir=/tmp

Activating conda environment: branchwater
[Fri Jul 19 11:56:58 2024]
Finished job 8.
1 of 12 steps (8%) done
Select jobs to execute...
Execute 1 jobs...

[Fri Jul 19 11:56:58 2024]
localrule pang_sketch:
    input: ../results/pangenome/Faecalibacterium_prausnitzii_E.csv
    output: ../results/pangenome/Faecalibacterium_prausnitzii_E.zip, ../results/pangenome/Faecalibacterium_prausnitzii_E.pang.sig.gz, ../results/pangenome/Faecalibacterium_prausnitzii_E.rankt.csv
    jobid: 7
    reason: Missing output files: ../results/pangenome/Faecalibacterium_prausnitzii_E.pang.sig.gz; Input files updated by another job: ../results/pangenome/Faecalibacterium_prausnitzii_E.csv
    wildcards: species=Faecalibacterium_prausnitzii_E
    resources: tmpdir=/tmp

Activating conda environment: branchwater
[Fri Jul 19 11:57:14 2024]
Finished job 7.
2 of 12 steps (17%) done
Select jobs to execute...
Execute 1 jobs...

[Fri Jul 19 11:57:14 2024]
localrule pang_sketch:
    input: ../results/pangenome/Dorea_formicigenerans.csv
    output: ../results/pangenome/Dorea_formicigenerans.zip, ../results/pangenome/Dorea_formicigenerans.pang.sig.gz, ../results/pangenome/Dorea_formicigenerans.rankt.csv
    jobid: 9
    reason: Missing output files: ../results/pangenome/Dorea_formicigenerans.pang.sig.gz
    wildcards: species=Dorea_formicigenerans
    resources: tmpdir=/tmp

Activating conda environment: branchwater
[Fri Jul 19 11:57:28 2024]
Finished job 9.
3 of 12 steps (25%) done
Select jobs to execute...
Execute 1 jobs...

[Fri Jul 19 11:57:28 2024]
localrule pick_species:
    output: ../results/pangenome/Anaerobutyricum_soehngenii.csv
    jobid: 12
    reason: Code has changed since last execution; Software environment definition has changed since last execution
    wildcards: species=Anaerobutyricum_soehngenii
    resources: tmpdir=/tmp

Activating conda environment: branchwater
[Fri Jul 19 11:57:45 2024]
Finished job 12.
4 of 12 steps (33%) done
Select jobs to execute...
Execute 1 jobs...

[Fri Jul 19 11:57:45 2024]
localrule pang_sketch:
    input: ../results/pangenome/Anaerobutyricum_soehngenii.csv
    output: ../results/pangenome/Anaerobutyricum_soehngenii.zip, ../results/pangenome/Anaerobutyricum_soehngenii.pang.sig.gz, ../results/pangenome/Anaerobutyricum_soehngenii.rankt.csv
    jobid: 11
    reason: Missing output files: ../results/pangenome/Anaerobutyricum_soehngenii.pang.sig.gz; Input files updated by another job: ../results/pangenome/Anaerobutyricum_soehngenii.csv
    wildcards: species=Anaerobutyricum_soehngenii
    resources: tmpdir=/tmp

Activating conda environment: branchwater
[Fri Jul 19 11:57:59 2024]
Finished job 11.
5 of 12 steps (42%) done
Select jobs to execute...
Execute 1 jobs...

[Fri Jul 19 11:57:59 2024]
localrule pick_species:
    output: ../results/pangenome/Gemmiger_formicilis.csv
    jobid: 4
    reason: Code has changed since last execution; Software environment definition has changed since last execution
    wildcards: species=Gemmiger_formicilis
    resources: tmpdir=/tmp

Activating conda environment: branchwater
[Fri Jul 19 11:58:13 2024]
Finished job 4.
6 of 12 steps (50%) done
Select jobs to execute...
Execute 1 jobs...

[Fri Jul 19 11:58:13 2024]
localrule pang_sketch:
    input: ../results/pangenome/Gemmiger_formicilis.csv
    output: ../results/pangenome/Gemmiger_formicilis.zip, ../results/pangenome/Gemmiger_formicilis.pang.sig.gz, ../results/pangenome/Gemmiger_formicilis.rankt.csv
    jobid: 3
    reason: Missing output files: ../results/pangenome/Gemmiger_formicilis.pang.sig.gz; Input files updated by another job: ../results/pangenome/Gemmiger_formicilis.csv
    wildcards: species=Gemmiger_formicilis
    resources: tmpdir=/tmp

Activating conda environment: branchwater
[Fri Jul 19 11:58:28 2024]
Finished job 3.
7 of 12 steps (58%) done
Select jobs to execute...
Execute 1 jobs...

[Fri Jul 19 11:58:28 2024]
localrule pick_species:
    output: ../results/pangenome/Escherichia_coli.csv
    jobid: 2
    reason: Code has changed since last execution; Software environment definition has changed since last execution
    wildcards: species=Escherichia_coli
    resources: tmpdir=/tmp

Activating conda environment: branchwater
[Fri Jul 19 11:58:43 2024]
Finished job 2.
8 of 12 steps (67%) done
Select jobs to execute...
Execute 1 jobs...

[Fri Jul 19 11:58:43 2024]
localrule pick_species:
    output: ../results/pangenome/Blautia_A_sp003471165.csv
    jobid: 6
    reason: Code has changed since last execution; Software environment definition has changed since last execution
    wildcards: species=Blautia_A_sp003471165
    resources: tmpdir=/tmp

Activating conda environment: branchwater
[Fri Jul 19 11:59:00 2024]
Finished job 6.
9 of 12 steps (75%) done
Select jobs to execute...
Execute 1 jobs...

[Fri Jul 19 11:59:00 2024]
localrule pang_sketch:
    input: ../results/pangenome/Blautia_A_sp003471165.csv
    output: ../results/pangenome/Blautia_A_sp003471165.zip, ../results/pangenome/Blautia_A_sp003471165.pang.sig.gz, ../results/pangenome/Blautia_A_sp003471165.rankt.csv
    jobid: 5
    reason: Missing output files: ../results/pangenome/Blautia_A_sp003471165.pang.sig.gz; Input files updated by another job: ../results/pangenome/Blautia_A_sp003471165.csv
    wildcards: species=Blautia_A_sp003471165
    resources: tmpdir=/tmp

Activating conda environment: branchwater
[Fri Jul 19 11:59:14 2024]
Finished job 5.
10 of 12 steps (83%) done
Select jobs to execute...
Execute 1 jobs...

[Fri Jul 19 11:59:14 2024]
localrule pang_sketch:
    input: ../results/pangenome/Escherichia_coli.csv
    output: ../results/pangenome/Escherichia_coli.zip, ../results/pangenome/Escherichia_coli.pang.sig.gz, ../results/pangenome/Escherichia_coli.rankt.csv
    jobid: 1
    reason: Missing output files: ../results/pangenome/Escherichia_coli.pang.sig.gz; Input files updated by another job: ../results/pangenome/Escherichia_coli.csv
    wildcards: species=Escherichia_coli
    resources: tmpdir=/tmp

Activating conda environment: branchwater
[Fri Jul 19 12:15:46 2024]
Finished job 1.
11 of 12 steps (92%) done
Select jobs to execute...
Execute 1 jobs...

[Fri Jul 19 12:15:49 2024]
localrule all:
    input: ../results/pangenome/Escherichia_coli.pang.sig.gz, ../results/pangenome/Gemmiger_formicilis.pang.sig.gz, ../results/pangenome/Blautia_A_sp003471165.pang.sig.gz, ../results/pangenome/Faecalibacterium_prausnitzii_E.pang.sig.gz, ../results/pangenome/Dorea_formicigenerans.pang.sig.gz, ../results/pangenome/Anaerobutyricum_soehngenii.pang.sig.gz
    jobid: 0
    reason: Input files updated by another job: ../results/pangenome/Faecalibacterium_prausnitzii_E.pang.sig.gz, ../results/pangenome/Blautia_A_sp003471165.pang.sig.gz, ../results/pangenome/Anaerobutyricum_soehngenii.pang.sig.gz, ../results/pangenome/Escherichia_coli.pang.sig.gz, ../results/pangenome/Dorea_formicigenerans.pang.sig.gz, ../results/pangenome/Gemmiger_formicilis.pang.sig.gz
    resources: tmpdir=/tmp

[Fri Jul 19 12:15:50 2024]
Finished job 0.
12 of 12 steps (100%) done
Complete log: .snakemake/log/2024-07-19T115637.568413.snakemake.log
