Building DAG of jobs...
Using shell: /usr/bin/bash
Provided cores: 4
Rules claiming more threads will be scaled down.
Provided resources: mem_mb=20000
Job stats:
job                  count
-----------------  -------
all                      1
pang_merge              10
sketch                  10
subset_vircontigs       10
total                   31

Select jobs to execute...

[Wed Jul  3 15:19:48 2024]
rule subset_vircontigs:
    input: ../results/viral_pangenomic_test/clusters/Cluster_13353.txt
    output: ../results/viral_pangenomic_test/Cluster_13353.fa
    jobid: 30
    reason: Missing output files: ../results/viral_pangenomic_test/Cluster_13353.fa
    wildcards: ident=Cluster_13353
    resources: tmpdir=/tmp

Activating conda environment: bbmap

[Wed Jul  3 15:19:50 2024]
rule subset_vircontigs:
    input: ../results/viral_pangenomic_test/clusters/Cluster_5352.txt
    output: ../results/viral_pangenomic_test/Cluster_5352.fa
    jobid: 21
    reason: Missing output files: ../results/viral_pangenomic_test/Cluster_5352.fa
    wildcards: ident=Cluster_5352
    resources: tmpdir=/tmp

Activating conda environment: bbmap

[Wed Jul  3 15:19:50 2024]
rule subset_vircontigs:
    input: ../results/viral_pangenomic_test/clusters/Cluster_4249.txt
    output: ../results/viral_pangenomic_test/Cluster_4249.fa
    jobid: 9
    reason: Missing output files: ../results/viral_pangenomic_test/Cluster_4249.fa
    wildcards: ident=Cluster_4249
    resources: tmpdir=/tmp

Activating conda environment: bbmap

[Wed Jul  3 15:19:50 2024]
rule subset_vircontigs:
    input: ../results/viral_pangenomic_test/clusters/Cluster_325.txt
    output: ../results/viral_pangenomic_test/Cluster_325.fa
    jobid: 27
    reason: Missing output files: ../results/viral_pangenomic_test/Cluster_325.fa
    wildcards: ident=Cluster_325
    resources: tmpdir=/tmp

Activating conda environment: bbmap
[Wed Jul  3 15:20:19 2024]
Finished job 21.
1 of 31 steps (3%) done
Select jobs to execute...

[Wed Jul  3 15:20:19 2024]
rule subset_vircontigs:
    input: ../results/viral_pangenomic_test/clusters/Cluster_1570.txt
    output: ../results/viral_pangenomic_test/Cluster_1570.fa
    jobid: 3
    reason: Missing output files: ../results/viral_pangenomic_test/Cluster_1570.fa
    wildcards: ident=Cluster_1570
    resources: tmpdir=/tmp

Activating conda environment: bbmap
[Wed Jul  3 15:20:19 2024]
Finished job 30.
2 of 31 steps (6%) done
[Wed Jul  3 15:20:19 2024]
Finished job 27.
3 of 31 steps (10%) done
[Wed Jul  3 15:20:19 2024]
Finished job 9.
4 of 31 steps (13%) done
Select jobs to execute...

[Wed Jul  3 15:20:19 2024]
rule sketch:
    input: ../results/viral_pangenomic_test/Cluster_5352.fa
    output: ../results/viral_pangenomic_test/Cluster_5352.sig.gz
    jobid: 20
    reason: Missing output files: ../results/viral_pangenomic_test/Cluster_5352.sig.gz; Input files updated by another job: ../results/viral_pangenomic_test/Cluster_5352.fa
    wildcards: ident=Cluster_5352
    resources: tmpdir=/tmp

Activating conda environment: branchwater

[Wed Jul  3 15:20:19 2024]
rule subset_vircontigs:
    input: ../results/viral_pangenomic_test/clusters/Cluster_2.txt
    output: ../results/viral_pangenomic_test/Cluster_2.fa
    jobid: 18
    reason: Missing output files: ../results/viral_pangenomic_test/Cluster_2.fa
    wildcards: ident=Cluster_2
    resources: tmpdir=/tmp

Activating conda environment: bbmap

[Wed Jul  3 15:20:19 2024]
rule sketch:
    input: ../results/viral_pangenomic_test/Cluster_13353.fa
    output: ../results/viral_pangenomic_test/Cluster_13353.sig.gz
    jobid: 29
    reason: Missing output files: ../results/viral_pangenomic_test/Cluster_13353.sig.gz; Input files updated by another job: ../results/viral_pangenomic_test/Cluster_13353.fa
    wildcards: ident=Cluster_13353
    resources: tmpdir=/tmp

Select jobs to execute...
Activating conda environment: branchwater
[Wed Jul  3 15:20:26 2024]
Finished job 18.
5 of 31 steps (16%) done

[Wed Jul  3 15:20:26 2024]
rule subset_vircontigs:
    input: ../results/viral_pangenomic_test/clusters/Cluster_1919.txt
    output: ../results/viral_pangenomic_test/Cluster_1919.fa
    jobid: 12
    reason: Missing output files: ../results/viral_pangenomic_test/Cluster_1919.fa
    wildcards: ident=Cluster_1919
    resources: tmpdir=/tmp

Activating conda environment: bbmap
[Wed Jul  3 15:20:26 2024]
Finished job 3.
6 of 31 steps (19%) done
Select jobs to execute...

[Wed Jul  3 15:20:27 2024]
rule sketch:
    input: ../results/viral_pangenomic_test/Cluster_2.fa
    output: ../results/viral_pangenomic_test/Cluster_2.sig.gz
    jobid: 17
    reason: Missing output files: ../results/viral_pangenomic_test/Cluster_2.sig.gz; Input files updated by another job: ../results/viral_pangenomic_test/Cluster_2.fa
    wildcards: ident=Cluster_2
    resources: tmpdir=/tmp

Activating conda environment: branchwater
[Wed Jul  3 15:20:27 2024]
Error in rule sketch:
    jobid: 29
    input: ../results/viral_pangenomic_test/Cluster_13353.fa
    output: ../results/viral_pangenomic_test/Cluster_13353.sig.gz
    conda-env: branchwater
    shell:
         
        sourmash sketch dna         -p k=21,scaled=1,abund         --singleton         -o ../results/viral_pangenomic_test/Cluster_13353.sig.gz
        
        (one of the commands exited with non-zero exit code; note that snakemake uses bash strict mode!)

Select jobs to execute...

[Wed Jul  3 15:20:27 2024]
rule sketch:
    input: ../results/viral_pangenomic_test/Cluster_325.fa
    output: ../results/viral_pangenomic_test/Cluster_325.sig.gz
    jobid: 26
    reason: Missing output files: ../results/viral_pangenomic_test/Cluster_325.sig.gz; Input files updated by another job: ../results/viral_pangenomic_test/Cluster_325.fa
    wildcards: ident=Cluster_325
    resources: tmpdir=/tmp

Activating conda environment: branchwater
[Wed Jul  3 15:20:27 2024]
Error in rule sketch:
    jobid: 20
    input: ../results/viral_pangenomic_test/Cluster_5352.fa
    output: ../results/viral_pangenomic_test/Cluster_5352.sig.gz
    conda-env: branchwater
    shell:
         
        sourmash sketch dna         -p k=21,scaled=1,abund         --singleton         -o ../results/viral_pangenomic_test/Cluster_5352.sig.gz
        
        (one of the commands exited with non-zero exit code; note that snakemake uses bash strict mode!)

Select jobs to execute...

[Wed Jul  3 15:20:27 2024]
rule sketch:
    input: ../results/viral_pangenomic_test/Cluster_4249.fa
    output: ../results/viral_pangenomic_test/Cluster_4249.sig.gz
    jobid: 8
    reason: Missing output files: ../results/viral_pangenomic_test/Cluster_4249.sig.gz; Input files updated by another job: ../results/viral_pangenomic_test/Cluster_4249.fa
    wildcards: ident=Cluster_4249
    resources: tmpdir=/tmp

Activating conda environment: branchwater
[Wed Jul  3 15:20:33 2024]
Error in rule sketch:
    jobid: 17
    input: ../results/viral_pangenomic_test/Cluster_2.fa
    output: ../results/viral_pangenomic_test/Cluster_2.sig.gz
    conda-env: branchwater
    shell:
         
        sourmash sketch dna         -p k=21,scaled=1,abund         --singleton         -o ../results/viral_pangenomic_test/Cluster_2.sig.gz
        
        (one of the commands exited with non-zero exit code; note that snakemake uses bash strict mode!)

Select jobs to execute...

[Wed Jul  3 15:20:33 2024]
rule subset_vircontigs:
    input: ../results/viral_pangenomic_test/clusters/Cluster_29.txt
    output: ../results/viral_pangenomic_test/Cluster_29.fa
    jobid: 15
    reason: Missing output files: ../results/viral_pangenomic_test/Cluster_29.fa
    wildcards: ident=Cluster_29
    resources: tmpdir=/tmp

Activating conda environment: bbmap
[Wed Jul  3 15:20:33 2024]
Error in rule sketch:
    jobid: 8
    input: ../results/viral_pangenomic_test/Cluster_4249.fa
    output: ../results/viral_pangenomic_test/Cluster_4249.sig.gz
    conda-env: branchwater
    shell:
         
        sourmash sketch dna         -p k=21,scaled=1,abund         --singleton         -o ../results/viral_pangenomic_test/Cluster_4249.sig.gz
        
        (one of the commands exited with non-zero exit code; note that snakemake uses bash strict mode!)

Select jobs to execute...

[Wed Jul  3 15:20:33 2024]
rule sketch:
    input: ../results/viral_pangenomic_test/Cluster_1570.fa
    output: ../results/viral_pangenomic_test/Cluster_1570.sig.gz
    jobid: 2
    reason: Missing output files: ../results/viral_pangenomic_test/Cluster_1570.sig.gz; Input files updated by another job: ../results/viral_pangenomic_test/Cluster_1570.fa
    wildcards: ident=Cluster_1570
    resources: tmpdir=/tmp

Activating conda environment: branchwater
[Wed Jul  3 15:20:33 2024]
Error in rule sketch:
    jobid: 26
    input: ../results/viral_pangenomic_test/Cluster_325.fa
    output: ../results/viral_pangenomic_test/Cluster_325.sig.gz
    conda-env: branchwater
    shell:
         
        sourmash sketch dna         -p k=21,scaled=1,abund         --singleton         -o ../results/viral_pangenomic_test/Cluster_325.sig.gz
        
        (one of the commands exited with non-zero exit code; note that snakemake uses bash strict mode!)

Select jobs to execute...

[Wed Jul  3 15:20:33 2024]
rule subset_vircontigs:
    input: ../results/viral_pangenomic_test/clusters/Cluster_980.txt
    output: ../results/viral_pangenomic_test/Cluster_980.fa
    jobid: 6
    reason: Missing output files: ../results/viral_pangenomic_test/Cluster_980.fa
    wildcards: ident=Cluster_980
    resources: tmpdir=/tmp

Activating conda environment: bbmap
[Wed Jul  3 15:20:33 2024]
Finished job 12.
7 of 31 steps (23%) done
Select jobs to execute...

[Wed Jul  3 15:20:34 2024]
rule sketch:
    input: ../results/viral_pangenomic_test/Cluster_1919.fa
    output: ../results/viral_pangenomic_test/Cluster_1919.sig.gz
    jobid: 11
    reason: Missing output files: ../results/viral_pangenomic_test/Cluster_1919.sig.gz; Input files updated by another job: ../results/viral_pangenomic_test/Cluster_1919.fa
    wildcards: ident=Cluster_1919
    resources: tmpdir=/tmp

Activating conda environment: branchwater
[Wed Jul  3 15:20:40 2024]
Finished job 15.
8 of 31 steps (26%) done
Select jobs to execute...

[Wed Jul  3 15:20:40 2024]
rule subset_vircontigs:
    input: ../results/viral_pangenomic_test/clusters/Cluster_265.txt
    output: ../results/viral_pangenomic_test/Cluster_265.fa
    jobid: 24
    reason: Missing output files: ../results/viral_pangenomic_test/Cluster_265.fa
    wildcards: ident=Cluster_265
    resources: tmpdir=/tmp

Activating conda environment: bbmap
[Wed Jul  3 15:20:41 2024]
Error in rule sketch:
    jobid: 11
    input: ../results/viral_pangenomic_test/Cluster_1919.fa
    output: ../results/viral_pangenomic_test/Cluster_1919.sig.gz
    conda-env: branchwater
    shell:
         
        sourmash sketch dna         -p k=21,scaled=1,abund         --singleton         -o ../results/viral_pangenomic_test/Cluster_1919.sig.gz
        
        (one of the commands exited with non-zero exit code; note that snakemake uses bash strict mode!)

Select jobs to execute...

[Wed Jul  3 15:20:41 2024]
rule sketch:
    input: ../results/viral_pangenomic_test/Cluster_29.fa
    output: ../results/viral_pangenomic_test/Cluster_29.sig.gz
    jobid: 14
    reason: Missing output files: ../results/viral_pangenomic_test/Cluster_29.sig.gz; Input files updated by another job: ../results/viral_pangenomic_test/Cluster_29.fa
    wildcards: ident=Cluster_29
    resources: tmpdir=/tmp

Activating conda environment: branchwater
[Wed Jul  3 15:20:41 2024]
Error in rule sketch:
    jobid: 2
    input: ../results/viral_pangenomic_test/Cluster_1570.fa
    output: ../results/viral_pangenomic_test/Cluster_1570.sig.gz
    conda-env: branchwater
    shell:
         
        sourmash sketch dna         -p k=21,scaled=1,abund         --singleton         -o ../results/viral_pangenomic_test/Cluster_1570.sig.gz
        
        (one of the commands exited with non-zero exit code; note that snakemake uses bash strict mode!)

[Wed Jul  3 15:20:41 2024]
Finished job 6.
9 of 31 steps (29%) done
Select jobs to execute...

[Wed Jul  3 15:20:41 2024]
rule sketch:
    input: ../results/viral_pangenomic_test/Cluster_980.fa
    output: ../results/viral_pangenomic_test/Cluster_980.sig.gz
    jobid: 5
    reason: Missing output files: ../results/viral_pangenomic_test/Cluster_980.sig.gz; Input files updated by another job: ../results/viral_pangenomic_test/Cluster_980.fa
    wildcards: ident=Cluster_980
    resources: tmpdir=/tmp

Activating conda environment: branchwater
[Wed Jul  3 15:20:47 2024]
Error in rule sketch:
    jobid: 14
    input: ../results/viral_pangenomic_test/Cluster_29.fa
    output: ../results/viral_pangenomic_test/Cluster_29.sig.gz
    conda-env: branchwater
    shell:
         
        sourmash sketch dna         -p k=21,scaled=1,abund         --singleton         -o ../results/viral_pangenomic_test/Cluster_29.sig.gz
        
        (one of the commands exited with non-zero exit code; note that snakemake uses bash strict mode!)

[Wed Jul  3 15:20:47 2024]
Finished job 24.
10 of 31 steps (32%) done
Select jobs to execute...

[Wed Jul  3 15:20:47 2024]
rule sketch:
    input: ../results/viral_pangenomic_test/Cluster_265.fa
    output: ../results/viral_pangenomic_test/Cluster_265.sig.gz
    jobid: 23
    reason: Missing output files: ../results/viral_pangenomic_test/Cluster_265.sig.gz; Input files updated by another job: ../results/viral_pangenomic_test/Cluster_265.fa
    wildcards: ident=Cluster_265
    resources: tmpdir=/tmp

Activating conda environment: branchwater
[Wed Jul  3 15:20:47 2024]
Error in rule sketch:
    jobid: 5
    input: ../results/viral_pangenomic_test/Cluster_980.fa
    output: ../results/viral_pangenomic_test/Cluster_980.sig.gz
    conda-env: branchwater
    shell:
         
        sourmash sketch dna         -p k=21,scaled=1,abund         --singleton         -o ../results/viral_pangenomic_test/Cluster_980.sig.gz
        
        (one of the commands exited with non-zero exit code; note that snakemake uses bash strict mode!)

[Wed Jul  3 15:20:52 2024]
Error in rule sketch:
    jobid: 23
    input: ../results/viral_pangenomic_test/Cluster_265.fa
    output: ../results/viral_pangenomic_test/Cluster_265.sig.gz
    conda-env: branchwater
    shell:
         
        sourmash sketch dna         -p k=21,scaled=1,abund         --singleton         -o ../results/viral_pangenomic_test/Cluster_265.sig.gz
        
        (one of the commands exited with non-zero exit code; note that snakemake uses bash strict mode!)

Exiting because a job execution failed. Look above for error message
Complete log: .snakemake/log/2024-07-03T151945.244836.snakemake.log
