Building DAG of jobs...
Using shell: /usr/bin/bash
Provided cores: 37
Rules claiming more threads will be scaled down.
Provided resources: mem_mb=20000
Job stats:
job           count
----------  -------
all               1
fastgather       13
tax              13
total            27

Select jobs to execute...

[Tue Jul  9 15:22:59 2024]
rule fastgather:
    input: /group/ctbrowngrp/irber/data/wort-data/wort-sra/sigs/DRR149266.sig
    output: ../results/sourmash/fastgather/DRR149266.gtdb.csv
    jobid: 26
    reason: Missing output files: ../results/sourmash/fastgather/DRR149266.gtdb.csv
    wildcards: metag=DRR149266
    threads: 12
    resources: tmpdir=/tmp

Activating conda environment: branchwater

[Tue Jul  9 15:23:01 2024]
rule fastgather:
    input: /group/ctbrowngrp/irber/data/wort-data/wort-sra/sigs/SRR8960731.sig
    output: ../results/sourmash/fastgather/SRR8960731.gtdb.csv
    jobid: 16
    reason: Missing output files: ../results/sourmash/fastgather/SRR8960731.gtdb.csv
    wildcards: metag=SRR8960731
    threads: 12
    resources: tmpdir=/tmp

Activating conda environment: branchwater

[Tue Jul  9 15:23:01 2024]
rule fastgather:
    input: /group/ctbrowngrp/irber/data/wort-data/wort-sra/sigs/DRR149265.sig
    output: ../results/sourmash/fastgather/DRR149265.gtdb.csv
    jobid: 24
    reason: Missing output files: ../results/sourmash/fastgather/DRR149265.gtdb.csv
    wildcards: metag=DRR149265
    threads: 12
    resources: tmpdir=/tmp

Activating conda environment: branchwater
Terminating processes on user request, this might take some time.
Cancelling snakemake on user request.
