Building DAG of jobs...
Using shell: /usr/bin/bash
Provided cores: 37
Rules claiming more threads will be scaled down.
Provided resources: mem_mb=20000
Job stats:
job           count
----------  -------
all               1
fastgather        4
tax               5
total            10

Select jobs to execute...

[Thu Jul 11 12:12:43 2024]
rule fastgather:
    input: /group/ctbrowngrp/irber/data/wort-data/wort-sra/sigs/SRR8960721.sig
    output: ../results/sourmash/fastgather/SRR8960721.gtdb.csv
    jobid: 6
    reason: Forced execution
    wildcards: metag=SRR8960721
    threads: 12
    resources: tmpdir=/tmp

Activating conda environment: branchwater

[Thu Jul 11 12:12:45 2024]
rule fastgather:
    input: /group/ctbrowngrp/irber/data/wort-data/wort-sra/sigs/DRR149267.sig
    output: ../results/sourmash/fastgather/DRR149267.gtdb.csv
    jobid: 28
    reason: Forced execution
    wildcards: metag=DRR149267
    threads: 12
    resources: tmpdir=/tmp


[Thu Jul 11 12:12:45 2024]
rule tax:
    input: ../results/sourmash/fastgather/DRR149269.gtdb.csv
    output: ../results/sourmash/fastgather/DRR149269.gtdb.lineages.csv
    jobid: 31
    reason: Forced execution
    wildcards: metag=DRR149269
    resources: tmpdir=/tmp

Activating conda environment: branchwater
Activating conda environment: branchwater

[Thu Jul 11 12:12:45 2024]
rule fastgather:
    input: /group/ctbrowngrp/irber/data/wort-data/wort-sra/sigs/DRR174579.sig
    output: ../results/sourmash/fastgather/DRR174579.gtdb.csv
    jobid: 34
    reason: Missing output files: ../results/sourmash/fastgather/DRR174579.gtdb.csv
    wildcards: metag=DRR174579
    threads: 12
    resources: tmpdir=/tmp

Activating conda environment: branchwater
[Thu Jul 11 12:13:08 2024]
Finished job 31.
1 of 10 steps (10%) done
Select jobs to execute...
[Thu Jul 11 12:17:34 2024]
Finished job 34.
2 of 10 steps (20%) done

[Thu Jul 11 12:17:34 2024]
rule fastgather:
    input: /group/ctbrowngrp/irber/data/wort-data/wort-sra/sigs/SRR8960915.sig
    output: ../results/sourmash/fastgather/SRR8960915.gtdb.csv
    jobid: 10
    reason: Forced execution
    wildcards: metag=SRR8960915
    threads: 12
    resources: tmpdir=/tmp

Activating conda environment: branchwater

[Thu Jul 11 12:17:34 2024]
rule tax:
    input: ../results/sourmash/fastgather/DRR174579.gtdb.csv
    output: ../results/sourmash/fastgather/DRR174579.gtdb.lineages.csv
    jobid: 33
    reason: Missing output files: ../results/sourmash/fastgather/DRR174579.gtdb.lineages.csv; Input files updated by another job: ../results/sourmash/fastgather/DRR174579.gtdb.csv
    wildcards: metag=DRR174579
    resources: tmpdir=/tmp

Activating conda environment: branchwater
[Thu Jul 11 12:17:48 2024]
Finished job 33.
3 of 10 steps (30%) done
[Thu Jul 11 12:18:44 2024]
Finished job 28.
4 of 10 steps (40%) done
Select jobs to execute...

[Thu Jul 11 12:18:44 2024]
rule tax:
    input: ../results/sourmash/fastgather/DRR149267.gtdb.csv
    output: ../results/sourmash/fastgather/DRR149267.gtdb.lineages.csv
    jobid: 27
    reason: Missing output files: ../results/sourmash/fastgather/DRR149267.gtdb.lineages.csv; Input files updated by another job: ../results/sourmash/fastgather/DRR149267.gtdb.csv
    wildcards: metag=DRR149267
    resources: tmpdir=/tmp

Activating conda environment: branchwater
[Thu Jul 11 12:18:58 2024]
Finished job 27.
5 of 10 steps (50%) done
[Thu Jul 11 12:30:46 2024]
Finished job 6.
6 of 10 steps (60%) done
Select jobs to execute...

[Thu Jul 11 12:30:46 2024]
rule tax:
    input: ../results/sourmash/fastgather/SRR8960721.gtdb.csv
    output: ../results/sourmash/fastgather/SRR8960721.gtdb.lineages.csv
    jobid: 5
    reason: Missing output files: ../results/sourmash/fastgather/SRR8960721.gtdb.lineages.csv; Input files updated by another job: ../results/sourmash/fastgather/SRR8960721.gtdb.csv
    wildcards: metag=SRR8960721
    resources: tmpdir=/tmp

Activating conda environment: branchwater
[Thu Jul 11 12:30:56 2024]
Finished job 10.
7 of 10 steps (70%) done
Select jobs to execute...

[Thu Jul 11 12:30:56 2024]
rule tax:
    input: ../results/sourmash/fastgather/SRR8960915.gtdb.csv
    output: ../results/sourmash/fastgather/SRR8960915.gtdb.lineages.csv
    jobid: 9
    reason: Missing output files: ../results/sourmash/fastgather/SRR8960915.gtdb.lineages.csv; Input files updated by another job: ../results/sourmash/fastgather/SRR8960915.gtdb.csv
    wildcards: metag=SRR8960915
    resources: tmpdir=/tmp

Activating conda environment: branchwater
[Thu Jul 11 12:31:01 2024]
Finished job 5.
8 of 10 steps (80%) done
[Thu Jul 11 12:31:09 2024]
Finished job 9.
9 of 10 steps (90%) done
Select jobs to execute...

[Thu Jul 11 12:31:09 2024]
localrule all:
    input: ../results/sourmash/fastgather/SRR8960980.gtdb.lineages.csv, ../results/sourmash/fastgather/SRR8960440.gtdb.lineages.csv, ../results/sourmash/fastgather/SRR8960721.gtdb.lineages.csv, ../results/sourmash/fastgather/SRR8960326.gtdb.lineages.csv, ../results/sourmash/fastgather/SRR8960915.gtdb.lineages.csv, ../results/sourmash/fastgather/SRR8960631.gtdb.lineages.csv, ../results/sourmash/fastgather/SRR11125655.gtdb.lineages.csv, ../results/sourmash/fastgather/SRR8960731.gtdb.lineages.csv, ../results/sourmash/fastgather/SRR8960200.gtdb.lineages.csv, ../results/sourmash/fastgather/SRR8960303.gtdb.lineages.csv, ../results/sourmash/fastgather/DRR149264.gtdb.lineages.csv, ../results/sourmash/fastgather/DRR149265.gtdb.lineages.csv, ../results/sourmash/fastgather/DRR149266.gtdb.lineages.csv, ../results/sourmash/fastgather/DRR149267.gtdb.lineages.csv, ../results/sourmash/fastgather/DRR149268.gtdb.lineages.csv, ../results/sourmash/fastgather/DRR149269.gtdb.lineages.csv, ../results/sourmash/fastgather/DRR174579.gtdb.lineages.csv, ../results/sourmash/fastgather/DRR174580.gtdb.lineages.csv, ../results/sourmash/fastgather/DRR174581.gtdb.lineages.csv, ../results/sourmash/fastgather/DRR174582.gtdb.lineages.csv
    jobid: 0
    reason: Input files updated by another job: ../results/sourmash/fastgather/SRR8960915.gtdb.lineages.csv, ../results/sourmash/fastgather/DRR149269.gtdb.lineages.csv, ../results/sourmash/fastgather/SRR8960721.gtdb.lineages.csv, ../results/sourmash/fastgather/DRR149267.gtdb.lineages.csv, ../results/sourmash/fastgather/DRR174579.gtdb.lineages.csv
    resources: tmpdir=/tmp

[Thu Jul 11 12:31:09 2024]
Finished job 0.
10 of 10 steps (100%) done
Complete log: .snakemake/log/2024-07-11T121242.177034.snakemake.log
