Building DAG of jobs...
Using shell: /usr/bin/bash
Provided cores: 4
Rules claiming more threads will be scaled down.
Provided resources: mem_mb=20000
Job stats:
job         count
--------  -------
all             1
classify       50
total          51

Select jobs to execute...

[Mon Jul  8 16:39:06 2024]
rule classify:
    input: ../results/microbial_pangenomic_test/lamylovorus.rankt.csv, /group/ctbrowngrp/irber/data/wort-data/wort-sra/sigs/SRR8960915.sig
    output: ../results/microbial_pangenomic_test/classify_pig/lamylovorusxSRR8960915.txt
    jobid: 34
    reason: Missing output files: ../results/microbial_pangenomic_test/classify_pig/lamylovorusxSRR8960915.txt
    wildcards: ident=lamylovorus, metag=SRR8960915
    resources: tmpdir=/tmp

Activating conda environment: branchwater

[Mon Jul  8 16:39:08 2024]
rule classify:
    input: ../results/microbial_pangenomic_test/lreuteri.rankt.csv, /group/ctbrowngrp/irber/data/wort-data/wort-sra/sigs/SRR8960915.sig
    output: ../results/microbial_pangenomic_test/classify_pig/lreuterixSRR8960915.txt
    jobid: 21
    reason: Missing output files: ../results/microbial_pangenomic_test/classify_pig/lreuterixSRR8960915.txt
    wildcards: ident=lreuteri, metag=SRR8960915
    resources: tmpdir=/tmp

Activating conda environment: branchwater

[Mon Jul  8 16:39:08 2024]
rule classify:
    input: ../results/microbial_pangenomic_test/bariatricus.rankt.csv, /group/ctbrowngrp/irber/data/wort-data/wort-sra/sigs/SRR8960200.sig
    output: ../results/microbial_pangenomic_test/classify_pig/bariatricusxSRR8960200.txt
    jobid: 12
    reason: Missing output files: ../results/microbial_pangenomic_test/classify_pig/bariatricusxSRR8960200.txt
    wildcards: ident=bariatricus, metag=SRR8960200
    resources: tmpdir=/tmp

Activating conda environment: branchwater

[Mon Jul  8 16:39:08 2024]
rule classify:
    input: ../results/microbial_pangenomic_test/RUG472.rankt.csv, /group/ctbrowngrp/irber/data/wort-data/wort-sra/sigs/SRR8960440.sig
    output: ../results/microbial_pangenomic_test/classify_pig/RUG472xSRR8960440.txt
    jobid: 57
    reason: Missing output files: ../results/microbial_pangenomic_test/classify_pig/RUG472xSRR8960440.txt
    wildcards: ident=RUG472, metag=SRR8960440
    resources: tmpdir=/tmp

Activating conda environment: branchwater
[Mon Jul  8 16:39:31 2024]
Finished job 34.
1 of 51 steps (2%) done
Select jobs to execute...

[Mon Jul  8 16:39:31 2024]
rule classify:
    input: ../results/microbial_pangenomic_test/lreuteri.rankt.csv, /group/ctbrowngrp/irber/data/wort-data/wort-sra/sigs/SRR8960721.sig
    output: ../results/microbial_pangenomic_test/classify_pig/lreuterixSRR8960721.txt
    jobid: 19
    reason: Missing output files: ../results/microbial_pangenomic_test/classify_pig/lreuterixSRR8960721.txt
    wildcards: ident=lreuteri, metag=SRR8960721
    resources: tmpdir=/tmp

Activating conda environment: branchwater
[Mon Jul  8 16:39:31 2024]
Finished job 57.
2 of 51 steps (4%) done
[Mon Jul  8 16:39:31 2024]
Finished job 21.
3 of 51 steps (6%) done
[Mon Jul  8 16:39:31 2024]
Finished job 12.
4 of 51 steps (8%) done
Select jobs to execute...

[Mon Jul  8 16:39:31 2024]
rule classify:
    input: ../results/microbial_pangenomic_test/bariatricus.rankt.csv, /group/ctbrowngrp/irber/data/wort-data/wort-sra/sigs/SRR8960980.sig
    output: ../results/microbial_pangenomic_test/classify_pig/bariatricusxSRR8960980.txt
    jobid: 1
    reason: Missing output files: ../results/microbial_pangenomic_test/classify_pig/bariatricusxSRR8960980.txt
    wildcards: ident=bariatricus, metag=SRR8960980
    resources: tmpdir=/tmp

Activating conda environment: branchwater

[Mon Jul  8 16:39:31 2024]
rule classify:
    input: ../results/microbial_pangenomic_test/lreuteri.rankt.csv, /group/ctbrowngrp/irber/data/wort-data/wort-sra/sigs/SRR8960631.sig
    output: ../results/microbial_pangenomic_test/classify_pig/lreuterixSRR8960631.txt
    jobid: 22
    reason: Missing output files: ../results/microbial_pangenomic_test/classify_pig/lreuterixSRR8960631.txt
    wildcards: ident=lreuteri, metag=SRR8960631
    resources: tmpdir=/tmp

Activating conda environment: branchwater

[Mon Jul  8 16:39:31 2024]
rule classify:
    input: ../results/microbial_pangenomic_test/ecoli.rankt.csv, /group/ctbrowngrp/irber/data/wort-data/wort-sra/sigs/SRR11125655.sig
    output: ../results/microbial_pangenomic_test/classify_pig/ecolixSRR11125655.txt
    jobid: 49
    reason: Missing output files: ../results/microbial_pangenomic_test/classify_pig/ecolixSRR11125655.txt
    wildcards: ident=ecoli, metag=SRR11125655
    resources: tmpdir=/tmp

Select jobs to execute...
Activating conda environment: branchwater
[Mon Jul  8 16:39:43 2024]
Finished job 1.
5 of 51 steps (10%) done

[Mon Jul  8 16:39:43 2024]
rule classify:
    input: ../results/microbial_pangenomic_test/RUG472.rankt.csv, /group/ctbrowngrp/irber/data/wort-data/wort-sra/sigs/SRR8960200.sig
    output: ../results/microbial_pangenomic_test/classify_pig/RUG472xSRR8960200.txt
    jobid: 64
    reason: Missing output files: ../results/microbial_pangenomic_test/classify_pig/RUG472xSRR8960200.txt
    wildcards: ident=RUG472, metag=SRR8960200
    resources: tmpdir=/tmp

Activating conda environment: branchwater
[Mon Jul  8 16:39:46 2024]
Finished job 49.
6 of 51 steps (12%) done
Select jobs to execute...

[Mon Jul  8 16:39:46 2024]
rule classify:
    input: ../results/microbial_pangenomic_test/lamylovorus.rankt.csv, /group/ctbrowngrp/irber/data/wort-data/wort-sra/sigs/SRR8960980.sig
    output: ../results/microbial_pangenomic_test/classify_pig/lamylovorusxSRR8960980.txt
    jobid: 27
    reason: Missing output files: ../results/microbial_pangenomic_test/classify_pig/lamylovorusxSRR8960980.txt
    wildcards: ident=lamylovorus, metag=SRR8960980
    resources: tmpdir=/tmp

Activating conda environment: branchwater
[Mon Jul  8 16:39:48 2024]
Finished job 22.
7 of 51 steps (14%) done
Select jobs to execute...

[Mon Jul  8 16:39:48 2024]
rule classify:
    input: ../results/microbial_pangenomic_test/lreuteri.rankt.csv, /group/ctbrowngrp/irber/data/wort-data/wort-sra/sigs/SRR8960303.sig
    output: ../results/microbial_pangenomic_test/classify_pig/lreuterixSRR8960303.txt
    jobid: 26
    reason: Missing output files: ../results/microbial_pangenomic_test/classify_pig/lreuterixSRR8960303.txt
    wildcards: ident=lreuteri, metag=SRR8960303
    resources: tmpdir=/tmp

Activating conda environment: branchwater
[Mon Jul  8 16:39:49 2024]
Finished job 19.
8 of 51 steps (16%) done
Select jobs to execute...

[Mon Jul  8 16:39:50 2024]
rule classify:
    input: ../results/microbial_pangenomic_test/lreuteri.rankt.csv, /group/ctbrowngrp/irber/data/wort-data/wort-sra/sigs/SRR8960326.sig
    output: ../results/microbial_pangenomic_test/classify_pig/lreuterixSRR8960326.txt
    jobid: 20
    reason: Missing output files: ../results/microbial_pangenomic_test/classify_pig/lreuterixSRR8960326.txt
    wildcards: ident=lreuteri, metag=SRR8960326
    resources: tmpdir=/tmp

Activating conda environment: branchwater
[Mon Jul  8 16:39:56 2024]
Finished job 64.
9 of 51 steps (18%) done
Select jobs to execute...

[Mon Jul  8 16:39:56 2024]
rule classify:
    input: ../results/microbial_pangenomic_test/bariatricus.rankt.csv, /group/ctbrowngrp/irber/data/wort-data/wort-sra/sigs/SRR8960731.sig
    output: ../results/microbial_pangenomic_test/classify_pig/bariatricusxSRR8960731.txt
    jobid: 11
    reason: Missing output files: ../results/microbial_pangenomic_test/classify_pig/bariatricusxSRR8960731.txt
    wildcards: ident=bariatricus, metag=SRR8960731
    resources: tmpdir=/tmp

Activating conda environment: branchwater
[Mon Jul  8 16:39:58 2024]
Finished job 27.
10 of 51 steps (20%) done
Select jobs to execute...

[Mon Jul  8 16:39:58 2024]
rule classify:
    input: ../results/microbial_pangenomic_test/bariatricus.rankt.csv, /group/ctbrowngrp/irber/data/wort-data/wort-sra/sigs/SRR8960440.sig
    output: ../results/microbial_pangenomic_test/classify_pig/bariatricusxSRR8960440.txt
    jobid: 5
    reason: Missing output files: ../results/microbial_pangenomic_test/classify_pig/bariatricusxSRR8960440.txt
    wildcards: ident=bariatricus, metag=SRR8960440
    resources: tmpdir=/tmp

Activating conda environment: branchwater
[Mon Jul  8 16:40:04 2024]
Finished job 26.
11 of 51 steps (22%) done
Select jobs to execute...

[Mon Jul  8 16:40:04 2024]
rule classify:
    input: ../results/microbial_pangenomic_test/lamylovorus.rankt.csv, /group/ctbrowngrp/irber/data/wort-data/wort-sra/sigs/SRR8960326.sig
    output: ../results/microbial_pangenomic_test/classify_pig/lamylovorusxSRR8960326.txt
    jobid: 33
    reason: Missing output files: ../results/microbial_pangenomic_test/classify_pig/lamylovorusxSRR8960326.txt
    wildcards: ident=lamylovorus, metag=SRR8960326
    resources: tmpdir=/tmp

Activating conda environment: branchwater
[Mon Jul  8 16:40:07 2024]
Finished job 20.
12 of 51 steps (24%) done
Select jobs to execute...

[Mon Jul  8 16:40:07 2024]
rule classify:
    input: ../results/microbial_pangenomic_test/RUG472.rankt.csv, /group/ctbrowngrp/irber/data/wort-data/wort-sra/sigs/SRR8960303.sig
    output: ../results/microbial_pangenomic_test/classify_pig/RUG472xSRR8960303.txt
    jobid: 65
    reason: Missing output files: ../results/microbial_pangenomic_test/classify_pig/RUG472xSRR8960303.txt
    wildcards: ident=RUG472, metag=SRR8960303
    resources: tmpdir=/tmp

Activating conda environment: branchwater
[Mon Jul  8 16:40:11 2024]
Finished job 11.
13 of 51 steps (25%) done
Select jobs to execute...

[Mon Jul  8 16:40:11 2024]
rule classify:
    input: ../results/microbial_pangenomic_test/ecoli.rankt.csv, /group/ctbrowngrp/irber/data/wort-data/wort-sra/sigs/SRR8960631.sig
    output: ../results/microbial_pangenomic_test/classify_pig/ecolixSRR8960631.txt
    jobid: 48
    reason: Missing output files: ../results/microbial_pangenomic_test/classify_pig/ecolixSRR8960631.txt
    wildcards: ident=ecoli, metag=SRR8960631
    resources: tmpdir=/tmp

Activating conda environment: branchwater
[Mon Jul  8 16:40:13 2024]
Finished job 5.
14 of 51 steps (27%) done
Select jobs to execute...

[Mon Jul  8 16:40:13 2024]
rule classify:
    input: ../results/microbial_pangenomic_test/ecoli.rankt.csv, /group/ctbrowngrp/irber/data/wort-data/wort-sra/sigs/SRR8960731.sig
    output: ../results/microbial_pangenomic_test/classify_pig/ecolixSRR8960731.txt
    jobid: 50
    reason: Missing output files: ../results/microbial_pangenomic_test/classify_pig/ecolixSRR8960731.txt
    wildcards: ident=ecoli, metag=SRR8960731
    resources: tmpdir=/tmp

Activating conda environment: branchwater
[Mon Jul  8 16:40:24 2024]
Finished job 33.
15 of 51 steps (29%) done
Select jobs to execute...

[Mon Jul  8 16:40:24 2024]
rule classify:
    input: ../results/microbial_pangenomic_test/ecoli.rankt.csv, /group/ctbrowngrp/irber/data/wort-data/wort-sra/sigs/SRR8960303.sig
    output: ../results/microbial_pangenomic_test/classify_pig/ecolixSRR8960303.txt
    jobid: 52
    reason: Missing output files: ../results/microbial_pangenomic_test/classify_pig/ecolixSRR8960303.txt
    wildcards: ident=ecoli, metag=SRR8960303
    resources: tmpdir=/tmp

Activating conda environment: branchwater
[Mon Jul  8 16:40:26 2024]
Finished job 65.
16 of 51 steps (31%) done
Select jobs to execute...

[Mon Jul  8 16:40:26 2024]
rule classify:
    input: ../results/microbial_pangenomic_test/lamylovorus.rankt.csv, /group/ctbrowngrp/irber/data/wort-data/wort-sra/sigs/SRR8960731.sig
    output: ../results/microbial_pangenomic_test/classify_pig/lamylovorusxSRR8960731.txt
    jobid: 37
    reason: Missing output files: ../results/microbial_pangenomic_test/classify_pig/lamylovorusxSRR8960731.txt
    wildcards: ident=lamylovorus, metag=SRR8960731
    resources: tmpdir=/tmp

Activating conda environment: branchwater
[Mon Jul  8 16:40:27 2024]
Finished job 48.
17 of 51 steps (33%) done
Select jobs to execute...

[Mon Jul  8 16:40:27 2024]
rule classify:
    input: ../results/microbial_pangenomic_test/RUG472.rankt.csv, /group/ctbrowngrp/irber/data/wort-data/wort-sra/sigs/SRR8960915.sig
    output: ../results/microbial_pangenomic_test/classify_pig/RUG472xSRR8960915.txt
    jobid: 60
    reason: Missing output files: ../results/microbial_pangenomic_test/classify_pig/RUG472xSRR8960915.txt
    wildcards: ident=RUG472, metag=SRR8960915
    resources: tmpdir=/tmp

Activating conda environment: branchwater
[Mon Jul  8 16:40:33 2024]
Finished job 50.
18 of 51 steps (35%) done
Select jobs to execute...

[Mon Jul  8 16:40:33 2024]
rule classify:
    input: ../results/microbial_pangenomic_test/ecoli.rankt.csv, /group/ctbrowngrp/irber/data/wort-data/wort-sra/sigs/SRR8960721.sig
    output: ../results/microbial_pangenomic_test/classify_pig/ecolixSRR8960721.txt
    jobid: 45
    reason: Missing output files: ../results/microbial_pangenomic_test/classify_pig/ecolixSRR8960721.txt
    wildcards: ident=ecoli, metag=SRR8960721
    resources: tmpdir=/tmp

Activating conda environment: branchwater
[Mon Jul  8 16:40:39 2024]
Finished job 52.
19 of 51 steps (37%) done
Select jobs to execute...

[Mon Jul  8 16:40:40 2024]
rule classify:
    input: ../results/microbial_pangenomic_test/bariatricus.rankt.csv, /group/ctbrowngrp/irber/data/wort-data/wort-sra/sigs/SRR8960915.sig
    output: ../results/microbial_pangenomic_test/classify_pig/bariatricusxSRR8960915.txt
    jobid: 8
    reason: Missing output files: ../results/microbial_pangenomic_test/classify_pig/bariatricusxSRR8960915.txt
    wildcards: ident=bariatricus, metag=SRR8960915
    resources: tmpdir=/tmp

Activating conda environment: branchwater
[Mon Jul  8 16:40:43 2024]
Finished job 60.
20 of 51 steps (39%) done
Select jobs to execute...

[Mon Jul  8 16:40:43 2024]
rule classify:
    input: ../results/microbial_pangenomic_test/RUG472.rankt.csv, /group/ctbrowngrp/irber/data/wort-data/wort-sra/sigs/SRR8960980.sig
    output: ../results/microbial_pangenomic_test/classify_pig/RUG472xSRR8960980.txt
    jobid: 53
    reason: Missing output files: ../results/microbial_pangenomic_test/classify_pig/RUG472xSRR8960980.txt
    wildcards: ident=RUG472, metag=SRR8960980
    resources: tmpdir=/tmp

Activating conda environment: branchwater
[Mon Jul  8 16:40:43 2024]
Finished job 37.
21 of 51 steps (41%) done
Select jobs to execute...

[Mon Jul  8 16:40:43 2024]
rule classify:
    input: ../results/microbial_pangenomic_test/lamylovorus.rankt.csv, /group/ctbrowngrp/irber/data/wort-data/wort-sra/sigs/SRR8960200.sig
    output: ../results/microbial_pangenomic_test/classify_pig/lamylovorusxSRR8960200.txt
    jobid: 38
    reason: Missing output files: ../results/microbial_pangenomic_test/classify_pig/lamylovorusxSRR8960200.txt
    wildcards: ident=lamylovorus, metag=SRR8960200
    resources: tmpdir=/tmp

Activating conda environment: branchwater
[Mon Jul  8 16:40:50 2024]
Finished job 45.
22 of 51 steps (43%) done
Select jobs to execute...

[Mon Jul  8 16:40:50 2024]
rule classify:
    input: ../results/microbial_pangenomic_test/lreuteri.rankt.csv, /group/ctbrowngrp/irber/data/wort-data/wort-sra/sigs/SRR11125655.sig
    output: ../results/microbial_pangenomic_test/classify_pig/lreuterixSRR11125655.txt
    jobid: 23
    reason: Missing output files: ../results/microbial_pangenomic_test/classify_pig/lreuterixSRR11125655.txt
    wildcards: ident=lreuteri, metag=SRR11125655
    resources: tmpdir=/tmp

Activating conda environment: branchwater
[Mon Jul  8 16:40:54 2024]
Finished job 53.
23 of 51 steps (45%) done
Select jobs to execute...

[Mon Jul  8 16:40:54 2024]
rule classify:
    input: ../results/microbial_pangenomic_test/RUG472.rankt.csv, /group/ctbrowngrp/irber/data/wort-data/wort-sra/sigs/SRR8960631.sig
    output: ../results/microbial_pangenomic_test/classify_pig/RUG472xSRR8960631.txt
    jobid: 61
    reason: Missing output files: ../results/microbial_pangenomic_test/classify_pig/RUG472xSRR8960631.txt
    wildcards: ident=RUG472, metag=SRR8960631
    resources: tmpdir=/tmp

Activating conda environment: branchwater
[Mon Jul  8 16:40:57 2024]
Finished job 8.
24 of 51 steps (47%) done
Select jobs to execute...

[Mon Jul  8 16:40:57 2024]
rule classify:
    input: ../results/microbial_pangenomic_test/ecoli.rankt.csv, /group/ctbrowngrp/irber/data/wort-data/wort-sra/sigs/SRR8960326.sig
    output: ../results/microbial_pangenomic_test/classify_pig/ecolixSRR8960326.txt
    jobid: 46
    reason: Missing output files: ../results/microbial_pangenomic_test/classify_pig/ecolixSRR8960326.txt
    wildcards: ident=ecoli, metag=SRR8960326
    resources: tmpdir=/tmp

Activating conda environment: branchwater
[Mon Jul  8 16:40:59 2024]
Finished job 38.
25 of 51 steps (49%) done
Select jobs to execute...

[Mon Jul  8 16:40:59 2024]
rule classify:
    input: ../results/microbial_pangenomic_test/lamylovorus.rankt.csv, /group/ctbrowngrp/irber/data/wort-data/wort-sra/sigs/SRR8960440.sig
    output: ../results/microbial_pangenomic_test/classify_pig/lamylovorusxSRR8960440.txt
    jobid: 31
    reason: Missing output files: ../results/microbial_pangenomic_test/classify_pig/lamylovorusxSRR8960440.txt
    wildcards: ident=lamylovorus, metag=SRR8960440
    resources: tmpdir=/tmp

Activating conda environment: branchwater
[Mon Jul  8 16:41:01 2024]
Finished job 23.
26 of 51 steps (51%) done
Select jobs to execute...

[Mon Jul  8 16:41:01 2024]
rule classify:
    input: ../results/microbial_pangenomic_test/bariatricus.rankt.csv, /group/ctbrowngrp/irber/data/wort-data/wort-sra/sigs/SRR8960631.sig
    output: ../results/microbial_pangenomic_test/classify_pig/bariatricusxSRR8960631.txt
    jobid: 9
    reason: Missing output files: ../results/microbial_pangenomic_test/classify_pig/bariatricusxSRR8960631.txt
    wildcards: ident=bariatricus, metag=SRR8960631
    resources: tmpdir=/tmp

Activating conda environment: branchwater
[Mon Jul  8 16:41:06 2024]
Finished job 61.
27 of 51 steps (53%) done
Select jobs to execute...

[Mon Jul  8 16:41:06 2024]
rule classify:
    input: ../results/microbial_pangenomic_test/lamylovorus.rankt.csv, /group/ctbrowngrp/irber/data/wort-data/wort-sra/sigs/SRR8960303.sig
    output: ../results/microbial_pangenomic_test/classify_pig/lamylovorusxSRR8960303.txt
    jobid: 39
    reason: Missing output files: ../results/microbial_pangenomic_test/classify_pig/lamylovorusxSRR8960303.txt
    wildcards: ident=lamylovorus, metag=SRR8960303
    resources: tmpdir=/tmp

Activating conda environment: branchwater
[Mon Jul  8 16:41:16 2024]
Finished job 31.
28 of 51 steps (55%) done
Select jobs to execute...

[Mon Jul  8 16:41:16 2024]
rule classify:
    input: ../results/microbial_pangenomic_test/lreuteri.rankt.csv, /group/ctbrowngrp/irber/data/wort-data/wort-sra/sigs/SRR8960731.sig
    output: ../results/microbial_pangenomic_test/classify_pig/lreuterixSRR8960731.txt
    jobid: 24
    reason: Missing output files: ../results/microbial_pangenomic_test/classify_pig/lreuterixSRR8960731.txt
    wildcards: ident=lreuteri, metag=SRR8960731
    resources: tmpdir=/tmp

Activating conda environment: branchwater
[Mon Jul  8 16:41:17 2024]
Finished job 9.
29 of 51 steps (57%) done
Select jobs to execute...

[Mon Jul  8 16:41:17 2024]
rule classify:
    input: ../results/microbial_pangenomic_test/lamylovorus.rankt.csv, /group/ctbrowngrp/irber/data/wort-data/wort-sra/sigs/SRR8960631.sig
    output: ../results/microbial_pangenomic_test/classify_pig/lamylovorusxSRR8960631.txt
    jobid: 35
    reason: Missing output files: ../results/microbial_pangenomic_test/classify_pig/lamylovorusxSRR8960631.txt
    wildcards: ident=lamylovorus, metag=SRR8960631
    resources: tmpdir=/tmp

Activating conda environment: branchwater
[Mon Jul  8 16:41:17 2024]
Finished job 46.
30 of 51 steps (59%) done
Select jobs to execute...

[Mon Jul  8 16:41:17 2024]
rule classify:
    input: ../results/microbial_pangenomic_test/bariatricus.rankt.csv, /group/ctbrowngrp/irber/data/wort-data/wort-sra/sigs/SRR8960303.sig
    output: ../results/microbial_pangenomic_test/classify_pig/bariatricusxSRR8960303.txt
    jobid: 13
    reason: Missing output files: ../results/microbial_pangenomic_test/classify_pig/bariatricusxSRR8960303.txt
    wildcards: ident=bariatricus, metag=SRR8960303
    resources: tmpdir=/tmp

Activating conda environment: branchwater
[Mon Jul  8 16:41:20 2024]
Finished job 39.
31 of 51 steps (61%) done
Select jobs to execute...

[Mon Jul  8 16:41:20 2024]
rule classify:
    input: ../results/microbial_pangenomic_test/RUG472.rankt.csv, /group/ctbrowngrp/irber/data/wort-data/wort-sra/sigs/SRR8960721.sig
    output: ../results/microbial_pangenomic_test/classify_pig/RUG472xSRR8960721.txt
    jobid: 58
    reason: Missing output files: ../results/microbial_pangenomic_test/classify_pig/RUG472xSRR8960721.txt
    wildcards: ident=RUG472, metag=SRR8960721
    resources: tmpdir=/tmp

Activating conda environment: branchwater
[Mon Jul  8 16:41:31 2024]
Finished job 24.
32 of 51 steps (63%) done
Select jobs to execute...

[Mon Jul  8 16:41:31 2024]
rule classify:
    input: ../results/microbial_pangenomic_test/lreuteri.rankt.csv, /group/ctbrowngrp/irber/data/wort-data/wort-sra/sigs/SRR8960200.sig
    output: ../results/microbial_pangenomic_test/classify_pig/lreuterixSRR8960200.txt
    jobid: 25
    reason: Missing output files: ../results/microbial_pangenomic_test/classify_pig/lreuterixSRR8960200.txt
    wildcards: ident=lreuteri, metag=SRR8960200
    resources: tmpdir=/tmp

Activating conda environment: branchwater
[Mon Jul  8 16:41:33 2024]
Finished job 13.
33 of 51 steps (65%) done
Select jobs to execute...

[Mon Jul  8 16:41:33 2024]
rule classify:
    input: ../results/microbial_pangenomic_test/lreuteri.rankt.csv, /group/ctbrowngrp/irber/data/wort-data/wort-sra/sigs/SRR8960980.sig
    output: ../results/microbial_pangenomic_test/classify_pig/lreuterixSRR8960980.txt
    jobid: 14
    reason: Missing output files: ../results/microbial_pangenomic_test/classify_pig/lreuterixSRR8960980.txt
    wildcards: ident=lreuteri, metag=SRR8960980
    resources: tmpdir=/tmp

Activating conda environment: branchwater
[Mon Jul  8 16:41:34 2024]
Finished job 35.
34 of 51 steps (67%) done
Select jobs to execute...

[Mon Jul  8 16:41:34 2024]
rule classify:
    input: ../results/microbial_pangenomic_test/RUG472.rankt.csv, /group/ctbrowngrp/irber/data/wort-data/wort-sra/sigs/SRR8960326.sig
    output: ../results/microbial_pangenomic_test/classify_pig/RUG472xSRR8960326.txt
    jobid: 59
    reason: Missing output files: ../results/microbial_pangenomic_test/classify_pig/RUG472xSRR8960326.txt
    wildcards: ident=RUG472, metag=SRR8960326
    resources: tmpdir=/tmp

Activating conda environment: branchwater
[Mon Jul  8 16:41:35 2024]
Finished job 58.
35 of 51 steps (69%) done
Select jobs to execute...

[Mon Jul  8 16:41:35 2024]
rule classify:
    input: ../results/microbial_pangenomic_test/ecoli.rankt.csv, /group/ctbrowngrp/irber/data/wort-data/wort-sra/sigs/SRR8960440.sig
    output: ../results/microbial_pangenomic_test/classify_pig/ecolixSRR8960440.txt
    jobid: 44
    reason: Missing output files: ../results/microbial_pangenomic_test/classify_pig/ecolixSRR8960440.txt
    wildcards: ident=ecoli, metag=SRR8960440
    resources: tmpdir=/tmp

Activating conda environment: branchwater
[Mon Jul  8 16:41:45 2024]
Finished job 14.
36 of 51 steps (71%) done
Select jobs to execute...

[Mon Jul  8 16:41:45 2024]
rule classify:
    input: ../results/microbial_pangenomic_test/lreuteri.rankt.csv, /group/ctbrowngrp/irber/data/wort-data/wort-sra/sigs/SRR8960440.sig
    output: ../results/microbial_pangenomic_test/classify_pig/lreuterixSRR8960440.txt
    jobid: 18
    reason: Missing output files: ../results/microbial_pangenomic_test/classify_pig/lreuterixSRR8960440.txt
    wildcards: ident=lreuteri, metag=SRR8960440
    resources: tmpdir=/tmp

Activating conda environment: branchwater
[Mon Jul  8 16:41:48 2024]
Finished job 25.
37 of 51 steps (73%) done
Select jobs to execute...

[Mon Jul  8 16:41:48 2024]
rule classify:
    input: ../results/microbial_pangenomic_test/RUG472.rankt.csv, /group/ctbrowngrp/irber/data/wort-data/wort-sra/sigs/SRR8960731.sig
    output: ../results/microbial_pangenomic_test/classify_pig/RUG472xSRR8960731.txt
    jobid: 63
    reason: Missing output files: ../results/microbial_pangenomic_test/classify_pig/RUG472xSRR8960731.txt
    wildcards: ident=RUG472, metag=SRR8960731
    resources: tmpdir=/tmp

Activating conda environment: branchwater
[Mon Jul  8 16:41:51 2024]
Finished job 44.
38 of 51 steps (75%) done
Select jobs to execute...

[Mon Jul  8 16:41:51 2024]
rule classify:
    input: ../results/microbial_pangenomic_test/ecoli.rankt.csv, /group/ctbrowngrp/irber/data/wort-data/wort-sra/sigs/SRR8960980.sig
    output: ../results/microbial_pangenomic_test/classify_pig/ecolixSRR8960980.txt
    jobid: 40
    reason: Missing output files: ../results/microbial_pangenomic_test/classify_pig/ecolixSRR8960980.txt
    wildcards: ident=ecoli, metag=SRR8960980
    resources: tmpdir=/tmp

Activating conda environment: branchwater
[Mon Jul  8 16:41:51 2024]
Finished job 59.
39 of 51 steps (76%) done
Select jobs to execute...

[Mon Jul  8 16:41:51 2024]
rule classify:
    input: ../results/microbial_pangenomic_test/bariatricus.rankt.csv, /group/ctbrowngrp/irber/data/wort-data/wort-sra/sigs/SRR11125655.sig
    output: ../results/microbial_pangenomic_test/classify_pig/bariatricusxSRR11125655.txt
    jobid: 10
    reason: Missing output files: ../results/microbial_pangenomic_test/classify_pig/bariatricusxSRR11125655.txt
    wildcards: ident=bariatricus, metag=SRR11125655
    resources: tmpdir=/tmp

Activating conda environment: branchwater
[Mon Jul  8 16:41:58 2024]
Finished job 18.
40 of 51 steps (78%) done
Select jobs to execute...

[Mon Jul  8 16:41:58 2024]
rule classify:
    input: ../results/microbial_pangenomic_test/lamylovorus.rankt.csv, /group/ctbrowngrp/irber/data/wort-data/wort-sra/sigs/SRR11125655.sig
    output: ../results/microbial_pangenomic_test/classify_pig/lamylovorusxSRR11125655.txt
    jobid: 36
    reason: Missing output files: ../results/microbial_pangenomic_test/classify_pig/lamylovorusxSRR11125655.txt
    wildcards: ident=lamylovorus, metag=SRR11125655
    resources: tmpdir=/tmp

Activating conda environment: branchwater
[Mon Jul  8 16:42:03 2024]
Finished job 10.
41 of 51 steps (80%) done
Select jobs to execute...

[Mon Jul  8 16:42:03 2024]
rule classify:
    input: ../results/microbial_pangenomic_test/ecoli.rankt.csv, /group/ctbrowngrp/irber/data/wort-data/wort-sra/sigs/SRR8960200.sig
    output: ../results/microbial_pangenomic_test/classify_pig/ecolixSRR8960200.txt
    jobid: 51
    reason: Missing output files: ../results/microbial_pangenomic_test/classify_pig/ecolixSRR8960200.txt
    wildcards: ident=ecoli, metag=SRR8960200
    resources: tmpdir=/tmp

Activating conda environment: branchwater
[Mon Jul  8 16:42:04 2024]
Finished job 40.
42 of 51 steps (82%) done
Select jobs to execute...

[Mon Jul  8 16:42:04 2024]
rule classify:
    input: ../results/microbial_pangenomic_test/bariatricus.rankt.csv, /group/ctbrowngrp/irber/data/wort-data/wort-sra/sigs/SRR8960721.sig
    output: ../results/microbial_pangenomic_test/classify_pig/bariatricusxSRR8960721.txt
    jobid: 6
    reason: Missing output files: ../results/microbial_pangenomic_test/classify_pig/bariatricusxSRR8960721.txt
    wildcards: ident=bariatricus, metag=SRR8960721
    resources: tmpdir=/tmp

Activating conda environment: branchwater
[Mon Jul  8 16:42:05 2024]
Finished job 63.
43 of 51 steps (84%) done
Select jobs to execute...

[Mon Jul  8 16:42:05 2024]
rule classify:
    input: ../results/microbial_pangenomic_test/lamylovorus.rankt.csv, /group/ctbrowngrp/irber/data/wort-data/wort-sra/sigs/SRR8960721.sig
    output: ../results/microbial_pangenomic_test/classify_pig/lamylovorusxSRR8960721.txt
    jobid: 32
    reason: Missing output files: ../results/microbial_pangenomic_test/classify_pig/lamylovorusxSRR8960721.txt
    wildcards: ident=lamylovorus, metag=SRR8960721
    resources: tmpdir=/tmp

Activating conda environment: branchwater
[Mon Jul  8 16:42:08 2024]
Finished job 36.
44 of 51 steps (86%) done
Select jobs to execute...

[Mon Jul  8 16:42:08 2024]
rule classify:
    input: ../results/microbial_pangenomic_test/ecoli.rankt.csv, /group/ctbrowngrp/irber/data/wort-data/wort-sra/sigs/SRR8960915.sig
    output: ../results/microbial_pangenomic_test/classify_pig/ecolixSRR8960915.txt
    jobid: 47
    reason: Missing output files: ../results/microbial_pangenomic_test/classify_pig/ecolixSRR8960915.txt
    wildcards: ident=ecoli, metag=SRR8960915
    resources: tmpdir=/tmp

Activating conda environment: branchwater
[Mon Jul  8 16:42:21 2024]
Finished job 6.
45 of 51 steps (88%) done
Select jobs to execute...

[Mon Jul  8 16:42:21 2024]
rule classify:
    input: ../results/microbial_pangenomic_test/bariatricus.rankt.csv, /group/ctbrowngrp/irber/data/wort-data/wort-sra/sigs/SRR8960326.sig
    output: ../results/microbial_pangenomic_test/classify_pig/bariatricusxSRR8960326.txt
    jobid: 7
    reason: Missing output files: ../results/microbial_pangenomic_test/classify_pig/bariatricusxSRR8960326.txt
    wildcards: ident=bariatricus, metag=SRR8960326
    resources: tmpdir=/tmp

Activating conda environment: branchwater
[Mon Jul  8 16:42:22 2024]
Finished job 32.
46 of 51 steps (90%) done
Select jobs to execute...

[Mon Jul  8 16:42:22 2024]
rule classify:
    input: ../results/microbial_pangenomic_test/RUG472.rankt.csv, /group/ctbrowngrp/irber/data/wort-data/wort-sra/sigs/SRR11125655.sig
    output: ../results/microbial_pangenomic_test/classify_pig/RUG472xSRR11125655.txt
    jobid: 62
    reason: Missing output files: ../results/microbial_pangenomic_test/classify_pig/RUG472xSRR11125655.txt
    wildcards: ident=RUG472, metag=SRR11125655
    resources: tmpdir=/tmp

Activating conda environment: branchwater
[Mon Jul  8 16:42:23 2024]
Finished job 51.
47 of 51 steps (92%) done
[Mon Jul  8 16:42:25 2024]
Finished job 47.
48 of 51 steps (94%) done
[Mon Jul  8 16:42:34 2024]
Finished job 62.
49 of 51 steps (96%) done
[Mon Jul  8 16:42:37 2024]
Finished job 7.
50 of 51 steps (98%) done
Select jobs to execute...

[Mon Jul  8 16:42:37 2024]
localrule all:
    input: ../results/microbial_pangenomic_test/classify_pig/bariatricusxSRR8960980.txt, ../results/microbial_pangenomic_test/classify_pig/bariatricusxSRR8960440.txt, ../results/microbial_pangenomic_test/classify_pig/bariatricusxSRR8960721.txt, ../results/microbial_pangenomic_test/classify_pig/bariatricusxSRR8960326.txt, ../results/microbial_pangenomic_test/classify_pig/bariatricusxSRR8960915.txt, ../results/microbial_pangenomic_test/classify_pig/bariatricusxSRR8960631.txt, ../results/microbial_pangenomic_test/classify_pig/bariatricusxSRR11125655.txt, ../results/microbial_pangenomic_test/classify_pig/bariatricusxSRR8960731.txt, ../results/microbial_pangenomic_test/classify_pig/bariatricusxSRR8960200.txt, ../results/microbial_pangenomic_test/classify_pig/bariatricusxSRR8960303.txt, ../results/microbial_pangenomic_test/classify_pig/lreuterixSRR8960980.txt, ../results/microbial_pangenomic_test/classify_pig/lreuterixSRR8960440.txt, ../results/microbial_pangenomic_test/classify_pig/lreuterixSRR8960721.txt, ../results/microbial_pangenomic_test/classify_pig/lreuterixSRR8960326.txt, ../results/microbial_pangenomic_test/classify_pig/lreuterixSRR8960915.txt, ../results/microbial_pangenomic_test/classify_pig/lreuterixSRR8960631.txt, ../results/microbial_pangenomic_test/classify_pig/lreuterixSRR11125655.txt, ../results/microbial_pangenomic_test/classify_pig/lreuterixSRR8960731.txt, ../results/microbial_pangenomic_test/classify_pig/lreuterixSRR8960200.txt, ../results/microbial_pangenomic_test/classify_pig/lreuterixSRR8960303.txt, ../results/microbial_pangenomic_test/classify_pig/lamylovorusxSRR8960980.txt, ../results/microbial_pangenomic_test/classify_pig/lamylovorusxSRR8960440.txt, ../results/microbial_pangenomic_test/classify_pig/lamylovorusxSRR8960721.txt, ../results/microbial_pangenomic_test/classify_pig/lamylovorusxSRR8960326.txt, ../results/microbial_pangenomic_test/classify_pig/lamylovorusxSRR8960915.txt, ../results/microbial_pangenomic_test/classify_pig/lamylovorusxSRR8960631.txt, ../results/microbial_pangenomic_test/classify_pig/lamylovorusxSRR11125655.txt, ../results/microbial_pangenomic_test/classify_pig/lamylovorusxSRR8960731.txt, ../results/microbial_pangenomic_test/classify_pig/lamylovorusxSRR8960200.txt, ../results/microbial_pangenomic_test/classify_pig/lamylovorusxSRR8960303.txt, ../results/microbial_pangenomic_test/classify_pig/ecolixSRR8960980.txt, ../results/microbial_pangenomic_test/classify_pig/ecolixSRR8960440.txt, ../results/microbial_pangenomic_test/classify_pig/ecolixSRR8960721.txt, ../results/microbial_pangenomic_test/classify_pig/ecolixSRR8960326.txt, ../results/microbial_pangenomic_test/classify_pig/ecolixSRR8960915.txt, ../results/microbial_pangenomic_test/classify_pig/ecolixSRR8960631.txt, ../results/microbial_pangenomic_test/classify_pig/ecolixSRR11125655.txt, ../results/microbial_pangenomic_test/classify_pig/ecolixSRR8960731.txt, ../results/microbial_pangenomic_test/classify_pig/ecolixSRR8960200.txt, ../results/microbial_pangenomic_test/classify_pig/ecolixSRR8960303.txt, ../results/microbial_pangenomic_test/classify_pig/RUG472xSRR8960980.txt, ../results/microbial_pangenomic_test/classify_pig/RUG472xSRR8960440.txt, ../results/microbial_pangenomic_test/classify_pig/RUG472xSRR8960721.txt, ../results/microbial_pangenomic_test/classify_pig/RUG472xSRR8960326.txt, ../results/microbial_pangenomic_test/classify_pig/RUG472xSRR8960915.txt, ../results/microbial_pangenomic_test/classify_pig/RUG472xSRR8960631.txt, ../results/microbial_pangenomic_test/classify_pig/RUG472xSRR11125655.txt, ../results/microbial_pangenomic_test/classify_pig/RUG472xSRR8960731.txt, ../results/microbial_pangenomic_test/classify_pig/RUG472xSRR8960200.txt, ../results/microbial_pangenomic_test/classify_pig/RUG472xSRR8960303.txt
    jobid: 0
    reason: Input files updated by another job: ../results/microbial_pangenomic_test/classify_pig/RUG472xSRR8960200.txt, ../results/microbial_pangenomic_test/classify_pig/lreuterixSRR8960980.txt, ../results/microbial_pangenomic_test/classify_pig/bariatricusxSRR8960731.txt, ../results/microbial_pangenomic_test/classify_pig/lamylovorusxSRR8960721.txt, ../results/microbial_pangenomic_test/classify_pig/lreuterixSRR8960326.txt, ../results/microbial_pangenomic_test/classify_pig/lreuterixSRR8960303.txt, ../results/microbial_pangenomic_test/classify_pig/lamylovorusxSRR11125655.txt, ../results/microbial_pangenomic_test/classify_pig/lamylovorusxSRR8960303.txt, ../results/microbial_pangenomic_test/classify_pig/lamylovorusxSRR8960731.txt, ../results/microbial_pangenomic_test/classify_pig/ecolixSRR8960326.txt, ../results/microbial_pangenomic_test/classify_pig/lamylovorusxSRR8960326.txt, ../results/microbial_pangenomic_test/classify_pig/ecolixSRR8960915.txt, ../results/microbial_pangenomic_test/classify_pig/bariatricusxSRR8960915.txt, ../results/microbial_pangenomic_test/classify_pig/bariatricusxSRR8960721.txt, ../results/microbial_pangenomic_test/classify_pig/ecolixSRR8960721.txt, ../results/microbial_pangenomic_test/classify_pig/bariatricusxSRR8960303.txt, ../results/microbial_pangenomic_test/classify_pig/lreuterixSRR8960440.txt, ../results/microbial_pangenomic_test/classify_pig/lreuterixSRR8960200.txt, ../results/microbial_pangenomic_test/classify_pig/lamylovorusxSRR8960980.txt, ../results/microbial_pangenomic_test/classify_pig/bariatricusxSRR8960631.txt, ../results/microbial_pangenomic_test/classify_pig/lamylovorusxSRR8960440.txt, ../results/microbial_pangenomic_test/classify_pig/lreuterixSRR8960721.txt, ../results/microbial_pangenomic_test/classify_pig/lreuterixSRR8960631.txt, ../results/microbial_pangenomic_test/classify_pig/lamylovorusxSRR8960915.txt, ../results/microbial_pangenomic_test/classify_pig/lamylovorusxSRR8960200.txt, ../results/microbial_pangenomic_test/classify_pig/bariatricusxSRR11125655.txt, ../results/microbial_pangenomic_test/classify_pig/RUG472xSRR8960631.txt, ../results/microbial_pangenomic_test/classify_pig/RUG472xSRR8960326.txt, ../results/microbial_pangenomic_test/classify_pig/RUG472xSRR11125655.txt, ../results/microbial_pangenomic_test/classify_pig/RUG472xSRR8960980.txt, ../results/microbial_pangenomic_test/classify_pig/RUG472xSRR8960303.txt, ../results/microbial_pangenomic_test/classify_pig/ecolixSRR8960303.txt, ../results/microbial_pangenomic_test/classify_pig/ecolixSRR8960731.txt, ../results/microbial_pangenomic_test/classify_pig/ecolixSRR8960440.txt, ../results/microbial_pangenomic_test/classify_pig/RUG472xSRR8960915.txt, ../results/microbial_pangenomic_test/classify_pig/lreuterixSRR8960731.txt, ../results/microbial_pangenomic_test/classify_pig/ecolixSRR8960631.txt, ../results/microbial_pangenomic_test/classify_pig/bariatricusxSRR8960440.txt, ../results/microbial_pangenomic_test/classify_pig/bariatricusxSRR8960326.txt, ../results/microbial_pangenomic_test/classify_pig/lreuterixSRR11125655.txt, ../results/microbial_pangenomic_test/classify_pig/RUG472xSRR8960731.txt, ../results/microbial_pangenomic_test/classify_pig/ecolixSRR8960980.txt, ../results/microbial_pangenomic_test/classify_pig/lamylovorusxSRR8960631.txt, ../results/microbial_pangenomic_test/classify_pig/bariatricusxSRR8960980.txt, ../results/microbial_pangenomic_test/classify_pig/ecolixSRR11125655.txt, ../results/microbial_pangenomic_test/classify_pig/RUG472xSRR8960721.txt, ../results/microbial_pangenomic_test/classify_pig/lreuterixSRR8960915.txt, ../results/microbial_pangenomic_test/classify_pig/bariatricusxSRR8960200.txt, ../results/microbial_pangenomic_test/classify_pig/RUG472xSRR8960440.txt, ../results/microbial_pangenomic_test/classify_pig/ecolixSRR8960200.txt
    resources: tmpdir=/tmp

[Mon Jul  8 16:42:37 2024]
Finished job 0.
51 of 51 steps (100%) done
Complete log: .snakemake/log/2024-07-08T163904.650187.snakemake.log
