Building DAG of jobs...
Using shell: /usr/bin/bash
Provided cores: 1 (use --cores to define parallelism)
Rules claiming more threads will be scaled down.
Job stats:
job             count
------------  -------
all                 1
pang_sketch         6
pick_species        6
total              13

Select jobs to execute...
Execute 1 jobs...

[Fri Jul 19 11:54:54 2024]
localrule pick_species:
    output: ../results/pangenome/Dorea_formicigenerans.csv
    jobid: 10
    reason: Software environment definition has changed since last execution
    wildcards: species=Dorea_formicigenerans
    resources: tmpdir=/tmp

Activating conda environment: branchwater
[Fri Jul 19 11:55:14 2024]
Finished job 10.
1 of 13 steps (8%) done
Select jobs to execute...
Execute 1 jobs...

[Fri Jul 19 11:55:14 2024]
localrule pick_species:
    output: ../results/pangenome/Faecalibacterium_prausnitzii_E.csv
    jobid: 8
    reason: Software environment definition has changed since last execution
    wildcards: species=Faecalibacterium_prausnitzii_E
    resources: tmpdir=/tmp

Activating conda environment: branchwater
Terminating processes on user request, this might take some time.
