Building DAG of jobs...
MissingInputException in rule all in file /group/ctbrowngrp2/scratch/annie/2024-pigparadigm/workflow/Snakefile_m, line 16:
Missing input files for rule all:
    affected files:
        ../results/compare_human/dmp/lamylovorusxDRR149269.csv
        ../results/compare_human/dmp/lreuterixDRR149265.csv
        ../results/compare_human/dmp/lamylovorusxDRR174580.csv
        ../results/compare_human/dmp/ecolixDRR174581.csv
        ../results/compare_human/dmp/lamylovorusxDRR149267.csv
        ../results/compare_human/dmp/ecolixDRR149268.csv
        ../results/compare_human/dmp/RUG472xDRR174582.csv
        ../results/compare_human/dmp/lamylovorusxDRR149264.csv
        ../results/compare_human/dmp/bariatricusxDRR149269.csv
        ../results/compare_human/dmp/lamylovorusxDRR149268.csv
        ../results/compare_human/dmp/RUG472xDRR149265.csv
        ../results/compare_human/dmp/bariatricusxDRR149266.csv
        ../results/compare_human/dmp/lreuterixDRR149267.csv
        ../results/compare_human/dmp/lamylovorusxDRR174582.csv
        ../results/compare_human/dmp/bariatricusxDRR174579.csv
        ../results/compare_human/dmp/ecolixDRR174579.csv
        ../results/compare_human/dmp/lreuterixDRR149264.csv
        ../results/compare_human/dmp/ecolixDRR149267.csv
        ../results/compare_human/dmp/RUG472xDRR174581.csv
        ../results/compare_human/dmp/lreuterixDRR174581.csv
        ../results/compare_human/dmp/RUG472xDRR149269.csv
        ../results/compare_human/dmp/ecolixDRR174582.csv
        ../results/compare_human/dmp/lreuterixDRR149269.csv
        ../results/compare_human/dmp/ecolixDRR149264.csv
        ../results/compare_human/dmp/ecolixDRR149269.csv
        ../results/compare_human/dmp/ecolixDRR149266.csv
        ../results/compare_human/dmp/RUG472xDRR149268.csv
        ../results/compare_human/dmp/RUG472xDRR174580.csv
        ../results/compare_human/dmp/RUG472xDRR149266.csv
        ../results/compare_human/dmp/bariatricusxDRR149268.csv
        ../results/compare_human/dmp/bariatricusxDRR174580.csv
        ../results/compare_human/dmp/lamylovorusxDRR174579.csv
        ../results/compare_human/dmp/ecolixDRR174580.csv
        ../results/compare_human/dmp/bariatricusxDRR149264.csv
        ../results/compare_human/dmp/lamylovorusxDRR149266.csv
        ../results/compare_human/dmp/bariatricusxDRR174582.csv
        ../results/compare_human/dmp/bariatricusxDRR174581.csv
        ../results/compare_human/dmp/ecolixDRR149265.csv
        ../results/compare_human/dmp/lreuterixDRR174580.csv
        ../results/compare_human/dmp/bariatricusxDRR149265.csv
        ../results/compare_human/dmp/lreuterixDRR149266.csv
        ../results/compare_human/dmp/lreuterixDRR174579.csv
        ../results/compare_human/dmp/lreuterixDRR174582.csv
        ../results/compare_human/dmp/lamylovorusxDRR149265.csv
        ../results/compare_human/dmp/bariatricusxDRR149267.csv
        ../results/compare_human/dmp/RUG472xDRR149264.csv
        ../results/compare_human/dmp/lreuterixDRR149268.csv
        ../results/compare_human/dmp/lamylovorusxDRR174581.csv
        ../results/compare_human/dmp/RUG472xDRR149267.csv
        ../results/compare_human/dmp/RUG472xDRR174579.csv
