Building DAG of jobs...
Using shell: /usr/bin/bash
Provided cores: 1 (use --cores to define parallelism)
Rules claiming more threads will be scaled down.
Job stats:
job             count
------------  -------
all                 1
pick_species        5
total               6

Select jobs to execute...
Execute 1 jobs...

[Fri Jul 19 11:18:41 2024]
localrule pick_species:
    output: ../results/pangenome/Blautia_A_sp003471165.csv
    jobid: 5
    reason: Missing output files: ../results/pangenome/Blautia_A_sp003471165.csv; Code has changed since last execution
    wildcards: species=Blautia_A_sp003471165
    resources: tmpdir=/tmp

Activating conda environment: branchwater
Terminating processes on user request, this might take some time.
[Fri Jul 19 11:18:45 2024]
Error in rule pick_species:
    jobid: 5
    output: ../results/pangenome/Blautia_A_sp003471165.csv
    conda-env: branchwater
    shell:
        
        sourmash tax grep -i "Blautia_A_sp003471165"         -t /group/ctbrowngrp/sourmash-db/gtdb-rs214/gtdb-rs214.lineages.csv -o ../results/pangenome/Blautia_A_sp003471165.csv 
        
        (one of the commands exited with non-zero exit code; note that snakemake uses bash strict mode!)

Complete log: .snakemake/log/2024-07-19T111838.164213.snakemake.log
WorkflowError:
At least one job did not complete successfully.
