Building DAG of jobs...
Using shell: /usr/bin/bash
Provided cores: 4
Rules claiming more threads will be scaled down.
Provided resources: mem_mb=20000
Job stats:
job              count
-------------  -------
all                  1
classify            50
classify_pang        5
pang_merge           5
pick_contigs         5
ranktable            5
total               71

Select jobs to execute...

[Fri Jul  5 09:51:23 2024]
rule pick_contigs:
    input: ../results/microbial_pangenomic_test/s__ecoli.csv
    output: ../results/microbial_pangenomic_test/ecoli.zip
    jobid: 43
    reason: Missing output files: ../results/microbial_pangenomic_test/ecoli.zip
    wildcards: ident=ecoli
    resources: tmpdir=/tmp

Activating conda environment: branchwater

[Fri Jul  5 09:51:25 2024]
rule pick_contigs:
    input: ../results/microbial_pangenomic_test/s__lreuteri.csv
    output: ../results/microbial_pangenomic_test/lreuteri.zip
    jobid: 17
    reason: Missing output files: ../results/microbial_pangenomic_test/lreuteri.zip
    wildcards: ident=lreuteri
    resources: tmpdir=/tmp

Activating conda environment: branchwater

[Fri Jul  5 09:51:25 2024]
rule pick_contigs:
    input: ../results/microbial_pangenomic_test/s__lamylovorus.csv
    output: ../results/microbial_pangenomic_test/lamylovorus.zip
    jobid: 30
    reason: Missing output files: ../results/microbial_pangenomic_test/lamylovorus.zip
    wildcards: ident=lamylovorus
    resources: tmpdir=/tmp

Activating conda environment: branchwater

[Fri Jul  5 09:51:25 2024]
rule pick_contigs:
    input: ../results/microbial_pangenomic_test/s__RUG472.csv
    output: ../results/microbial_pangenomic_test/RUG472.zip
    jobid: 56
    reason: Missing output files: ../results/microbial_pangenomic_test/RUG472.zip
    wildcards: ident=RUG472
    resources: tmpdir=/tmp

Activating conda environment: branchwater
[Fri Jul  5 09:51:49 2024]
Finished job 56.
1 of 71 steps (1%) done
Select jobs to execute...

[Fri Jul  5 09:51:49 2024]
rule pang_merge:
    input: ../results/microbial_pangenomic_test/RUG472.zip
    output: ../results/microbial_pangenomic_test/RUG472.pang.sig.gz
    jobid: 55
    reason: Missing output files: ../results/microbial_pangenomic_test/RUG472.pang.sig.gz; Input files updated by another job: ../results/microbial_pangenomic_test/RUG472.zip
    wildcards: ident=RUG472
    resources: tmpdir=/tmp

Activating conda environment: branchwater
[Fri Jul  5 09:51:49 2024]
Finished job 30.
2 of 71 steps (3%) done
[Fri Jul  5 09:51:49 2024]
Finished job 17.
3 of 71 steps (4%) done
Select jobs to execute...

[Fri Jul  5 09:51:49 2024]
rule pang_merge:
    input: ../results/microbial_pangenomic_test/lreuteri.zip
    output: ../results/microbial_pangenomic_test/lreuteri.pang.sig.gz
    jobid: 16
    reason: Missing output files: ../results/microbial_pangenomic_test/lreuteri.pang.sig.gz; Input files updated by another job: ../results/microbial_pangenomic_test/lreuteri.zip
    wildcards: ident=lreuteri
    resources: tmpdir=/tmp


Activating conda environment: branchwater
[Fri Jul  5 09:51:49 2024]
rule pang_merge:
    input: ../results/microbial_pangenomic_test/lamylovorus.zip
    output: ../results/microbial_pangenomic_test/lamylovorus.pang.sig.gz
    jobid: 29
    reason: Missing output files: ../results/microbial_pangenomic_test/lamylovorus.pang.sig.gz; Input files updated by another job: ../results/microbial_pangenomic_test/lamylovorus.zip
    wildcards: ident=lamylovorus
    resources: tmpdir=/tmp

Select jobs to execute...
Activating conda environment: branchwater
[Fri Jul  5 09:51:55 2024]
Error in rule pang_merge:
    jobid: 55
    input: ../results/microbial_pangenomic_test/RUG472.zip
    output: ../results/microbial_pangenomic_test/RUG472.pang.sig.gz
    conda-env: branchwater
    shell:
         
        sourmash scripts pangenome_merge         ../results/microbial_pangenomic_test/RUG472.zip -o ../results/microbial_pangenomic_test/RUG472.pang.sig.gz -k 21 -m dna --abund
        
        (one of the commands exited with non-zero exit code; note that snakemake uses bash strict mode!)


[Fri Jul  5 09:51:55 2024]
rule pick_contigs:
    input: ../results/microbial_pangenomic_test/s__bariatricus.csv
    output: ../results/microbial_pangenomic_test/bariatricus.zip
    jobid: 4
    reason: Missing output files: ../results/microbial_pangenomic_test/bariatricus.zip
    wildcards: ident=bariatricus
    resources: tmpdir=/tmp

Activating conda environment: branchwater
[Fri Jul  5 09:51:55 2024]
Error in rule pang_merge:
    jobid: 29
    input: ../results/microbial_pangenomic_test/lamylovorus.zip
    output: ../results/microbial_pangenomic_test/lamylovorus.pang.sig.gz
    conda-env: branchwater
    shell:
         
        sourmash scripts pangenome_merge         ../results/microbial_pangenomic_test/lamylovorus.zip -o ../results/microbial_pangenomic_test/lamylovorus.pang.sig.gz -k 21 -m dna --abund
        
        (one of the commands exited with non-zero exit code; note that snakemake uses bash strict mode!)

[Fri Jul  5 09:51:55 2024]
Error in rule pang_merge:
    jobid: 16
    input: ../results/microbial_pangenomic_test/lreuteri.zip
    output: ../results/microbial_pangenomic_test/lreuteri.pang.sig.gz
    conda-env: branchwater
    shell:
         
        sourmash scripts pangenome_merge         ../results/microbial_pangenomic_test/lreuteri.zip -o ../results/microbial_pangenomic_test/lreuteri.pang.sig.gz -k 21 -m dna --abund
        
        (one of the commands exited with non-zero exit code; note that snakemake uses bash strict mode!)

[Fri Jul  5 09:52:07 2024]
Finished job 4.
4 of 71 steps (6%) done
Select jobs to execute...

[Fri Jul  5 09:52:07 2024]
rule pang_merge:
    input: ../results/microbial_pangenomic_test/bariatricus.zip
    output: ../results/microbial_pangenomic_test/bariatricus.pang.sig.gz
    jobid: 3
    reason: Missing output files: ../results/microbial_pangenomic_test/bariatricus.pang.sig.gz; Input files updated by another job: ../results/microbial_pangenomic_test/bariatricus.zip
    wildcards: ident=bariatricus
    resources: tmpdir=/tmp

Activating conda environment: branchwater
[Fri Jul  5 09:52:11 2024]
Error in rule pang_merge:
    jobid: 3
    input: ../results/microbial_pangenomic_test/bariatricus.zip
    output: ../results/microbial_pangenomic_test/bariatricus.pang.sig.gz
    conda-env: branchwater
    shell:
         
        sourmash scripts pangenome_merge         ../results/microbial_pangenomic_test/bariatricus.zip -o ../results/microbial_pangenomic_test/bariatricus.pang.sig.gz -k 21 -m dna --abund
        
        (one of the commands exited with non-zero exit code; note that snakemake uses bash strict mode!)

Terminating processes on user request, this might take some time.
[Fri Jul  5 09:52:30 2024]
Error in rule pick_contigs:
    jobid: 43
    input: ../results/microbial_pangenomic_test/s__ecoli.csv
    output: ../results/microbial_pangenomic_test/ecoli.zip
    conda-env: branchwater
    shell:
        
        sourmash sig cat --picklist ../results/microbial_pangenomic_test/s__ecoli.csv:ident:ident         /group/ctbrowngrp/sourmash-db/gtdb-rs214/gtdb-rs214-k21.zip -o ../results/microbial_pangenomic_test/ecoli.zip 
        
        (one of the commands exited with non-zero exit code; note that snakemake uses bash strict mode!)

Complete log: .snakemake/log/2024-07-05T095122.134572.snakemake.log
