Building DAG of jobs...
MissingInputException in rule all in file /group/ctbrowngrp2/scratch/annie/2024-pigparadigm/workflow/Snakefile_m, line 16:
Missing input files for rule all:
    affected files:
        ../results/compare_human/csv/ecolixSRR11125655csv
        ../results/compare_human/csv/RUG472xSRR8960303csv
        ../results/compare_human/csv/lreuterixSRR8960303csv
        ../results/compare_human/csv/lamylovorusxSRR8960980csv
        ../results/compare_human/csv/RUG472xSRR8960915csv
        ../results/compare_human/csv/bariatricusxSRR8960200csv
        ../results/compare_human/csv/lamylovorusxSRR8960731csv
        ../results/compare_human/csv/RUG472xSRR8960631csv
        ../results/compare_human/csv/ecolixSRR8960915csv
        ../results/compare_human/csv/RUG472xSRR8960200csv
        ../results/compare_human/csv/lamylovorusxSRR8960303csv
        ../results/compare_human/csv/ecolixSRR8960200csv
        ../results/compare_human/csv/ecolixSRR8960631csv
        ../results/compare_human/csv/bariatricusxSRR8960980csv
        ../results/compare_human/csv/lreuterixSRR8960440csv
        ../results/compare_human/csv/ecolixSRR8960980csv
        ../results/compare_human/csv/RUG472xSRR8960440csv
        ../results/compare_human/csv/bariatricusxSRR8960440csv
        ../results/compare_human/csv/RUG472xSRR8960731csv
        ../results/compare_human/csv/RUG472xSRR11125655csv
        ../results/compare_human/csv/lamylovorusxSRR8960915csv
        ../results/compare_human/csv/RUG472xSRR8960721csv
        ../results/compare_human/csv/ecolixSRR8960303csv
        ../results/compare_human/csv/lreuterixSRR11125655csv
        ../results/compare_human/csv/bariatricusxSRR8960721csv
        ../results/compare_human/csv/lreuterixSRR8960731csv
        ../results/compare_human/csv/lreuterixSRR8960326csv
        ../results/compare_human/csv/lamylovorusxSRR11125655csv
        ../results/compare_human/csv/lreuterixSRR8960980csv
        ../results/compare_human/csv/lamylovorusxSRR8960631csv
        ../results/compare_human/csv/lamylovorusxSRR8960440csv
        ../results/compare_human/csv/bariatricusxSRR11125655csv
        ../results/compare_human/csv/lamylovorusxSRR8960721csv
        ../results/compare_human/csv/bariatricusxSRR8960731csv
        ../results/compare_human/csv/bariatricusxSRR8960915csv
        ../results/compare_human/csv/lamylovorusxSRR8960200csv
        ../results/compare_human/csv/ecolixSRR8960440csv
        ../results/compare_human/csv/ecolixSRR8960721csv
        ../results/compare_human/csv/RUG472xSRR8960326csv
        ../results/compare_human/csv/lreuterixSRR8960721csv
        ../results/compare_human/csv/lreuterixSRR8960915csv
        ../results/compare_human/csv/bariatricusxSRR8960326csv
        ../results/compare_human/csv/lreuterixSRR8960631csv
        ../results/compare_human/csv/bariatricusxSRR8960631csv
        ../results/compare_human/csv/lamylovorusxSRR8960326csv
        ../results/compare_human/csv/RUG472xSRR8960980csv
        ../results/compare_human/csv/bariatricusxSRR8960303csv
        ../results/compare_human/csv/lreuterixSRR8960200csv
        ../results/compare_human/csv/ecolixSRR8960326csv
        ../results/compare_human/csv/ecolixSRR8960731csv
