Building DAG of jobs...
Using shell: /usr/bin/bash
Provided cores: 4
Rules claiming more threads will be scaled down.
Provided resources: mem_mb=20000
Job stats:
job               count
--------------  -------
all                   1
classify_human       50
total                51

Select jobs to execute...

[Mon Jul  8 16:52:59 2024]
rule classify_human:
    input: ../results/microbial_pangenomic_test/lamylovorus.rankt.csv, /group/ctbrowngrp/irber/data/wort-data/wort-sra/sigs/DRR149268.sig
    output: ../results/microbial_pangenomic_test/classify_human/lamylovorusxDRR149268.txt
    jobid: 34
    reason: Missing output files: ../results/microbial_pangenomic_test/classify_human/lamylovorusxDRR149268.txt
    wildcards: ident=lamylovorus, metag=DRR149268
    resources: tmpdir=/tmp

Activating conda environment: branchwater

[Mon Jul  8 16:53:01 2024]
rule classify_human:
    input: ../results/microbial_pangenomic_test/lreuteri.rankt.csv, /group/ctbrowngrp/irber/data/wort-data/wort-sra/sigs/DRR149268.sig
    output: ../results/microbial_pangenomic_test/classify_human/lreuterixDRR149268.txt
    jobid: 21
    reason: Missing output files: ../results/microbial_pangenomic_test/classify_human/lreuterixDRR149268.txt
    wildcards: ident=lreuteri, metag=DRR149268
    resources: tmpdir=/tmp

Activating conda environment: branchwater

[Mon Jul  8 16:53:01 2024]
rule classify_human:
    input: ../results/microbial_pangenomic_test/bariatricus.rankt.csv, /group/ctbrowngrp/irber/data/wort-data/wort-sra/sigs/DRR174581.sig
    output: ../results/microbial_pangenomic_test/classify_human/bariatricusxDRR174581.txt
    jobid: 12
    reason: Missing output files: ../results/microbial_pangenomic_test/classify_human/bariatricusxDRR174581.txt
    wildcards: ident=bariatricus, metag=DRR174581
    resources: tmpdir=/tmp


[Mon Jul  8 16:53:01 2024]
rule classify_human:
    input: ../results/microbial_pangenomic_test/RUG472.rankt.csv, /group/ctbrowngrp/irber/data/wort-data/wort-sra/sigs/DRR149265.sig
    output: ../results/microbial_pangenomic_test/classify_human/RUG472xDRR149265.txt
    jobid: 57
    reason: Missing output files: ../results/microbial_pangenomic_test/classify_human/RUG472xDRR149265.txt
    wildcards: ident=RUG472, metag=DRR149265
    resources: tmpdir=/tmp

Activating conda environment: branchwater
Activating conda environment: branchwater
[Mon Jul  8 16:53:18 2024]
Finished job 12.
1 of 51 steps (2%) done
Select jobs to execute...

[Mon Jul  8 16:53:18 2024]
rule classify_human:
    input: ../results/microbial_pangenomic_test/lreuteri.rankt.csv, /group/ctbrowngrp/irber/data/wort-data/wort-sra/sigs/DRR149266.sig
    output: ../results/microbial_pangenomic_test/classify_human/lreuterixDRR149266.txt
    jobid: 19
    reason: Missing output files: ../results/microbial_pangenomic_test/classify_human/lreuterixDRR149266.txt
    wildcards: ident=lreuteri, metag=DRR149266
    resources: tmpdir=/tmp

Activating conda environment: branchwater
[Mon Jul  8 16:53:18 2024]
Finished job 21.
2 of 51 steps (4%) done
[Mon Jul  8 16:53:18 2024]
Finished job 34.
3 of 51 steps (6%) done
[Mon Jul  8 16:53:18 2024]
Finished job 57.
4 of 51 steps (8%) done
Select jobs to execute...

[Mon Jul  8 16:53:18 2024]
rule classify_human:
    input: ../results/microbial_pangenomic_test/bariatricus.rankt.csv, /group/ctbrowngrp/irber/data/wort-data/wort-sra/sigs/DRR149264.sig
    output: ../results/microbial_pangenomic_test/classify_human/bariatricusxDRR149264.txt
    jobid: 1
    reason: Missing output files: ../results/microbial_pangenomic_test/classify_human/bariatricusxDRR149264.txt
    wildcards: ident=bariatricus, metag=DRR149264
    resources: tmpdir=/tmp

Activating conda environment: branchwater

[Mon Jul  8 16:53:18 2024]
rule classify_human:
    input: ../results/microbial_pangenomic_test/lreuteri.rankt.csv, /group/ctbrowngrp/irber/data/wort-data/wort-sra/sigs/DRR149269.sig
    output: ../results/microbial_pangenomic_test/classify_human/lreuterixDRR149269.txt
    jobid: 22
    reason: Missing output files: ../results/microbial_pangenomic_test/classify_human/lreuterixDRR149269.txt
    wildcards: ident=lreuteri, metag=DRR149269
    resources: tmpdir=/tmp

Activating conda environment: branchwater

[Mon Jul  8 16:53:18 2024]
rule classify_human:
    input: ../results/microbial_pangenomic_test/ecoli.rankt.csv, /group/ctbrowngrp/irber/data/wort-data/wort-sra/sigs/DRR174579.sig
    output: ../results/microbial_pangenomic_test/classify_human/ecolixDRR174579.txt
    jobid: 49
    reason: Missing output files: ../results/microbial_pangenomic_test/classify_human/ecolixDRR174579.txt
    wildcards: ident=ecoli, metag=DRR174579
    resources: tmpdir=/tmp

Select jobs to execute...
Activating conda environment: branchwater
[Mon Jul  8 16:53:28 2024]
Finished job 19.
5 of 51 steps (10%) done

[Mon Jul  8 16:53:28 2024]
rule classify_human:
    input: ../results/microbial_pangenomic_test/RUG472.rankt.csv, /group/ctbrowngrp/irber/data/wort-data/wort-sra/sigs/DRR174581.sig
    output: ../results/microbial_pangenomic_test/classify_human/RUG472xDRR174581.txt
    jobid: 64
    reason: Missing output files: ../results/microbial_pangenomic_test/classify_human/RUG472xDRR174581.txt
    wildcards: ident=RUG472, metag=DRR174581
    resources: tmpdir=/tmp

Activating conda environment: branchwater
[Mon Jul  8 16:53:29 2024]
Finished job 22.
6 of 51 steps (12%) done
Select jobs to execute...

[Mon Jul  8 16:53:29 2024]
rule classify_human:
    input: ../results/microbial_pangenomic_test/lamylovorus.rankt.csv, /group/ctbrowngrp/irber/data/wort-data/wort-sra/sigs/DRR149264.sig
    output: ../results/microbial_pangenomic_test/classify_human/lamylovorusxDRR149264.txt
    jobid: 27
    reason: Missing output files: ../results/microbial_pangenomic_test/classify_human/lamylovorusxDRR149264.txt
    wildcards: ident=lamylovorus, metag=DRR149264
    resources: tmpdir=/tmp

Activating conda environment: branchwater
[Mon Jul  8 16:53:31 2024]
Finished job 1.
7 of 51 steps (14%) done
Select jobs to execute...

[Mon Jul  8 16:53:31 2024]
rule classify_human:
    input: ../results/microbial_pangenomic_test/lreuteri.rankt.csv, /group/ctbrowngrp/irber/data/wort-data/wort-sra/sigs/DRR174582.sig
    output: ../results/microbial_pangenomic_test/classify_human/lreuterixDRR174582.txt
    jobid: 26
    reason: Missing output files: ../results/microbial_pangenomic_test/classify_human/lreuterixDRR174582.txt
    wildcards: ident=lreuteri, metag=DRR174582
    resources: tmpdir=/tmp

Activating conda environment: branchwater
[Mon Jul  8 16:53:32 2024]
Finished job 49.
8 of 51 steps (16%) done
Select jobs to execute...

[Mon Jul  8 16:53:32 2024]
rule classify_human:
    input: ../results/microbial_pangenomic_test/lreuteri.rankt.csv, /group/ctbrowngrp/irber/data/wort-data/wort-sra/sigs/DRR149267.sig
    output: ../results/microbial_pangenomic_test/classify_human/lreuterixDRR149267.txt
    jobid: 20
    reason: Missing output files: ../results/microbial_pangenomic_test/classify_human/lreuterixDRR149267.txt
    wildcards: ident=lreuteri, metag=DRR149267
    resources: tmpdir=/tmp

Activating conda environment: branchwater
[Mon Jul  8 16:53:42 2024]
Finished job 64.
9 of 51 steps (18%) done
Select jobs to execute...

[Mon Jul  8 16:53:42 2024]
rule classify_human:
    input: ../results/microbial_pangenomic_test/bariatricus.rankt.csv, /group/ctbrowngrp/irber/data/wort-data/wort-sra/sigs/DRR174580.sig
    output: ../results/microbial_pangenomic_test/classify_human/bariatricusxDRR174580.txt
    jobid: 11
    reason: Missing output files: ../results/microbial_pangenomic_test/classify_human/bariatricusxDRR174580.txt
    wildcards: ident=bariatricus, metag=DRR174580
    resources: tmpdir=/tmp

Activating conda environment: branchwater
[Mon Jul  8 16:53:44 2024]
Finished job 27.
10 of 51 steps (20%) done
Select jobs to execute...

[Mon Jul  8 16:53:44 2024]
rule classify_human:
    input: ../results/microbial_pangenomic_test/bariatricus.rankt.csv, /group/ctbrowngrp/irber/data/wort-data/wort-sra/sigs/DRR149265.sig
    output: ../results/microbial_pangenomic_test/classify_human/bariatricusxDRR149265.txt
    jobid: 5
    reason: Missing output files: ../results/microbial_pangenomic_test/classify_human/bariatricusxDRR149265.txt
    wildcards: ident=bariatricus, metag=DRR149265
    resources: tmpdir=/tmp

Activating conda environment: branchwater
[Mon Jul  8 16:53:44 2024]
Finished job 26.
11 of 51 steps (22%) done
Select jobs to execute...

[Mon Jul  8 16:53:44 2024]
rule classify_human:
    input: ../results/microbial_pangenomic_test/lamylovorus.rankt.csv, /group/ctbrowngrp/irber/data/wort-data/wort-sra/sigs/DRR149267.sig
    output: ../results/microbial_pangenomic_test/classify_human/lamylovorusxDRR149267.txt
    jobid: 33
    reason: Missing output files: ../results/microbial_pangenomic_test/classify_human/lamylovorusxDRR149267.txt
    wildcards: ident=lamylovorus, metag=DRR149267
    resources: tmpdir=/tmp

Activating conda environment: branchwater
[Mon Jul  8 16:53:46 2024]
Finished job 20.
12 of 51 steps (24%) done
Select jobs to execute...

[Mon Jul  8 16:53:46 2024]
rule classify_human:
    input: ../results/microbial_pangenomic_test/RUG472.rankt.csv, /group/ctbrowngrp/irber/data/wort-data/wort-sra/sigs/DRR174582.sig
    output: ../results/microbial_pangenomic_test/classify_human/RUG472xDRR174582.txt
    jobid: 65
    reason: Missing output files: ../results/microbial_pangenomic_test/classify_human/RUG472xDRR174582.txt
    wildcards: ident=RUG472, metag=DRR174582
    resources: tmpdir=/tmp

Activating conda environment: branchwater
[Mon Jul  8 16:53:54 2024]
Finished job 11.
13 of 51 steps (25%) done
Select jobs to execute...

[Mon Jul  8 16:53:54 2024]
rule classify_human:
    input: ../results/microbial_pangenomic_test/ecoli.rankt.csv, /group/ctbrowngrp/irber/data/wort-data/wort-sra/sigs/DRR149269.sig
    output: ../results/microbial_pangenomic_test/classify_human/ecolixDRR149269.txt
    jobid: 48
    reason: Missing output files: ../results/microbial_pangenomic_test/classify_human/ecolixDRR149269.txt
    wildcards: ident=ecoli, metag=DRR149269
    resources: tmpdir=/tmp

Activating conda environment: branchwater
[Mon Jul  8 16:53:55 2024]
Finished job 5.
14 of 51 steps (27%) done
Select jobs to execute...

[Mon Jul  8 16:53:56 2024]
rule classify_human:
    input: ../results/microbial_pangenomic_test/ecoli.rankt.csv, /group/ctbrowngrp/irber/data/wort-data/wort-sra/sigs/DRR174580.sig
    output: ../results/microbial_pangenomic_test/classify_human/ecolixDRR174580.txt
    jobid: 50
    reason: Missing output files: ../results/microbial_pangenomic_test/classify_human/ecolixDRR174580.txt
    wildcards: ident=ecoli, metag=DRR174580
    resources: tmpdir=/tmp

Activating conda environment: branchwater
[Mon Jul  8 16:53:59 2024]
Finished job 65.
15 of 51 steps (29%) done
Select jobs to execute...

[Mon Jul  8 16:53:59 2024]
rule classify_human:
    input: ../results/microbial_pangenomic_test/ecoli.rankt.csv, /group/ctbrowngrp/irber/data/wort-data/wort-sra/sigs/DRR174582.sig
    output: ../results/microbial_pangenomic_test/classify_human/ecolixDRR174582.txt
    jobid: 52
    reason: Missing output files: ../results/microbial_pangenomic_test/classify_human/ecolixDRR174582.txt
    wildcards: ident=ecoli, metag=DRR174582
    resources: tmpdir=/tmp

Activating conda environment: branchwater
[Mon Jul  8 16:53:59 2024]
Finished job 33.
16 of 51 steps (31%) done
Select jobs to execute...

[Mon Jul  8 16:53:59 2024]
rule classify_human:
    input: ../results/microbial_pangenomic_test/lamylovorus.rankt.csv, /group/ctbrowngrp/irber/data/wort-data/wort-sra/sigs/DRR174580.sig
    output: ../results/microbial_pangenomic_test/classify_human/lamylovorusxDRR174580.txt
    jobid: 37
    reason: Missing output files: ../results/microbial_pangenomic_test/classify_human/lamylovorusxDRR174580.txt
    wildcards: ident=lamylovorus, metag=DRR174580
    resources: tmpdir=/tmp

Activating conda environment: branchwater
[Mon Jul  8 16:54:06 2024]
Finished job 48.
17 of 51 steps (33%) done
Select jobs to execute...

[Mon Jul  8 16:54:06 2024]
rule classify_human:
    input: ../results/microbial_pangenomic_test/RUG472.rankt.csv, /group/ctbrowngrp/irber/data/wort-data/wort-sra/sigs/DRR149268.sig
    output: ../results/microbial_pangenomic_test/classify_human/RUG472xDRR149268.txt
    jobid: 60
    reason: Missing output files: ../results/microbial_pangenomic_test/classify_human/RUG472xDRR149268.txt
    wildcards: ident=RUG472, metag=DRR149268
    resources: tmpdir=/tmp

Activating conda environment: branchwater
[Mon Jul  8 16:54:10 2024]
Finished job 37.
18 of 51 steps (35%) done
Select jobs to execute...

[Mon Jul  8 16:54:10 2024]
rule classify_human:
    input: ../results/microbial_pangenomic_test/ecoli.rankt.csv, /group/ctbrowngrp/irber/data/wort-data/wort-sra/sigs/DRR149266.sig
    output: ../results/microbial_pangenomic_test/classify_human/ecolixDRR149266.txt
    jobid: 45
    reason: Missing output files: ../results/microbial_pangenomic_test/classify_human/ecolixDRR149266.txt
    wildcards: ident=ecoli, metag=DRR149266
    resources: tmpdir=/tmp

Activating conda environment: branchwater
[Mon Jul  8 16:54:11 2024]
Finished job 50.
19 of 51 steps (37%) done
Select jobs to execute...

[Mon Jul  8 16:54:11 2024]
rule classify_human:
    input: ../results/microbial_pangenomic_test/bariatricus.rankt.csv, /group/ctbrowngrp/irber/data/wort-data/wort-sra/sigs/DRR149268.sig
    output: ../results/microbial_pangenomic_test/classify_human/bariatricusxDRR149268.txt
    jobid: 8
    reason: Missing output files: ../results/microbial_pangenomic_test/classify_human/bariatricusxDRR149268.txt
    wildcards: ident=bariatricus, metag=DRR149268
    resources: tmpdir=/tmp

Activating conda environment: branchwater
[Mon Jul  8 16:54:11 2024]
Finished job 52.
20 of 51 steps (39%) done
Select jobs to execute...

[Mon Jul  8 16:54:11 2024]
rule classify_human:
    input: ../results/microbial_pangenomic_test/RUG472.rankt.csv, /group/ctbrowngrp/irber/data/wort-data/wort-sra/sigs/DRR149264.sig
    output: ../results/microbial_pangenomic_test/classify_human/RUG472xDRR149264.txt
    jobid: 53
    reason: Missing output files: ../results/microbial_pangenomic_test/classify_human/RUG472xDRR149264.txt
    wildcards: ident=RUG472, metag=DRR149264
    resources: tmpdir=/tmp

Activating conda environment: branchwater
[Mon Jul  8 16:54:18 2024]
Finished job 60.
21 of 51 steps (41%) done
Select jobs to execute...

[Mon Jul  8 16:54:18 2024]
rule classify_human:
    input: ../results/microbial_pangenomic_test/lamylovorus.rankt.csv, /group/ctbrowngrp/irber/data/wort-data/wort-sra/sigs/DRR174581.sig
    output: ../results/microbial_pangenomic_test/classify_human/lamylovorusxDRR174581.txt
    jobid: 38
    reason: Missing output files: ../results/microbial_pangenomic_test/classify_human/lamylovorusxDRR174581.txt
    wildcards: ident=lamylovorus, metag=DRR174581
    resources: tmpdir=/tmp

Activating conda environment: branchwater
[Mon Jul  8 16:54:22 2024]
Finished job 45.
22 of 51 steps (43%) done
Select jobs to execute...

[Mon Jul  8 16:54:22 2024]
rule classify_human:
    input: ../results/microbial_pangenomic_test/lreuteri.rankt.csv, /group/ctbrowngrp/irber/data/wort-data/wort-sra/sigs/DRR174579.sig
    output: ../results/microbial_pangenomic_test/classify_human/lreuterixDRR174579.txt
    jobid: 23
    reason: Missing output files: ../results/microbial_pangenomic_test/classify_human/lreuterixDRR174579.txt
    wildcards: ident=lreuteri, metag=DRR174579
    resources: tmpdir=/tmp

Activating conda environment: branchwater
[Mon Jul  8 16:54:25 2024]
Finished job 53.
23 of 51 steps (45%) done
Select jobs to execute...

[Mon Jul  8 16:54:25 2024]
rule classify_human:
    input: ../results/microbial_pangenomic_test/RUG472.rankt.csv, /group/ctbrowngrp/irber/data/wort-data/wort-sra/sigs/DRR149269.sig
    output: ../results/microbial_pangenomic_test/classify_human/RUG472xDRR149269.txt
    jobid: 61
    reason: Missing output files: ../results/microbial_pangenomic_test/classify_human/RUG472xDRR149269.txt
    wildcards: ident=RUG472, metag=DRR149269
    resources: tmpdir=/tmp

Activating conda environment: branchwater
[Mon Jul  8 16:54:27 2024]
Finished job 8.
24 of 51 steps (47%) done
Select jobs to execute...

[Mon Jul  8 16:54:27 2024]
rule classify_human:
    input: ../results/microbial_pangenomic_test/ecoli.rankt.csv, /group/ctbrowngrp/irber/data/wort-data/wort-sra/sigs/DRR149267.sig
    output: ../results/microbial_pangenomic_test/classify_human/ecolixDRR149267.txt
    jobid: 46
    reason: Missing output files: ../results/microbial_pangenomic_test/classify_human/ecolixDRR149267.txt
    wildcards: ident=ecoli, metag=DRR149267
    resources: tmpdir=/tmp

Activating conda environment: branchwater
[Mon Jul  8 16:54:28 2024]
Finished job 38.
25 of 51 steps (49%) done
Select jobs to execute...

[Mon Jul  8 16:54:29 2024]
rule classify_human:
    input: ../results/microbial_pangenomic_test/lamylovorus.rankt.csv, /group/ctbrowngrp/irber/data/wort-data/wort-sra/sigs/DRR149265.sig
    output: ../results/microbial_pangenomic_test/classify_human/lamylovorusxDRR149265.txt
    jobid: 31
    reason: Missing output files: ../results/microbial_pangenomic_test/classify_human/lamylovorusxDRR149265.txt
    wildcards: ident=lamylovorus, metag=DRR149265
    resources: tmpdir=/tmp

Activating conda environment: branchwater
[Mon Jul  8 16:54:34 2024]
Finished job 23.
26 of 51 steps (51%) done
Select jobs to execute...

[Mon Jul  8 16:54:34 2024]
rule classify_human:
    input: ../results/microbial_pangenomic_test/bariatricus.rankt.csv, /group/ctbrowngrp/irber/data/wort-data/wort-sra/sigs/DRR149269.sig
    output: ../results/microbial_pangenomic_test/classify_human/bariatricusxDRR149269.txt
    jobid: 9
    reason: Missing output files: ../results/microbial_pangenomic_test/classify_human/bariatricusxDRR149269.txt
    wildcards: ident=bariatricus, metag=DRR149269
    resources: tmpdir=/tmp

Activating conda environment: branchwater
[Mon Jul  8 16:54:36 2024]
Finished job 61.
27 of 51 steps (53%) done
Select jobs to execute...

[Mon Jul  8 16:54:36 2024]
rule classify_human:
    input: ../results/microbial_pangenomic_test/lamylovorus.rankt.csv, /group/ctbrowngrp/irber/data/wort-data/wort-sra/sigs/DRR174582.sig
    output: ../results/microbial_pangenomic_test/classify_human/lamylovorusxDRR174582.txt
    jobid: 39
    reason: Missing output files: ../results/microbial_pangenomic_test/classify_human/lamylovorusxDRR174582.txt
    wildcards: ident=lamylovorus, metag=DRR174582
    resources: tmpdir=/tmp

Activating conda environment: branchwater
[Mon Jul  8 16:54:41 2024]
Finished job 46.
28 of 51 steps (55%) done
Select jobs to execute...

[Mon Jul  8 16:54:41 2024]
rule classify_human:
    input: ../results/microbial_pangenomic_test/lreuteri.rankt.csv, /group/ctbrowngrp/irber/data/wort-data/wort-sra/sigs/DRR174580.sig
    output: ../results/microbial_pangenomic_test/classify_human/lreuterixDRR174580.txt
    jobid: 24
    reason: Missing output files: ../results/microbial_pangenomic_test/classify_human/lreuterixDRR174580.txt
    wildcards: ident=lreuteri, metag=DRR174580
    resources: tmpdir=/tmp

Activating conda environment: branchwater
[Mon Jul  8 16:54:45 2024]
Finished job 31.
29 of 51 steps (57%) done
Select jobs to execute...

[Mon Jul  8 16:54:45 2024]
rule classify_human:
    input: ../results/microbial_pangenomic_test/lamylovorus.rankt.csv, /group/ctbrowngrp/irber/data/wort-data/wort-sra/sigs/DRR149269.sig
    output: ../results/microbial_pangenomic_test/classify_human/lamylovorusxDRR149269.txt
    jobid: 35
    reason: Missing output files: ../results/microbial_pangenomic_test/classify_human/lamylovorusxDRR149269.txt
    wildcards: ident=lamylovorus, metag=DRR149269
    resources: tmpdir=/tmp

Activating conda environment: branchwater
[Mon Jul  8 16:54:46 2024]
Finished job 9.
30 of 51 steps (59%) done
Select jobs to execute...

[Mon Jul  8 16:54:47 2024]
rule classify_human:
    input: ../results/microbial_pangenomic_test/bariatricus.rankt.csv, /group/ctbrowngrp/irber/data/wort-data/wort-sra/sigs/DRR174582.sig
    output: ../results/microbial_pangenomic_test/classify_human/bariatricusxDRR174582.txt
    jobid: 13
    reason: Missing output files: ../results/microbial_pangenomic_test/classify_human/bariatricusxDRR174582.txt
    wildcards: ident=bariatricus, metag=DRR174582
    resources: tmpdir=/tmp

Activating conda environment: branchwater
[Mon Jul  8 16:54:47 2024]
Finished job 39.
31 of 51 steps (61%) done
Select jobs to execute...

[Mon Jul  8 16:54:47 2024]
rule classify_human:
    input: ../results/microbial_pangenomic_test/RUG472.rankt.csv, /group/ctbrowngrp/irber/data/wort-data/wort-sra/sigs/DRR149266.sig
    output: ../results/microbial_pangenomic_test/classify_human/RUG472xDRR149266.txt
    jobid: 58
    reason: Missing output files: ../results/microbial_pangenomic_test/classify_human/RUG472xDRR149266.txt
    wildcards: ident=RUG472, metag=DRR149266
    resources: tmpdir=/tmp

Activating conda environment: branchwater
[Mon Jul  8 16:54:55 2024]
Finished job 24.
32 of 51 steps (63%) done
Select jobs to execute...

[Mon Jul  8 16:54:55 2024]
rule classify_human:
    input: ../results/microbial_pangenomic_test/lreuteri.rankt.csv, /group/ctbrowngrp/irber/data/wort-data/wort-sra/sigs/DRR174581.sig
    output: ../results/microbial_pangenomic_test/classify_human/lreuterixDRR174581.txt
    jobid: 25
    reason: Missing output files: ../results/microbial_pangenomic_test/classify_human/lreuterixDRR174581.txt
    wildcards: ident=lreuteri, metag=DRR174581
    resources: tmpdir=/tmp

Activating conda environment: branchwater
[Mon Jul  8 16:54:57 2024]
Finished job 35.
33 of 51 steps (65%) done
Select jobs to execute...

[Mon Jul  8 16:54:57 2024]
rule classify_human:
    input: ../results/microbial_pangenomic_test/lreuteri.rankt.csv, /group/ctbrowngrp/irber/data/wort-data/wort-sra/sigs/DRR149264.sig
    output: ../results/microbial_pangenomic_test/classify_human/lreuterixDRR149264.txt
    jobid: 14
    reason: Missing output files: ../results/microbial_pangenomic_test/classify_human/lreuterixDRR149264.txt
    wildcards: ident=lreuteri, metag=DRR149264
    resources: tmpdir=/tmp

Activating conda environment: branchwater
[Mon Jul  8 16:54:57 2024]
Finished job 13.
34 of 51 steps (67%) done
Select jobs to execute...

[Mon Jul  8 16:54:58 2024]
rule classify_human:
    input: ../results/microbial_pangenomic_test/RUG472.rankt.csv, /group/ctbrowngrp/irber/data/wort-data/wort-sra/sigs/DRR149267.sig
    output: ../results/microbial_pangenomic_test/classify_human/RUG472xDRR149267.txt
    jobid: 59
    reason: Missing output files: ../results/microbial_pangenomic_test/classify_human/RUG472xDRR149267.txt
    wildcards: ident=RUG472, metag=DRR149267
    resources: tmpdir=/tmp

Activating conda environment: branchwater
[Mon Jul  8 16:54:58 2024]
Finished job 58.
35 of 51 steps (69%) done
Select jobs to execute...

[Mon Jul  8 16:54:58 2024]
rule classify_human:
    input: ../results/microbial_pangenomic_test/ecoli.rankt.csv, /group/ctbrowngrp/irber/data/wort-data/wort-sra/sigs/DRR149265.sig
    output: ../results/microbial_pangenomic_test/classify_human/ecolixDRR149265.txt
    jobid: 44
    reason: Missing output files: ../results/microbial_pangenomic_test/classify_human/ecolixDRR149265.txt
    wildcards: ident=ecoli, metag=DRR149265
    resources: tmpdir=/tmp

Activating conda environment: branchwater
[Mon Jul  8 16:55:07 2024]
Finished job 25.
36 of 51 steps (71%) done
Select jobs to execute...

[Mon Jul  8 16:55:07 2024]
rule classify_human:
    input: ../results/microbial_pangenomic_test/lreuteri.rankt.csv, /group/ctbrowngrp/irber/data/wort-data/wort-sra/sigs/DRR149265.sig
    output: ../results/microbial_pangenomic_test/classify_human/lreuterixDRR149265.txt
    jobid: 18
    reason: Missing output files: ../results/microbial_pangenomic_test/classify_human/lreuterixDRR149265.txt
    wildcards: ident=lreuteri, metag=DRR149265
    resources: tmpdir=/tmp

Activating conda environment: branchwater
[Mon Jul  8 16:55:09 2024]
Finished job 14.
37 of 51 steps (73%) done
Select jobs to execute...

[Mon Jul  8 16:55:09 2024]
rule classify_human:
    input: ../results/microbial_pangenomic_test/RUG472.rankt.csv, /group/ctbrowngrp/irber/data/wort-data/wort-sra/sigs/DRR174580.sig
    output: ../results/microbial_pangenomic_test/classify_human/RUG472xDRR174580.txt
    jobid: 63
    reason: Missing output files: ../results/microbial_pangenomic_test/classify_human/RUG472xDRR174580.txt
    wildcards: ident=RUG472, metag=DRR174580
    resources: tmpdir=/tmp

Activating conda environment: branchwater
[Mon Jul  8 16:55:11 2024]
Finished job 59.
38 of 51 steps (75%) done
Select jobs to execute...

[Mon Jul  8 16:55:12 2024]
rule classify_human:
    input: ../results/microbial_pangenomic_test/ecoli.rankt.csv, /group/ctbrowngrp/irber/data/wort-data/wort-sra/sigs/DRR149264.sig
    output: ../results/microbial_pangenomic_test/classify_human/ecolixDRR149264.txt
    jobid: 40
    reason: Missing output files: ../results/microbial_pangenomic_test/classify_human/ecolixDRR149264.txt
    wildcards: ident=ecoli, metag=DRR149264
    resources: tmpdir=/tmp

Activating conda environment: branchwater
[Mon Jul  8 16:55:16 2024]
Finished job 44.
39 of 51 steps (76%) done
Select jobs to execute...

[Mon Jul  8 16:55:16 2024]
rule classify_human:
    input: ../results/microbial_pangenomic_test/bariatricus.rankt.csv, /group/ctbrowngrp/irber/data/wort-data/wort-sra/sigs/DRR174579.sig
    output: ../results/microbial_pangenomic_test/classify_human/bariatricusxDRR174579.txt
    jobid: 10
    reason: Missing output files: ../results/microbial_pangenomic_test/classify_human/bariatricusxDRR174579.txt
    wildcards: ident=bariatricus, metag=DRR174579
    resources: tmpdir=/tmp

Activating conda environment: branchwater
[Mon Jul  8 16:55:19 2024]
Finished job 18.
40 of 51 steps (78%) done
Select jobs to execute...

[Mon Jul  8 16:55:19 2024]
rule classify_human:
    input: ../results/microbial_pangenomic_test/lamylovorus.rankt.csv, /group/ctbrowngrp/irber/data/wort-data/wort-sra/sigs/DRR174579.sig
    output: ../results/microbial_pangenomic_test/classify_human/lamylovorusxDRR174579.txt
    jobid: 36
    reason: Missing output files: ../results/microbial_pangenomic_test/classify_human/lamylovorusxDRR174579.txt
    wildcards: ident=lamylovorus, metag=DRR174579
    resources: tmpdir=/tmp

Activating conda environment: branchwater
[Mon Jul  8 16:55:21 2024]
Finished job 63.
41 of 51 steps (80%) done
Select jobs to execute...

[Mon Jul  8 16:55:21 2024]
rule classify_human:
    input: ../results/microbial_pangenomic_test/ecoli.rankt.csv, /group/ctbrowngrp/irber/data/wort-data/wort-sra/sigs/DRR174581.sig
    output: ../results/microbial_pangenomic_test/classify_human/ecolixDRR174581.txt
    jobid: 51
    reason: Missing output files: ../results/microbial_pangenomic_test/classify_human/ecolixDRR174581.txt
    wildcards: ident=ecoli, metag=DRR174581
    resources: tmpdir=/tmp

Activating conda environment: branchwater
[Mon Jul  8 16:55:24 2024]
Finished job 40.
42 of 51 steps (82%) done
Select jobs to execute...

[Mon Jul  8 16:55:24 2024]
rule classify_human:
    input: ../results/microbial_pangenomic_test/bariatricus.rankt.csv, /group/ctbrowngrp/irber/data/wort-data/wort-sra/sigs/DRR149266.sig
    output: ../results/microbial_pangenomic_test/classify_human/bariatricusxDRR149266.txt
    jobid: 6
    reason: Missing output files: ../results/microbial_pangenomic_test/classify_human/bariatricusxDRR149266.txt
    wildcards: ident=bariatricus, metag=DRR149266
    resources: tmpdir=/tmp

Activating conda environment: branchwater
[Mon Jul  8 16:55:30 2024]
Finished job 36.
43 of 51 steps (84%) done
Select jobs to execute...

[Mon Jul  8 16:55:30 2024]
rule classify_human:
    input: ../results/microbial_pangenomic_test/lamylovorus.rankt.csv, /group/ctbrowngrp/irber/data/wort-data/wort-sra/sigs/DRR149266.sig
    output: ../results/microbial_pangenomic_test/classify_human/lamylovorusxDRR149266.txt
    jobid: 32
    reason: Missing output files: ../results/microbial_pangenomic_test/classify_human/lamylovorusxDRR149266.txt
    wildcards: ident=lamylovorus, metag=DRR149266
    resources: tmpdir=/tmp

Activating conda environment: branchwater
[Mon Jul  8 16:55:30 2024]
Finished job 10.
44 of 51 steps (86%) done
Select jobs to execute...

[Mon Jul  8 16:55:30 2024]
rule classify_human:
    input: ../results/microbial_pangenomic_test/ecoli.rankt.csv, /group/ctbrowngrp/irber/data/wort-data/wort-sra/sigs/DRR149268.sig
    output: ../results/microbial_pangenomic_test/classify_human/ecolixDRR149268.txt
    jobid: 47
    reason: Missing output files: ../results/microbial_pangenomic_test/classify_human/ecolixDRR149268.txt
    wildcards: ident=ecoli, metag=DRR149268
    resources: tmpdir=/tmp

Activating conda environment: branchwater
[Mon Jul  8 16:55:34 2024]
Finished job 51.
45 of 51 steps (88%) done
Select jobs to execute...

[Mon Jul  8 16:55:34 2024]
rule classify_human:
    input: ../results/microbial_pangenomic_test/bariatricus.rankt.csv, /group/ctbrowngrp/irber/data/wort-data/wort-sra/sigs/DRR149267.sig
    output: ../results/microbial_pangenomic_test/classify_human/bariatricusxDRR149267.txt
    jobid: 7
    reason: Missing output files: ../results/microbial_pangenomic_test/classify_human/bariatricusxDRR149267.txt
    wildcards: ident=bariatricus, metag=DRR149267
    resources: tmpdir=/tmp

Activating conda environment: branchwater
[Mon Jul  8 16:55:34 2024]
Finished job 6.
46 of 51 steps (90%) done
Select jobs to execute...

[Mon Jul  8 16:55:34 2024]
rule classify_human:
    input: ../results/microbial_pangenomic_test/RUG472.rankt.csv, /group/ctbrowngrp/irber/data/wort-data/wort-sra/sigs/DRR174579.sig
    output: ../results/microbial_pangenomic_test/classify_human/RUG472xDRR174579.txt
    jobid: 62
    reason: Missing output files: ../results/microbial_pangenomic_test/classify_human/RUG472xDRR174579.txt
    wildcards: ident=RUG472, metag=DRR174579
    resources: tmpdir=/tmp

Activating conda environment: branchwater
[Mon Jul  8 16:55:39 2024]
Finished job 32.
47 of 51 steps (92%) done
[Mon Jul  8 16:55:43 2024]
Finished job 47.
48 of 51 steps (94%) done
[Mon Jul  8 16:55:44 2024]
Finished job 62.
49 of 51 steps (96%) done
[Mon Jul  8 16:55:45 2024]
Finished job 7.
50 of 51 steps (98%) done
Select jobs to execute...

[Mon Jul  8 16:55:45 2024]
localrule all:
    input: ../results/microbial_pangenomic_test/classify_human/bariatricusxDRR149264.txt, ../results/microbial_pangenomic_test/classify_human/bariatricusxDRR149265.txt, ../results/microbial_pangenomic_test/classify_human/bariatricusxDRR149266.txt, ../results/microbial_pangenomic_test/classify_human/bariatricusxDRR149267.txt, ../results/microbial_pangenomic_test/classify_human/bariatricusxDRR149268.txt, ../results/microbial_pangenomic_test/classify_human/bariatricusxDRR149269.txt, ../results/microbial_pangenomic_test/classify_human/bariatricusxDRR174579.txt, ../results/microbial_pangenomic_test/classify_human/bariatricusxDRR174580.txt, ../results/microbial_pangenomic_test/classify_human/bariatricusxDRR174581.txt, ../results/microbial_pangenomic_test/classify_human/bariatricusxDRR174582.txt, ../results/microbial_pangenomic_test/classify_human/lreuterixDRR149264.txt, ../results/microbial_pangenomic_test/classify_human/lreuterixDRR149265.txt, ../results/microbial_pangenomic_test/classify_human/lreuterixDRR149266.txt, ../results/microbial_pangenomic_test/classify_human/lreuterixDRR149267.txt, ../results/microbial_pangenomic_test/classify_human/lreuterixDRR149268.txt, ../results/microbial_pangenomic_test/classify_human/lreuterixDRR149269.txt, ../results/microbial_pangenomic_test/classify_human/lreuterixDRR174579.txt, ../results/microbial_pangenomic_test/classify_human/lreuterixDRR174580.txt, ../results/microbial_pangenomic_test/classify_human/lreuterixDRR174581.txt, ../results/microbial_pangenomic_test/classify_human/lreuterixDRR174582.txt, ../results/microbial_pangenomic_test/classify_human/lamylovorusxDRR149264.txt, ../results/microbial_pangenomic_test/classify_human/lamylovorusxDRR149265.txt, ../results/microbial_pangenomic_test/classify_human/lamylovorusxDRR149266.txt, ../results/microbial_pangenomic_test/classify_human/lamylovorusxDRR149267.txt, ../results/microbial_pangenomic_test/classify_human/lamylovorusxDRR149268.txt, ../results/microbial_pangenomic_test/classify_human/lamylovorusxDRR149269.txt, ../results/microbial_pangenomic_test/classify_human/lamylovorusxDRR174579.txt, ../results/microbial_pangenomic_test/classify_human/lamylovorusxDRR174580.txt, ../results/microbial_pangenomic_test/classify_human/lamylovorusxDRR174581.txt, ../results/microbial_pangenomic_test/classify_human/lamylovorusxDRR174582.txt, ../results/microbial_pangenomic_test/classify_human/ecolixDRR149264.txt, ../results/microbial_pangenomic_test/classify_human/ecolixDRR149265.txt, ../results/microbial_pangenomic_test/classify_human/ecolixDRR149266.txt, ../results/microbial_pangenomic_test/classify_human/ecolixDRR149267.txt, ../results/microbial_pangenomic_test/classify_human/ecolixDRR149268.txt, ../results/microbial_pangenomic_test/classify_human/ecolixDRR149269.txt, ../results/microbial_pangenomic_test/classify_human/ecolixDRR174579.txt, ../results/microbial_pangenomic_test/classify_human/ecolixDRR174580.txt, ../results/microbial_pangenomic_test/classify_human/ecolixDRR174581.txt, ../results/microbial_pangenomic_test/classify_human/ecolixDRR174582.txt, ../results/microbial_pangenomic_test/classify_human/RUG472xDRR149264.txt, ../results/microbial_pangenomic_test/classify_human/RUG472xDRR149265.txt, ../results/microbial_pangenomic_test/classify_human/RUG472xDRR149266.txt, ../results/microbial_pangenomic_test/classify_human/RUG472xDRR149267.txt, ../results/microbial_pangenomic_test/classify_human/RUG472xDRR149268.txt, ../results/microbial_pangenomic_test/classify_human/RUG472xDRR149269.txt, ../results/microbial_pangenomic_test/classify_human/RUG472xDRR174579.txt, ../results/microbial_pangenomic_test/classify_human/RUG472xDRR174580.txt, ../results/microbial_pangenomic_test/classify_human/RUG472xDRR174581.txt, ../results/microbial_pangenomic_test/classify_human/RUG472xDRR174582.txt, ../results/microbial_pangenomic_test/classify_pig/bariatricusxSRR8960980.txt, ../results/microbial_pangenomic_test/classify_pig/bariatricusxSRR8960440.txt, ../results/microbial_pangenomic_test/classify_pig/bariatricusxSRR8960721.txt, ../results/microbial_pangenomic_test/classify_pig/bariatricusxSRR8960326.txt, ../results/microbial_pangenomic_test/classify_pig/bariatricusxSRR8960915.txt, ../results/microbial_pangenomic_test/classify_pig/bariatricusxSRR8960631.txt, ../results/microbial_pangenomic_test/classify_pig/bariatricusxSRR11125655.txt, ../results/microbial_pangenomic_test/classify_pig/bariatricusxSRR8960731.txt, ../results/microbial_pangenomic_test/classify_pig/bariatricusxSRR8960200.txt, ../results/microbial_pangenomic_test/classify_pig/bariatricusxSRR8960303.txt, ../results/microbial_pangenomic_test/classify_pig/lreuterixSRR8960980.txt, ../results/microbial_pangenomic_test/classify_pig/lreuterixSRR8960440.txt, ../results/microbial_pangenomic_test/classify_pig/lreuterixSRR8960721.txt, ../results/microbial_pangenomic_test/classify_pig/lreuterixSRR8960326.txt, ../results/microbial_pangenomic_test/classify_pig/lreuterixSRR8960915.txt, ../results/microbial_pangenomic_test/classify_pig/lreuterixSRR8960631.txt, ../results/microbial_pangenomic_test/classify_pig/lreuterixSRR11125655.txt, ../results/microbial_pangenomic_test/classify_pig/lreuterixSRR8960731.txt, ../results/microbial_pangenomic_test/classify_pig/lreuterixSRR8960200.txt, ../results/microbial_pangenomic_test/classify_pig/lreuterixSRR8960303.txt, ../results/microbial_pangenomic_test/classify_pig/lamylovorusxSRR8960980.txt, ../results/microbial_pangenomic_test/classify_pig/lamylovorusxSRR8960440.txt, ../results/microbial_pangenomic_test/classify_pig/lamylovorusxSRR8960721.txt, ../results/microbial_pangenomic_test/classify_pig/lamylovorusxSRR8960326.txt, ../results/microbial_pangenomic_test/classify_pig/lamylovorusxSRR8960915.txt, ../results/microbial_pangenomic_test/classify_pig/lamylovorusxSRR8960631.txt, ../results/microbial_pangenomic_test/classify_pig/lamylovorusxSRR11125655.txt, ../results/microbial_pangenomic_test/classify_pig/lamylovorusxSRR8960731.txt, ../results/microbial_pangenomic_test/classify_pig/lamylovorusxSRR8960200.txt, ../results/microbial_pangenomic_test/classify_pig/lamylovorusxSRR8960303.txt, ../results/microbial_pangenomic_test/classify_pig/ecolixSRR8960980.txt, ../results/microbial_pangenomic_test/classify_pig/ecolixSRR8960440.txt, ../results/microbial_pangenomic_test/classify_pig/ecolixSRR8960721.txt, ../results/microbial_pangenomic_test/classify_pig/ecolixSRR8960326.txt, ../results/microbial_pangenomic_test/classify_pig/ecolixSRR8960915.txt, ../results/microbial_pangenomic_test/classify_pig/ecolixSRR8960631.txt, ../results/microbial_pangenomic_test/classify_pig/ecolixSRR11125655.txt, ../results/microbial_pangenomic_test/classify_pig/ecolixSRR8960731.txt, ../results/microbial_pangenomic_test/classify_pig/ecolixSRR8960200.txt, ../results/microbial_pangenomic_test/classify_pig/ecolixSRR8960303.txt, ../results/microbial_pangenomic_test/classify_pig/RUG472xSRR8960980.txt, ../results/microbial_pangenomic_test/classify_pig/RUG472xSRR8960440.txt, ../results/microbial_pangenomic_test/classify_pig/RUG472xSRR8960721.txt, ../results/microbial_pangenomic_test/classify_pig/RUG472xSRR8960326.txt, ../results/microbial_pangenomic_test/classify_pig/RUG472xSRR8960915.txt, ../results/microbial_pangenomic_test/classify_pig/RUG472xSRR8960631.txt, ../results/microbial_pangenomic_test/classify_pig/RUG472xSRR11125655.txt, ../results/microbial_pangenomic_test/classify_pig/RUG472xSRR8960731.txt, ../results/microbial_pangenomic_test/classify_pig/RUG472xSRR8960200.txt, ../results/microbial_pangenomic_test/classify_pig/RUG472xSRR8960303.txt
    jobid: 0
    reason: Input files updated by another job: ../results/microbial_pangenomic_test/classify_human/lamylovorusxDRR174579.txt, ../results/microbial_pangenomic_test/classify_human/lamylovorusxDRR174582.txt, ../results/microbial_pangenomic_test/classify_human/lamylovorusxDRR149265.txt, ../results/microbial_pangenomic_test/classify_human/ecolixDRR149266.txt, ../results/microbial_pangenomic_test/classify_human/ecolixDRR149267.txt, ../results/microbial_pangenomic_test/classify_human/lreuterixDRR149268.txt, ../results/microbial_pangenomic_test/classify_human/lreuterixDRR174581.txt, ../results/microbial_pangenomic_test/classify_human/ecolixDRR174579.txt, ../results/microbial_pangenomic_test/classify_human/bariatricusxDRR149267.txt, ../results/microbial_pangenomic_test/classify_human/lreuterixDRR174580.txt, ../results/microbial_pangenomic_test/classify_human/lamylovorusxDRR149267.txt, ../results/microbial_pangenomic_test/classify_human/lamylovorusxDRR174581.txt, ../results/microbial_pangenomic_test/classify_human/lreuterixDRR149265.txt, ../results/microbial_pangenomic_test/classify_human/RUG472xDRR174582.txt, ../results/microbial_pangenomic_test/classify_human/bariatricusxDRR174579.txt, ../results/microbial_pangenomic_test/classify_human/RUG472xDRR149267.txt, ../results/microbial_pangenomic_test/classify_human/RUG472xDRR149266.txt, ../results/microbial_pangenomic_test/classify_human/bariatricusxDRR174582.txt, ../results/microbial_pangenomic_test/classify_human/lreuterixDRR149267.txt, ../results/microbial_pangenomic_test/classify_human/bariatricusxDRR149266.txt, ../results/microbial_pangenomic_test/classify_human/ecolixDRR149269.txt, ../results/microbial_pangenomic_test/classify_human/lamylovorusxDRR149264.txt, ../results/microbial_pangenomic_test/classify_human/lreuterixDRR174579.txt, ../results/microbial_pangenomic_test/classify_human/lamylovorusxDRR149266.txt, ../results/microbial_pangenomic_test/classify_human/RUG472xDRR149264.txt, ../results/microbial_pangenomic_test/classify_human/RUG472xDRR149269.txt, ../results/microbial_pangenomic_test/classify_human/ecolixDRR174580.txt, ../results/microbial_pangenomic_test/classify_human/RUG472xDRR174580.txt, ../results/microbial_pangenomic_test/classify_human/RUG472xDRR149265.txt, ../results/microbial_pangenomic_test/classify_human/RUG472xDRR174581.txt, ../results/microbial_pangenomic_test/classify_human/lamylovorusxDRR174580.txt, ../results/microbial_pangenomic_test/classify_human/RUG472xDRR174579.txt, ../results/microbial_pangenomic_test/classify_human/lamylovorusxDRR149269.txt, ../results/microbial_pangenomic_test/classify_human/ecolixDRR174581.txt, ../results/microbial_pangenomic_test/classify_human/bariatricusxDRR149268.txt, ../results/microbial_pangenomic_test/classify_human/lreuterixDRR149266.txt, ../results/microbial_pangenomic_test/classify_human/bariatricusxDRR149264.txt, ../results/microbial_pangenomic_test/classify_human/bariatricusxDRR174580.txt, ../results/microbial_pangenomic_test/classify_human/ecolixDRR149265.txt, ../results/microbial_pangenomic_test/classify_human/bariatricusxDRR149269.txt, ../results/microbial_pangenomic_test/classify_human/bariatricusxDRR149265.txt, ../results/microbial_pangenomic_test/classify_human/bariatricusxDRR174581.txt, ../results/microbial_pangenomic_test/classify_human/lreuterixDRR149264.txt, ../results/microbial_pangenomic_test/classify_human/lreuterixDRR174582.txt, ../results/microbial_pangenomic_test/classify_human/ecolixDRR149268.txt, ../results/microbial_pangenomic_test/classify_human/ecolixDRR149264.txt, ../results/microbial_pangenomic_test/classify_human/lreuterixDRR149269.txt, ../results/microbial_pangenomic_test/classify_human/RUG472xDRR149268.txt, ../results/microbial_pangenomic_test/classify_human/ecolixDRR174582.txt, ../results/microbial_pangenomic_test/classify_human/lamylovorusxDRR149268.txt
    resources: tmpdir=/tmp

[Mon Jul  8 16:55:45 2024]
Finished job 0.
51 of 51 steps (100%) done
Complete log: .snakemake/log/2024-07-08T165257.979613.snakemake.log
