Building DAG of jobs...
Using shell: /usr/bin/bash
Provided cores: 1 (use --cores to define parallelism)
Rules claiming more threads will be scaled down.
Job stats:
job             count
------------  -------
all                 1
pick_species        5
total               6

Select jobs to execute...
Execute 1 jobs...

[Fri Jul 19 10:53:40 2024]
localrule pick_species:
    output: ../results/pangenome/Blautia_A_sp003471165.csv
    jobid: 5
    reason: Missing output files: ../results/pangenome/Blautia_A_sp003471165.csv
    wildcards: species=Blautia_A_sp003471165.csv
    resources: tmpdir=/tmp

Activating conda environment: branchwater
[Fri Jul 19 10:54:06 2024]
Finished job 5.
1 of 6 steps (17%) done
Select jobs to execute...
Execute 1 jobs...

[Fri Jul 19 10:54:06 2024]
localrule pick_species:
    output: ../results/pangenome/Dysosmobacter_sp019417795.csv
    jobid: 1
    reason: Missing output files: ../results/pangenome/Dysosmobacter_sp019417795.csv
    wildcards: species=Dysosmobacter_sp019417795.csv
    resources: tmpdir=/tmp

Activating conda environment: branchwater
Terminating processes on user request, this might take some time.
[Fri Jul 19 10:54:08 2024]
Error in rule pick_species:
    jobid: 1
    output: ../results/pangenome/Dysosmobacter_sp019417795.csv
    conda-env: branchwater
    shell:
        
        sourmash tax grep -i Dysosmobacter_sp019417795.csv         -t /group/ctbrowngrp/sourmash-db/gtdb-rs214/gtdb-rs214.lineages.csv -o ../results/pangenome/Dysosmobacter_sp019417795.csv 
        
        (one of the commands exited with non-zero exit code; note that snakemake uses bash strict mode!)

Complete log: .snakemake/log/2024-07-19T105339.690150.snakemake.log
WorkflowError:
At least one job did not complete successfully.
