Building DAG of jobs...
Using shell: /usr/bin/bash
Provided cores: 4
Rules claiming more threads will be scaled down.
Provided resources: mem_mb=20000
Job stats:
job              count
-------------  -------
all                  1
classify            50
classify_pang        5
pang_merge           5
pick_contigs         5
ranktable            5
total               71

Select jobs to execute...

[Fri Jul  5 09:49:58 2024]
rule pick_contigs:
    input: ../results/microbial_pangenomic_test/s__ecoli.csv
    output: ../results/microbial_pangenomic_test/ecoli.zip
    jobid: 43
    reason: Missing output files: ../results/microbial_pangenomic_test/ecoli.zip
    wildcards: ident=ecoli
    resources: tmpdir=/tmp

Activating conda environment: branchwater

[Fri Jul  5 09:50:01 2024]
rule pick_contigs:
    input: ../results/microbial_pangenomic_test/s__lreuteri.csv
    output: ../results/microbial_pangenomic_test/lreuteri.zip
    jobid: 17
    reason: Missing output files: ../results/microbial_pangenomic_test/lreuteri.zip
    wildcards: ident=lreuteri
    resources: tmpdir=/tmp

Activating conda environment: branchwater

[Fri Jul  5 09:50:01 2024]
rule pick_contigs:
    input: ../results/microbial_pangenomic_test/s__lamylovorus.csv
    output: ../results/microbial_pangenomic_test/lamylovorus.zip
    jobid: 30
    reason: Missing output files: ../results/microbial_pangenomic_test/lamylovorus.zip
    wildcards: ident=lamylovorus
    resources: tmpdir=/tmp

Activating conda environment: branchwater

[Fri Jul  5 09:50:01 2024]
rule pick_contigs:
    input: ../results/microbial_pangenomic_test/s__RUG472.csv
    output: ../results/microbial_pangenomic_test/RUG472.zip
    jobid: 56
    reason: Missing output files: ../results/microbial_pangenomic_test/RUG472.zip
    wildcards: ident=RUG472
    resources: tmpdir=/tmp

Activating conda environment: branchwater
[Fri Jul  5 09:50:07 2024]
[Fri Jul  5 09:50:07 2024]
[Fri Jul  5 09:50:07 2024]
Error in rule pick_contigs:
    jobid: 17
    input: ../results/microbial_pangenomic_test/s__lreuteri.csv
    output: ../results/microbial_pangenomic_test/lreuteri.zip
    conda-env: branchwater
    shell:
        
        sourmash sig cat ../results/microbial_pangenomic_test/s__lreuteri.csv:ident:ident         /group/ctbrowngrp/sourmash-db/gtdb-rs214/gtdb-rs214-k21.zip -o ../results/microbial_pangenomic_test/lreuteri.zip 
        
        (one of the commands exited with non-zero exit code; note that snakemake uses bash strict mode!)

Error in rule pick_contigs:
    jobid: 56
    input: ../results/microbial_pangenomic_test/s__RUG472.csv
    output: ../results/microbial_pangenomic_test/RUG472.zip
    conda-env: branchwater
    shell:
        
        sourmash sig cat ../results/microbial_pangenomic_test/s__RUG472.csv:ident:ident         /group/ctbrowngrp/sourmash-db/gtdb-rs214/gtdb-rs214-k21.zip -o ../results/microbial_pangenomic_test/RUG472.zip 
        
        (one of the commands exited with non-zero exit code; note that snakemake uses bash strict mode!)

Error in rule pick_contigs:
    jobid: 43
    input: ../results/microbial_pangenomic_test/s__ecoli.csv
    output: ../results/microbial_pangenomic_test/ecoli.zip
    conda-env: branchwater
    shell:
        
        sourmash sig cat ../results/microbial_pangenomic_test/s__ecoli.csv:ident:ident         /group/ctbrowngrp/sourmash-db/gtdb-rs214/gtdb-rs214-k21.zip -o ../results/microbial_pangenomic_test/ecoli.zip 
        
        (one of the commands exited with non-zero exit code; note that snakemake uses bash strict mode!)

Removing output files of failed job pick_contigs since they might be corrupted:
../results/microbial_pangenomic_test/lreuteri.zip
Select jobs to execute...

[Fri Jul  5 09:50:07 2024]
rule pick_contigs:
    input: ../results/microbial_pangenomic_test/s__bariatricus.csv
    output: ../results/microbial_pangenomic_test/bariatricus.zip
    jobid: 4
    reason: Missing output files: ../results/microbial_pangenomic_test/bariatricus.zip
    wildcards: ident=bariatricus
    resources: tmpdir=/tmp

Activating conda environment: branchwater
Removing output files of failed job pick_contigs since they might be corrupted:
../results/microbial_pangenomic_test/RUG472.zip
Removing output files of failed job pick_contigs since they might be corrupted:
../results/microbial_pangenomic_test/ecoli.zip
[Fri Jul  5 09:50:07 2024]
Error in rule pick_contigs:
    jobid: 30
    input: ../results/microbial_pangenomic_test/s__lamylovorus.csv
    output: ../results/microbial_pangenomic_test/lamylovorus.zip
    conda-env: branchwater
    shell:
        
        sourmash sig cat ../results/microbial_pangenomic_test/s__lamylovorus.csv:ident:ident         /group/ctbrowngrp/sourmash-db/gtdb-rs214/gtdb-rs214-k21.zip -o ../results/microbial_pangenomic_test/lamylovorus.zip 
        
        (one of the commands exited with non-zero exit code; note that snakemake uses bash strict mode!)

Removing output files of failed job pick_contigs since they might be corrupted:
../results/microbial_pangenomic_test/lamylovorus.zip
[Fri Jul  5 09:50:12 2024]
Error in rule pick_contigs:
    jobid: 4
    input: ../results/microbial_pangenomic_test/s__bariatricus.csv
    output: ../results/microbial_pangenomic_test/bariatricus.zip
    conda-env: branchwater
    shell:
        
        sourmash sig cat ../results/microbial_pangenomic_test/s__bariatricus.csv:ident:ident         /group/ctbrowngrp/sourmash-db/gtdb-rs214/gtdb-rs214-k21.zip -o ../results/microbial_pangenomic_test/bariatricus.zip 
        
        (one of the commands exited with non-zero exit code; note that snakemake uses bash strict mode!)

Removing output files of failed job pick_contigs since they might be corrupted:
../results/microbial_pangenomic_test/bariatricus.zip
Exiting because a job execution failed. Look above for error message
Complete log: .snakemake/log/2024-07-05T094956.717340.snakemake.log
