Building DAG of jobs...
Using shell: /usr/bin/bash
Provided cores: 1 (use --cores to define parallelism)
Rules claiming more threads will be scaled down.
Provided resources: mem_mb=20000
Job stats:
job                   count
------------------  -------
all                       1
calc_hash_presence        5
total                     6

Select jobs to execute...

[Wed Jul 10 14:30:56 2024]
rule calc_hash_presence:
    input: ../results/microbial_pangenomic_test/lreuteri.rankt.csv, /group/ctbrowngrp/irber/data/wort-data/wort-sra/sigs/DRR149264.sig, /group/ctbrowngrp/irber/data/wort-data/wort-sra/sigs/DRR149265.sig, /group/ctbrowngrp/irber/data/wort-data/wort-sra/sigs/DRR149266.sig, /group/ctbrowngrp/irber/data/wort-data/wort-sra/sigs/DRR149267.sig, /group/ctbrowngrp/irber/data/wort-data/wort-sra/sigs/DRR149268.sig, /group/ctbrowngrp/irber/data/wort-data/wort-sra/sigs/DRR149269.sig, /group/ctbrowngrp/irber/data/wort-data/wort-sra/sigs/DRR174579.sig, /group/ctbrowngrp/irber/data/wort-data/wort-sra/sigs/DRR174580.sig, /group/ctbrowngrp/irber/data/wort-data/wort-sra/sigs/DRR174581.sig, /group/ctbrowngrp/irber/data/wort-data/wort-sra/sigs/DRR174582.sig
    output: ../results/compare_human/dmp/lreuteri.x.human.dump
    jobid: 5
    reason: Missing output files: ../results/compare_human/dmp/lreuteri.x.human.dump
    wildcards: ident=lreuteri
    resources: tmpdir=/tmp

Activating conda environment: branchwater
[Wed Jul 10 14:31:01 2024]
Error in rule calc_hash_presence:
    jobid: 5
    input: ../results/microbial_pangenomic_test/lreuteri.rankt.csv, /group/ctbrowngrp/irber/data/wort-data/wort-sra/sigs/DRR149264.sig, /group/ctbrowngrp/irber/data/wort-data/wort-sra/sigs/DRR149265.sig, /group/ctbrowngrp/irber/data/wort-data/wort-sra/sigs/DRR149266.sig, /group/ctbrowngrp/irber/data/wort-data/wort-sra/sigs/DRR149267.sig, /group/ctbrowngrp/irber/data/wort-data/wort-sra/sigs/DRR149268.sig, /group/ctbrowngrp/irber/data/wort-data/wort-sra/sigs/DRR149269.sig, /group/ctbrowngrp/irber/data/wort-data/wort-sra/sigs/DRR174579.sig, /group/ctbrowngrp/irber/data/wort-data/wort-sra/sigs/DRR174580.sig, /group/ctbrowngrp/irber/data/wort-data/wort-sra/sigs/DRR174581.sig, /group/ctbrowngrp/irber/data/wort-data/wort-sra/sigs/DRR174582.sig
    output: ../results/compare_human/dmp/lreuteri.x.human.dump
    conda-env: branchwater
    shell:
         
        python scripts/calc-hash-presence.py         ../results/microbial_pangenomic_test/lreuteri.rankt.csv /group/ctbrowngrp/irber/data/wort-data/wort-sra/sigs/DRR149264.sig /group/ctbrowngrp/irber/data/wort-data/wort-sra/sigs/DRR149265.sig /group/ctbrowngrp/irber/data/wort-data/wort-sra/sigs/DRR149266.sig /group/ctbrowngrp/irber/data/wort-data/wort-sra/sigs/DRR149267.sig /group/ctbrowngrp/irber/data/wort-data/wort-sra/sigs/DRR149268.sig /group/ctbrowngrp/irber/data/wort-data/wort-sra/sigs/DRR149269.sig /group/ctbrowngrp/irber/data/wort-data/wort-sra/sigs/DRR174579.sig /group/ctbrowngrp/irber/data/wort-data/wort-sra/sigs/DRR174580.sig /group/ctbrowngrp/irber/data/wort-data/wort-sra/sigs/DRR174581.sig /group/ctbrowngrp/irber/data/wort-data/wort-sra/sigs/DRR174582.sig --scaled=1000 -k 21 -o ../results/compare_human/dmp/lreuteri.x.human.dump
        
        (one of the commands exited with non-zero exit code; note that snakemake uses bash strict mode!)

Select jobs to execute...

[Wed Jul 10 14:31:01 2024]
rule calc_hash_presence:
    input: ../results/microbial_pangenomic_test/ecoli.rankt.csv, /group/ctbrowngrp/irber/data/wort-data/wort-sra/sigs/DRR149264.sig, /group/ctbrowngrp/irber/data/wort-data/wort-sra/sigs/DRR149265.sig, /group/ctbrowngrp/irber/data/wort-data/wort-sra/sigs/DRR149266.sig, /group/ctbrowngrp/irber/data/wort-data/wort-sra/sigs/DRR149267.sig, /group/ctbrowngrp/irber/data/wort-data/wort-sra/sigs/DRR149268.sig, /group/ctbrowngrp/irber/data/wort-data/wort-sra/sigs/DRR149269.sig, /group/ctbrowngrp/irber/data/wort-data/wort-sra/sigs/DRR174579.sig, /group/ctbrowngrp/irber/data/wort-data/wort-sra/sigs/DRR174580.sig, /group/ctbrowngrp/irber/data/wort-data/wort-sra/sigs/DRR174581.sig, /group/ctbrowngrp/irber/data/wort-data/wort-sra/sigs/DRR174582.sig
    output: ../results/compare_human/dmp/ecoli.x.human.dump
    jobid: 13
    reason: Missing output files: ../results/compare_human/dmp/ecoli.x.human.dump
    wildcards: ident=ecoli
    resources: tmpdir=/tmp

Activating conda environment: branchwater
Terminating processes on user request, this might take some time.
[Wed Jul 10 14:31:02 2024]
Error in rule calc_hash_presence:
    jobid: 13
    input: ../results/microbial_pangenomic_test/ecoli.rankt.csv, /group/ctbrowngrp/irber/data/wort-data/wort-sra/sigs/DRR149264.sig, /group/ctbrowngrp/irber/data/wort-data/wort-sra/sigs/DRR149265.sig, /group/ctbrowngrp/irber/data/wort-data/wort-sra/sigs/DRR149266.sig, /group/ctbrowngrp/irber/data/wort-data/wort-sra/sigs/DRR149267.sig, /group/ctbrowngrp/irber/data/wort-data/wort-sra/sigs/DRR149268.sig, /group/ctbrowngrp/irber/data/wort-data/wort-sra/sigs/DRR149269.sig, /group/ctbrowngrp/irber/data/wort-data/wort-sra/sigs/DRR174579.sig, /group/ctbrowngrp/irber/data/wort-data/wort-sra/sigs/DRR174580.sig, /group/ctbrowngrp/irber/data/wort-data/wort-sra/sigs/DRR174581.sig, /group/ctbrowngrp/irber/data/wort-data/wort-sra/sigs/DRR174582.sig
    output: ../results/compare_human/dmp/ecoli.x.human.dump
    conda-env: branchwater
    shell:
         
        python scripts/calc-hash-presence.py         ../results/microbial_pangenomic_test/ecoli.rankt.csv /group/ctbrowngrp/irber/data/wort-data/wort-sra/sigs/DRR149264.sig /group/ctbrowngrp/irber/data/wort-data/wort-sra/sigs/DRR149265.sig /group/ctbrowngrp/irber/data/wort-data/wort-sra/sigs/DRR149266.sig /group/ctbrowngrp/irber/data/wort-data/wort-sra/sigs/DRR149267.sig /group/ctbrowngrp/irber/data/wort-data/wort-sra/sigs/DRR149268.sig /group/ctbrowngrp/irber/data/wort-data/wort-sra/sigs/DRR149269.sig /group/ctbrowngrp/irber/data/wort-data/wort-sra/sigs/DRR174579.sig /group/ctbrowngrp/irber/data/wort-data/wort-sra/sigs/DRR174580.sig /group/ctbrowngrp/irber/data/wort-data/wort-sra/sigs/DRR174581.sig /group/ctbrowngrp/irber/data/wort-data/wort-sra/sigs/DRR174582.sig --scaled=1000 -k 21 -o ../results/compare_human/dmp/ecoli.x.human.dump
        
        (one of the commands exited with non-zero exit code; note that snakemake uses bash strict mode!)

Complete log: .snakemake/log/2024-07-10T143054.678040.snakemake.log
