Building DAG of jobs...
Using shell: /usr/bin/bash
Provided cores: 1 (use --cores to define parallelism)
Rules claiming more threads will be scaled down.
Job stats:
job             count
------------  -------
all                 1
pang_sketch         6
pick_species        6
total              13

Select jobs to execute...
Execute 1 jobs...

[Fri Jul 19 11:53:03 2024]
localrule pick_species:
    output: ../results/pangenome/Dorea_formicigenerans.csv
    jobid: 10
    reason: Code has changed since last execution
    wildcards: species=Dorea_formicigenerans
    resources: tmpdir=/tmp

Activating conda environment: branchwater
[Fri Jul 19 11:53:21 2024]
Finished job 10.
1 of 13 steps (8%) done
Select jobs to execute...
Execute 1 jobs...

[Fri Jul 19 11:53:21 2024]
localrule pick_species:
    output: ../results/pangenome/Faecalibacterium_prausnitzii_E.csv
    jobid: 8
    reason: Code has changed since last execution
    wildcards: species=Faecalibacterium_prausnitzii_E
    resources: tmpdir=/tmp

Activating conda environment: branchwater
[Fri Jul 19 11:53:39 2024]
Finished job 8.
2 of 13 steps (15%) done
Select jobs to execute...
Execute 1 jobs...

[Fri Jul 19 11:53:39 2024]
localrule pang_sketch:
    input: ../results/pangenome/Dorea_formicigenerans.csv
    output: ../results/pangenome/Dorea_formicigenerans.zip, ../results/pangenome/Dorea_formicigenerans.pang.sig.gz
    jobid: 9
    reason: Missing output files: ../results/pangenome/Dorea_formicigenerans.pang.sig.gz; Input files updated by another job: ../results/pangenome/Dorea_formicigenerans.csv
    wildcards: species=Dorea_formicigenerans
    resources: tmpdir=/tmp

Activating conda environment: branchwater
[Fri Jul 19 11:53:55 2024]
Error in rule pang_sketch:
    jobid: 9
    input: ../results/pangenome/Dorea_formicigenerans.csv
    output: ../results/pangenome/Dorea_formicigenerans.zip, ../results/pangenome/Dorea_formicigenerans.pang.sig.gz
    conda-env: branchwater
    shell:
        
        sourmash sig cat --picklist ../results/pangenome/Dorea_formicigenerans.csv:ident:ident         /group/ctbrowngrp/sourmash-db/gtdb-rs214/gtdb-rs214-k21.zip -o ../results/pangenome/Dorea_formicigenerans.zip &&         sourmash scripts pangenome_merge         ../results/pangenome/Dorea_formicigenerans.zip -o ../results/pangenome/Dorea_formicigenerans.pang.sig.gz -k 21 
        
        (one of the commands exited with non-zero exit code; note that snakemake uses bash strict mode!)

Removing output files of failed job pang_sketch since they might be corrupted:
../results/pangenome/Dorea_formicigenerans.zip
Shutting down, this might take some time.
Exiting because a job execution failed. Look above for error message
Complete log: .snakemake/log/2024-07-19T115259.268595.snakemake.log
WorkflowError:
At least one job did not complete successfully.
