Building DAG of jobs...
Using shell: /usr/bin/bash
Provided cores: 1 (use --cores to define parallelism)
Rules claiming more threads will be scaled down.
Provided resources: mem_mb=20000
Job stats:
job                   count
------------------  -------
all                       1
calc_hash_presence        5
total                     6

Select jobs to execute...

[Wed Jul 10 14:39:33 2024]
rule calc_hash_presence:
    input: ../results/microbial_pangenomic_test/lreuteri.rankt.csv, input_files.txt
    output: ../results/compare_human/dmp/lreuteri.x.pig.dump
    jobid: 5
    reason: Missing output files: ../results/compare_human/dmp/lreuteri.x.pig.dump
    wildcards: ident=lreuteri
    resources: tmpdir=/tmp

Activating conda environment: branchwater
[Wed Jul 10 14:40:39 2024]
Finished job 5.
1 of 6 steps (17%) done
Select jobs to execute...

[Wed Jul 10 14:40:39 2024]
rule calc_hash_presence:
    input: ../results/microbial_pangenomic_test/ecoli.rankt.csv, input_files.txt
    output: ../results/compare_human/dmp/ecoli.x.pig.dump
    jobid: 13
    reason: Missing output files: ../results/compare_human/dmp/ecoli.x.pig.dump
    wildcards: ident=ecoli
    resources: tmpdir=/tmp

Activating conda environment: branchwater
[Wed Jul 10 14:41:43 2024]
Finished job 13.
2 of 6 steps (33%) done
Select jobs to execute...

[Wed Jul 10 14:41:43 2024]
rule calc_hash_presence:
    input: ../results/microbial_pangenomic_test/bariatricus.rankt.csv, input_files.txt
    output: ../results/compare_human/dmp/bariatricus.x.pig.dump
    jobid: 1
    reason: Missing output files: ../results/compare_human/dmp/bariatricus.x.pig.dump
    wildcards: ident=bariatricus
    resources: tmpdir=/tmp

Activating conda environment: branchwater
[Wed Jul 10 14:42:42 2024]
Finished job 1.
3 of 6 steps (50%) done
Select jobs to execute...

[Wed Jul 10 14:42:43 2024]
rule calc_hash_presence:
    input: ../results/microbial_pangenomic_test/lamylovorus.rankt.csv, input_files.txt
    output: ../results/compare_human/dmp/lamylovorus.x.pig.dump
    jobid: 9
    reason: Missing output files: ../results/compare_human/dmp/lamylovorus.x.pig.dump
    wildcards: ident=lamylovorus
    resources: tmpdir=/tmp

Activating conda environment: branchwater
[Wed Jul 10 14:43:45 2024]
Finished job 9.
4 of 6 steps (67%) done
Select jobs to execute...

[Wed Jul 10 14:43:45 2024]
rule calc_hash_presence:
    input: ../results/microbial_pangenomic_test/RUG472.rankt.csv, input_files.txt
    output: ../results/compare_human/dmp/RUG472.x.pig.dump
    jobid: 17
    reason: Missing output files: ../results/compare_human/dmp/RUG472.x.pig.dump
    wildcards: ident=RUG472
    resources: tmpdir=/tmp

Activating conda environment: branchwater
[Wed Jul 10 14:44:44 2024]
Finished job 17.
5 of 6 steps (83%) done
Select jobs to execute...

[Wed Jul 10 14:44:44 2024]
localrule all:
    input: ../results/compare_human/dmp/bariatricus.x.pig.dump, ../results/compare_human/dmp/lreuteri.x.pig.dump, ../results/compare_human/dmp/lamylovorus.x.pig.dump, ../results/compare_human/dmp/ecoli.x.pig.dump, ../results/compare_human/dmp/RUG472.x.pig.dump
    jobid: 0
    reason: Input files updated by another job: ../results/compare_human/dmp/lreuteri.x.pig.dump, ../results/compare_human/dmp/ecoli.x.pig.dump, ../results/compare_human/dmp/bariatricus.x.pig.dump, ../results/compare_human/dmp/lamylovorus.x.pig.dump, ../results/compare_human/dmp/RUG472.x.pig.dump
    resources: tmpdir=/tmp

[Wed Jul 10 14:44:44 2024]
Finished job 0.
6 of 6 steps (100%) done
Complete log: .snakemake/log/2024-07-10T143931.874743.snakemake.log
