Building DAG of jobs...
Using shell: /usr/bin/bash
Provided cores: 4
Rules claiming more threads will be scaled down.
Provided resources: mem_mb=20000
Job stats:
job          count
---------  -------
all              1
ranktable       10
total           11

Select jobs to execute...

[Wed Jul  3 15:26:22 2024]
rule ranktable:
    input: ../results/viral_pangenomic_test/Cluster_980.pang.sig.gz
    output: ../results/viral_pangenomic_test/Cluster_980.rankt.csv
    jobid: 5
    reason: Missing output files: ../results/viral_pangenomic_test/Cluster_980.rankt.csv
    wildcards: ident=Cluster_980
    resources: tmpdir=/tmp

Activating conda environment: branchwater

[Wed Jul  3 15:26:23 2024]
rule ranktable:
    input: ../results/viral_pangenomic_test/Cluster_5352.pang.sig.gz
    output: ../results/viral_pangenomic_test/Cluster_5352.rankt.csv
    jobid: 25
    reason: Missing output files: ../results/viral_pangenomic_test/Cluster_5352.rankt.csv
    wildcards: ident=Cluster_5352
    resources: tmpdir=/tmp

Activating conda environment: branchwater

[Wed Jul  3 15:26:23 2024]
rule ranktable:
    input: ../results/viral_pangenomic_test/Cluster_265.pang.sig.gz
    output: ../results/viral_pangenomic_test/Cluster_265.rankt.csv
    jobid: 29
    reason: Missing output files: ../results/viral_pangenomic_test/Cluster_265.rankt.csv
    wildcards: ident=Cluster_265
    resources: tmpdir=/tmp


[Wed Jul  3 15:26:23 2024]
rule ranktable:
    input: ../results/viral_pangenomic_test/Cluster_4249.pang.sig.gz
    output: ../results/viral_pangenomic_test/Cluster_4249.rankt.csv
    jobid: 9
    reason: Missing output files: ../results/viral_pangenomic_test/Cluster_4249.rankt.csv
    wildcards: ident=Cluster_4249
    resources: tmpdir=/tmp

Activating conda environment: branchwater
Activating conda environment: branchwater
[Wed Jul  3 15:26:35 2024]
Finished job 25.
1 of 11 steps (9%) done
Select jobs to execute...

[Wed Jul  3 15:26:35 2024]
rule ranktable:
    input: ../results/viral_pangenomic_test/Cluster_2.pang.sig.gz
    output: ../results/viral_pangenomic_test/Cluster_2.rankt.csv
    jobid: 21
    reason: Missing output files: ../results/viral_pangenomic_test/Cluster_2.rankt.csv
    wildcards: ident=Cluster_2
    resources: tmpdir=/tmp

Activating conda environment: branchwater
[Wed Jul  3 15:26:35 2024]
Finished job 5.
2 of 11 steps (18%) done
[Wed Jul  3 15:26:35 2024]
Finished job 29.
3 of 11 steps (27%) done
[Wed Jul  3 15:26:35 2024]
Finished job 9.
4 of 11 steps (36%) done
Select jobs to execute...

[Wed Jul  3 15:26:35 2024]
rule ranktable:
    input: ../results/viral_pangenomic_test/Cluster_1570.pang.sig.gz
    output: ../results/viral_pangenomic_test/Cluster_1570.rankt.csv
    jobid: 1
    reason: Missing output files: ../results/viral_pangenomic_test/Cluster_1570.rankt.csv
    wildcards: ident=Cluster_1570
    resources: tmpdir=/tmp

Activating conda environment: branchwater

[Wed Jul  3 15:26:35 2024]
rule ranktable:
    input: ../results/viral_pangenomic_test/Cluster_1919.pang.sig.gz
    output: ../results/viral_pangenomic_test/Cluster_1919.rankt.csv
    jobid: 13
    reason: Missing output files: ../results/viral_pangenomic_test/Cluster_1919.rankt.csv
    wildcards: ident=Cluster_1919
    resources: tmpdir=/tmp

Activating conda environment: branchwater

[Wed Jul  3 15:26:35 2024]
rule ranktable:
    input: ../results/viral_pangenomic_test/Cluster_325.pang.sig.gz
    output: ../results/viral_pangenomic_test/Cluster_325.rankt.csv
    jobid: 33
    reason: Missing output files: ../results/viral_pangenomic_test/Cluster_325.rankt.csv
    wildcards: ident=Cluster_325
    resources: tmpdir=/tmp

Select jobs to execute...
Activating conda environment: branchwater
[Wed Jul  3 15:26:43 2024]
Finished job 13.
5 of 11 steps (45%) done

[Wed Jul  3 15:26:43 2024]
rule ranktable:
    input: ../results/viral_pangenomic_test/Cluster_13353.pang.sig.gz
    output: ../results/viral_pangenomic_test/Cluster_13353.rankt.csv
    jobid: 37
    reason: Missing output files: ../results/viral_pangenomic_test/Cluster_13353.rankt.csv
    wildcards: ident=Cluster_13353
    resources: tmpdir=/tmp

Activating conda environment: branchwater
[Wed Jul  3 15:26:43 2024]
Finished job 1.
6 of 11 steps (55%) done
Select jobs to execute...

[Wed Jul  3 15:26:43 2024]
rule ranktable:
    input: ../results/viral_pangenomic_test/Cluster_29.pang.sig.gz
    output: ../results/viral_pangenomic_test/Cluster_29.rankt.csv
    jobid: 17
    reason: Missing output files: ../results/viral_pangenomic_test/Cluster_29.rankt.csv
    wildcards: ident=Cluster_29
    resources: tmpdir=/tmp

Activating conda environment: branchwater
[Wed Jul  3 15:26:43 2024]
Finished job 33.
7 of 11 steps (64%) done
[Wed Jul  3 15:26:45 2024]
Finished job 21.
8 of 11 steps (73%) done
[Wed Jul  3 15:26:48 2024]
Finished job 37.
9 of 11 steps (82%) done
[Wed Jul  3 15:26:50 2024]
Finished job 17.
10 of 11 steps (91%) done
Select jobs to execute...

[Wed Jul  3 15:26:50 2024]
localrule all:
    input: ../results/viral_pangenomic_test/Cluster_1570.rankt.csv, ../results/viral_pangenomic_test/Cluster_980.rankt.csv, ../results/viral_pangenomic_test/Cluster_4249.rankt.csv, ../results/viral_pangenomic_test/Cluster_1919.rankt.csv, ../results/viral_pangenomic_test/Cluster_29.rankt.csv, ../results/viral_pangenomic_test/Cluster_2.rankt.csv, ../results/viral_pangenomic_test/Cluster_5352.rankt.csv, ../results/viral_pangenomic_test/Cluster_265.rankt.csv, ../results/viral_pangenomic_test/Cluster_325.rankt.csv, ../results/viral_pangenomic_test/Cluster_13353.rankt.csv
    jobid: 0
    reason: Input files updated by another job: ../results/viral_pangenomic_test/Cluster_5352.rankt.csv, ../results/viral_pangenomic_test/Cluster_13353.rankt.csv, ../results/viral_pangenomic_test/Cluster_2.rankt.csv, ../results/viral_pangenomic_test/Cluster_265.rankt.csv, ../results/viral_pangenomic_test/Cluster_1570.rankt.csv, ../results/viral_pangenomic_test/Cluster_980.rankt.csv, ../results/viral_pangenomic_test/Cluster_29.rankt.csv, ../results/viral_pangenomic_test/Cluster_1919.rankt.csv, ../results/viral_pangenomic_test/Cluster_325.rankt.csv, ../results/viral_pangenomic_test/Cluster_4249.rankt.csv
    resources: tmpdir=/tmp

[Wed Jul  3 15:26:50 2024]
Finished job 0.
11 of 11 steps (100%) done
Complete log: .snakemake/log/2024-07-03T152620.691344.snakemake.log
