Building DAG of jobs...
Using shell: /usr/bin/bash
Provided cores: 24
Rules claiming more threads will be scaled down.
Provided resources: mem_mb=20000
Job stats:
job           count
----------  -------
all               1
fastgather       20
tax              20
total            41

Select jobs to execute...

[Tue Jul  9 14:33:12 2024]
rule fastgather:
    input: /group/ctbrowngrp/irber/data/wort-data/wort-sra/sigs/DRR174580.sig
    output: ../results/sourmash/fastgather/DRR174580.gtdb.csv
    jobid: 36
    reason: Missing output files: ../results/sourmash/fastgather/DRR174580.gtdb.csv
    wildcards: metag=DRR174580
    threads: 12
    resources: tmpdir=/tmp

Activating conda environment: branchwater

[Tue Jul  9 14:33:13 2024]
rule fastgather:
    input: /group/ctbrowngrp/irber/data/wort-data/wort-sra/sigs/DRR174582.sig
    output: ../results/sourmash/fastgather/DRR174582.gtdb.csv
    jobid: 40
    reason: Missing output files: ../results/sourmash/fastgather/DRR174582.gtdb.csv
    wildcards: metag=DRR174582
    threads: 12
    resources: tmpdir=/tmp

Activating conda environment: branchwater
[Tue Jul  9 14:38:58 2024]
Finished job 40.
1 of 41 steps (2%) done
Select jobs to execute...

[Tue Jul  9 14:38:58 2024]
rule fastgather:
    input: /group/ctbrowngrp/irber/data/wort-data/wort-sra/sigs/DRR149268.sig
    output: ../results/sourmash/fastgather/DRR149268.gtdb.csv
    jobid: 30
    reason: Missing output files: ../results/sourmash/fastgather/DRR149268.gtdb.csv
    wildcards: metag=DRR149268
    threads: 12
    resources: tmpdir=/tmp

Activating conda environment: branchwater
[Tue Jul  9 14:39:14 2024]
Finished job 36.
2 of 41 steps (5%) done
Select jobs to execute...

[Tue Jul  9 14:39:14 2024]
rule fastgather:
    input: /group/ctbrowngrp/irber/data/wort-data/wort-sra/sigs/SRR8960326.sig
    output: ../results/sourmash/fastgather/SRR8960326.gtdb.csv
    jobid: 8
    reason: Missing output files: ../results/sourmash/fastgather/SRR8960326.gtdb.csv
    wildcards: metag=SRR8960326
    threads: 12
    resources: tmpdir=/tmp

Activating conda environment: branchwater
[Tue Jul  9 14:46:03 2024]
Finished job 30.
3 of 41 steps (7%) done
Select jobs to execute...

[Tue Jul  9 14:46:03 2024]
rule fastgather:
    input: /group/ctbrowngrp/irber/data/wort-data/wort-sra/sigs/SRR8960980.sig
    output: ../results/sourmash/fastgather/SRR8960980.gtdb.csv
    jobid: 2
    reason: Missing output files: ../results/sourmash/fastgather/SRR8960980.gtdb.csv
    wildcards: metag=SRR8960980
    threads: 12
    resources: tmpdir=/tmp

Activating conda environment: branchwater
[Tue Jul  9 14:52:24 2024]
Finished job 2.
4 of 41 steps (10%) done
Select jobs to execute...

[Tue Jul  9 14:52:24 2024]
rule fastgather:
    input: /group/ctbrowngrp/irber/data/wort-data/wort-sra/sigs/SRR8960440.sig
    output: ../results/sourmash/fastgather/SRR8960440.gtdb.csv
    jobid: 4
    reason: Missing output files: ../results/sourmash/fastgather/SRR8960440.gtdb.csv
    wildcards: metag=SRR8960440
    threads: 12
    resources: tmpdir=/tmp

Activating conda environment: branchwater
[Tue Jul  9 14:55:59 2024]
Finished job 8.
5 of 41 steps (12%) done
Select jobs to execute...

[Tue Jul  9 14:55:59 2024]
rule fastgather:
    input: /group/ctbrowngrp/irber/data/wort-data/wort-sra/sigs/DRR149264.sig
    output: ../results/sourmash/fastgather/DRR149264.gtdb.csv
    jobid: 22
    reason: Missing output files: ../results/sourmash/fastgather/DRR149264.gtdb.csv
    wildcards: metag=DRR149264
    threads: 12
    resources: tmpdir=/tmp

Activating conda environment: branchwater
[Tue Jul  9 15:03:23 2024]
Finished job 22.
6 of 41 steps (15%) done
Select jobs to execute...

[Tue Jul  9 15:03:23 2024]
rule fastgather:
    input: /group/ctbrowngrp/irber/data/wort-data/wort-sra/sigs/DRR174579.sig
    output: ../results/sourmash/fastgather/DRR174579.gtdb.csv
    jobid: 34
    reason: Missing output files: ../results/sourmash/fastgather/DRR174579.gtdb.csv
    wildcards: metag=DRR174579
    threads: 12
    resources: tmpdir=/tmp

Activating conda environment: branchwater
[Tue Jul  9 15:06:18 2024]
Finished job 4.
7 of 41 steps (17%) done
Select jobs to execute...

[Tue Jul  9 15:06:18 2024]
rule fastgather:
    input: /group/ctbrowngrp/irber/data/wort-data/wort-sra/sigs/SRR8960200.sig
    output: ../results/sourmash/fastgather/SRR8960200.gtdb.csv
    jobid: 18
    reason: Missing output files: ../results/sourmash/fastgather/SRR8960200.gtdb.csv
    wildcards: metag=SRR8960200
    threads: 12
    resources: tmpdir=/tmp

Activating conda environment: branchwater
